<?xml version="1.0" encoding="UTF-8"?>
<coverage generated="1464111422855" clover="3.2.0">
  <project timestamp="1464111422855" name="All files">
    <metrics statements="4585" coveredstatements="2618" conditionals="3141" coveredconditionals="1417" methods="1202" coveredmethods="729" elements="8928" coveredelements="4764" complexity="0" loc="4585" ncloc="4585" packages="6" files="35" classes="35">
      <package name="src">
        <metrics statements="2481" coveredstatements="1340" conditionals="1626" coveredconditionals="682" methods="573" coveredmethods="326"/>
        <file name="acl.js" path="/Users/Thomas/Documents/Kinvey/Development/SDKs/JavaScript/Core/SDK/src/acl.js">
          <metrics statements="81" coveredstatements="18" conditionals="78" coveredconditionals="16" methods="25" coveredmethods="7"/>
          <line num="3" count="1" type="stmt"/>
          <line num="6" count="1" type="stmt"/>
          <line num="8" count="18" type="cond" truecount="6" falsecount="2"/>
          <line num="10" count="1" type="stmt"/>
          <line num="12" count="1" type="stmt"/>
          <line num="14" count="1" type="stmt"/>
          <line num="16" count="1" type="stmt"/>
          <line num="18" count="1" type="stmt"/>
          <line num="20" count="2" type="cond" truecount="3" falsecount="1"/>
          <line num="22" count="2" type="cond" truecount="1" falsecount="1"/>
          <line num="24" count="1" type="cond" truecount="2" falsecount="0"/>
          <line num="34" count="1" type="stmt"/>
          <line num="36" count="2" type="cond" truecount="3" falsecount="1"/>
          <line num="38" count="2" type="stmt"/>
          <line num="40" count="2" type="cond" truecount="1" falsecount="1"/>
          <line num="41" count="0" type="stmt"/>
          <line num="50" count="2" type="stmt"/>
          <line num="53" count="1" type="stmt"/>
          <line num="56" count="0" type="cond" truecount="0" falsecount="2"/>
          <line num="58" count="0" type="cond" truecount="0" falsecount="2"/>
          <line num="59" count="0" type="stmt"/>
          <line num="62" count="0" type="stmt"/>
          <line num="63" count="0" type="stmt"/>
          <line num="68" count="0" type="cond" truecount="0" falsecount="2"/>
          <line num="69" count="0" type="cond" truecount="0" falsecount="2"/>
          <line num="71" count="0" type="cond" truecount="0" falsecount="2"/>
          <line num="72" count="0" type="stmt"/>
          <line num="75" count="0" type="stmt"/>
          <line num="76" count="0" type="stmt"/>
          <line num="77" count="0" type="stmt"/>
          <line num="82" count="0" type="cond" truecount="0" falsecount="2"/>
          <line num="84" count="0" type="cond" truecount="0" falsecount="2"/>
          <line num="85" count="0" type="stmt"/>
          <line num="88" count="0" type="stmt"/>
          <line num="89" count="0" type="stmt"/>
          <line num="94" count="0" type="cond" truecount="0" falsecount="2"/>
          <line num="95" count="0" type="cond" truecount="0" falsecount="2"/>
          <line num="97" count="0" type="cond" truecount="0" falsecount="2"/>
          <line num="98" count="0" type="stmt"/>
          <line num="101" count="0" type="stmt"/>
          <line num="102" count="0" type="stmt"/>
          <line num="103" count="0" type="stmt"/>
          <line num="108" count="0" type="cond" truecount="0" falsecount="2"/>
          <line num="113" count="0" type="cond" truecount="0" falsecount="2"/>
          <line num="118" count="0" type="cond" truecount="0" falsecount="2"/>
          <line num="119" count="0" type="stmt"/>
          <line num="121" count="0" type="cond" truecount="0" falsecount="2"/>
          <line num="122" count="0" type="stmt"/>
          <line num="125" count="0" type="stmt"/>
          <line num="126" count="0" type="stmt"/>
          <line num="131" count="0" type="cond" truecount="0" falsecount="2"/>
          <line num="132" count="0" type="cond" truecount="0" falsecount="2"/>
          <line num="133" count="0" type="stmt"/>
          <line num="135" count="0" type="cond" truecount="0" falsecount="2"/>
          <line num="136" count="0" type="stmt"/>
          <line num="139" count="0" type="stmt"/>
          <line num="140" count="0" type="stmt"/>
          <line num="141" count="0" type="stmt"/>
          <line num="146" count="0" type="cond" truecount="0" falsecount="2"/>
          <line num="147" count="0" type="stmt"/>
          <line num="149" count="0" type="cond" truecount="0" falsecount="2"/>
          <line num="150" count="0" type="stmt"/>
          <line num="153" count="0" type="stmt"/>
          <line num="154" count="0" type="stmt"/>
          <line num="159" count="0" type="cond" truecount="0" falsecount="2"/>
          <line num="160" count="0" type="cond" truecount="0" falsecount="2"/>
          <line num="161" count="0" type="stmt"/>
          <line num="163" count="0" type="cond" truecount="0" falsecount="2"/>
          <line num="164" count="0" type="stmt"/>
          <line num="167" count="0" type="stmt"/>
          <line num="168" count="0" type="stmt"/>
          <line num="169" count="0" type="stmt"/>
          <line num="174" count="0" type="stmt"/>
          <line num="179" count="0" type="stmt"/>
          <line num="184" count="0" type="cond" truecount="0" falsecount="2"/>
          <line num="189" count="0" type="cond" truecount="0" falsecount="2"/>
          <line num="194" count="0" type="cond" truecount="0" falsecount="2"/>
          <line num="199" count="0" type="cond" truecount="0" falsecount="2"/>
          <line num="204" count="0" type="cond" truecount="0" falsecount="2"/>
          <line num="209" count="0" type="cond" truecount="0" falsecount="2"/>
          <line num="213" count="1" type="stmt"/>
        </file>
        <file name="aggregation.js" path="/Users/Thomas/Documents/Kinvey/Development/SDKs/JavaScript/Core/SDK/src/aggregation.js">
          <metrics statements="108" coveredstatements="21" conditionals="58" coveredconditionals="9" methods="31" coveredmethods="5"/>
          <line num="3" count="1" type="stmt"/>
          <line num="6" count="1" type="stmt"/>
          <line num="8" count="11" type="cond" truecount="6" falsecount="2"/>
          <line num="10" count="1" type="stmt"/>
          <line num="12" count="1" type="stmt"/>
          <line num="14" count="1" type="stmt"/>
          <line num="16" count="1" type="stmt"/>
          <line num="18" count="1" type="stmt"/>
          <line num="20" count="1" type="stmt"/>
          <line num="22" count="1" type="stmt"/>
          <line num="24" count="1" type="stmt"/>
          <line num="26" count="1" type="stmt"/>
          <line num="28" count="1" type="stmt"/>
          <line num="30" count="1" type="stmt"/>
          <line num="32" count="1" type="stmt"/>
          <line num="34" count="1" type="stmt"/>
          <line num="36" count="1" type="stmt"/>
          <line num="38" count="6" type="cond" truecount="3" falsecount="1"/>
          <line num="40" count="0" type="cond" truecount="0" falsecount="2"/>
          <line num="42" count="1" type="stmt"/>
          <line num="44" count="0" type="stmt"/>
          <line num="46" count="0" type="stmt"/>
          <line num="53" count="0" type="stmt"/>
          <line num="54" count="0" type="stmt"/>
          <line num="55" count="0" type="stmt"/>
          <line num="56" count="0" type="stmt"/>
          <line num="59" count="1" type="stmt"/>
          <line num="62" count="0" type="stmt"/>
          <line num="63" count="0" type="stmt"/>
          <line num="68" count="0" type="cond" truecount="0" falsecount="4"/>
          <line num="70" count="0" type="stmt"/>
          <line num="71" count="0" type="stmt"/>
          <line num="72" count="0" type="stmt"/>
          <line num="73" count="0" type="stmt"/>
          <line num="74" count="0" type="stmt"/>
          <line num="76" count="0" type="cond" truecount="0" falsecount="2"/>
          <line num="77" count="0" type="stmt"/>
          <line num="80" count="0" type="stmt"/>
          <line num="81" count="0" type="stmt"/>
          <line num="82" count="0" type="stmt"/>
          <line num="84" count="0" type="stmt"/>
          <line num="85" count="0" type="stmt"/>
          <line num="88" count="0" type="stmt"/>
          <line num="89" count="0" type="cond" truecount="0" falsecount="2"/>
          <line num="90" count="0" type="stmt"/>
          <line num="91" count="0" type="stmt"/>
          <line num="93" count="0" type="stmt"/>
          <line num="94" count="0" type="stmt"/>
          <line num="98" count="0" type="stmt"/>
          <line num="101" count="0" type="stmt"/>
          <line num="102" count="0" type="stmt"/>
          <line num="103" count="0" type="stmt"/>
          <line num="106" count="0" type="stmt"/>
          <line num="111" count="0" type="stmt"/>
          <line num="119" count="0" type="stmt"/>
          <line num="124" count="0" type="stmt"/>
          <line num="127" count="0" type="cond" truecount="0" falsecount="2"/>
          <line num="128" count="0" type="stmt"/>
          <line num="131" count="0" type="stmt"/>
          <line num="136" count="0" type="stmt"/>
          <line num="139" count="0" type="cond" truecount="0" falsecount="4"/>
          <line num="140" count="0" type="stmt"/>
          <line num="143" count="0" type="stmt"/>
          <line num="148" count="0" type="stmt"/>
          <line num="151" count="0" type="cond" truecount="0" falsecount="2"/>
          <line num="152" count="0" type="stmt"/>
          <line num="155" count="0" type="cond" truecount="0" falsecount="2"/>
          <line num="156" count="0" type="stmt"/>
          <line num="159" count="0" type="stmt"/>
          <line num="164" count="0" type="cond" truecount="0" falsecount="4"/>
          <line num="166" count="0" type="stmt"/>
          <line num="168" count="0" type="cond" truecount="0" falsecount="2"/>
          <line num="169" count="0" type="stmt"/>
          <line num="172" count="0" type="stmt"/>
          <line num="173" count="0" type="stmt"/>
          <line num="174" count="0" type="stmt"/>
          <line num="175" count="0" type="stmt"/>
          <line num="177" count="0" type="stmt"/>
          <line num="182" count="0" type="cond" truecount="0" falsecount="4"/>
          <line num="184" count="0" type="stmt"/>
          <line num="186" count="0" type="stmt"/>
          <line num="187" count="0" type="stmt"/>
          <line num="188" count="0" type="stmt"/>
          <line num="189" count="0" type="stmt"/>
          <line num="191" count="0" type="stmt"/>
          <line num="196" count="0" type="cond" truecount="0" falsecount="4"/>
          <line num="198" count="0" type="stmt"/>
          <line num="200" count="0" type="stmt"/>
          <line num="201" count="0" type="stmt"/>
          <line num="202" count="0" type="stmt"/>
          <line num="203" count="0" type="stmt"/>
          <line num="205" count="0" type="stmt"/>
          <line num="210" count="0" type="cond" truecount="0" falsecount="4"/>
          <line num="212" count="0" type="stmt"/>
          <line num="214" count="0" type="stmt"/>
          <line num="215" count="0" type="stmt"/>
          <line num="216" count="0" type="stmt"/>
          <line num="217" count="0" type="stmt"/>
          <line num="219" count="0" type="stmt"/>
          <line num="224" count="0" type="cond" truecount="0" falsecount="4"/>
          <line num="226" count="0" type="stmt"/>
          <line num="228" count="0" type="stmt"/>
          <line num="229" count="0" type="stmt"/>
          <line num="230" count="0" type="stmt"/>
          <line num="231" count="0" type="stmt"/>
          <line num="232" count="0" type="stmt"/>
          <line num="234" count="0" type="stmt"/>
          <line num="238" count="1" type="stmt"/>
        </file>
        <file name="client.js" path="/Users/Thomas/Documents/Kinvey/Development/SDKs/JavaScript/Core/SDK/src/client.js">
          <metrics statements="46" coveredstatements="41" conditionals="32" coveredconditionals="22" methods="15" coveredmethods="14"/>
          <line num="3" count="1" type="stmt"/>
          <line num="7" count="7" type="cond" truecount="6" falsecount="2"/>
          <line num="9" count="1" type="stmt"/>
          <line num="11" count="1" type="stmt"/>
          <line num="13" count="1" type="stmt"/>
          <line num="15" count="1" type="stmt"/>
          <line num="17" count="1" type="stmt"/>
          <line num="19" count="1" type="stmt"/>
          <line num="21" count="1" type="stmt"/>
          <line num="23" count="1" type="stmt"/>
          <line num="25" count="3" type="cond" truecount="3" falsecount="1"/>
          <line num="27" count="4" type="cond" truecount="1" falsecount="1"/>
          <line num="29" count="1" type="stmt"/>
          <line num="42" count="1" type="stmt"/>
          <line num="60" count="4" type="cond" truecount="3" falsecount="1"/>
          <line num="62" count="4" type="stmt"/>
          <line num="64" count="4" type="stmt"/>
          <line num="69" count="4" type="cond" truecount="2" falsecount="2"/>
          <line num="70" count="0" type="stmt"/>
          <line num="71" count="0" type="stmt"/>
          <line num="72" count="0" type="stmt"/>
          <line num="78" count="4" type="stmt"/>
          <line num="83" count="4" type="stmt"/>
          <line num="88" count="4" type="cond" truecount="1" falsecount="1"/>
          <line num="93" count="4" type="stmt"/>
          <line num="98" count="4" type="stmt"/>
          <line num="103" count="4" type="stmt"/>
          <line num="108" count="4" type="stmt"/>
          <line num="111" count="1" type="stmt"/>
          <line num="121" count="1" type="stmt"/>
          <line num="131" count="1" type="stmt"/>
          <line num="161" count="180" type="stmt"/>
          <line num="169" count="655" type="stmt"/>
          <line num="174" count="0" type="stmt"/>
          <line num="179" count="454" type="stmt"/>
          <line num="182" count="4" type="cond" truecount="1" falsecount="1"/>
          <line num="183" count="4" type="stmt"/>
          <line num="186" count="4" type="stmt"/>
          <line num="191" count="3" type="stmt"/>
          <line num="192" count="3" type="stmt"/>
          <line num="193" count="3" type="stmt"/>
          <line num="207" count="963" type="cond" truecount="1" falsecount="1"/>
          <line num="208" count="0" type="stmt"/>
          <line num="211" count="963" type="stmt"/>
          <line num="215" count="1" type="stmt"/>
          <line num="218" count="1" type="stmt"/>
        </file>
        <file name="datastore.js" path="/Users/Thomas/Documents/Kinvey/Development/SDKs/JavaScript/Core/SDK/src/datastore.js">
          <metrics statements="753" coveredstatements="446" conditionals="398" coveredconditionals="201" methods="101" coveredmethods="73"/>
          <line num="3" count="1" type="stmt"/>
          <line num="6" count="1" type="stmt"/>
          <line num="8" count="24" type="cond" truecount="6" falsecount="2"/>
          <line num="12" count="1" type="stmt"/>
          <line num="14" count="1" type="stmt"/>
          <line num="16" count="1" type="stmt"/>
          <line num="18" count="1" type="stmt"/>
          <line num="20" count="1" type="stmt"/>
          <line num="22" count="1" type="stmt"/>
          <line num="24" count="1" type="stmt"/>
          <line num="26" count="1" type="stmt"/>
          <line num="28" count="1" type="stmt"/>
          <line num="30" count="1" type="stmt"/>
          <line num="32" count="1" type="stmt"/>
          <line num="34" count="1" type="stmt"/>
          <line num="36" count="1" type="stmt"/>
          <line num="38" count="1" type="stmt"/>
          <line num="40" count="1" type="stmt"/>
          <line num="42" count="1" type="stmt"/>
          <line num="44" count="1" type="stmt"/>
          <line num="46" count="1" type="stmt"/>
          <line num="48" count="1" type="stmt"/>
          <line num="50" count="1" type="stmt"/>
          <line num="52" count="1" type="stmt"/>
          <line num="54" count="1" type="stmt"/>
          <line num="56" count="1" type="stmt"/>
          <line num="58" count="1" type="stmt"/>
          <line num="60" count="1" type="stmt"/>
          <line num="62" count="1" type="stmt"/>
          <line num="64" count="1" type="stmt"/>
          <line num="66" count="1" type="stmt"/>
          <line num="68" count="1" type="stmt"/>
          <line num="70" count="1" type="stmt"/>
          <line num="72" count="1" type="stmt"/>
          <line num="74" count="1" type="stmt"/>
          <line num="76" count="1" type="stmt"/>
          <line num="78" count="13" type="cond" truecount="4" falsecount="0"/>
          <line num="80" count="444" type="cond" truecount="2" falsecount="0"/>
          <line num="82" count="68" type="cond" truecount="1" falsecount="1"/>
          <line num="84" count="1" type="cond" truecount="2" falsecount="0"/>
          <line num="85" count="1" type="cond" truecount="2" falsecount="0"/>
          <line num="86" count="1" type="stmt"/>
          <line num="87" count="1" type="stmt"/>
          <line num="92" count="1" type="stmt"/>
          <line num="97" count="1" type="stmt"/>
          <line num="98" count="1" type="stmt"/>
          <line num="104" count="1" type="stmt"/>
          <line num="106" count="68" type="stmt"/>
          <line num="108" count="68" type="cond" truecount="4" falsecount="0"/>
          <line num="109" count="1" type="stmt"/>
          <line num="115" count="67" type="stmt"/>
          <line num="120" count="67" type="stmt"/>
          <line num="125" count="67" type="stmt"/>
          <line num="131" count="67" type="stmt"/>
          <line num="136" count="67" type="stmt"/>
          <line num="137" count="67" type="stmt"/>
          <line num="141" count="67" type="stmt"/>
          <line num="142" count="67" type="stmt"/>
          <line num="152" count="1" type="stmt"/>
          <line num="162" count="7" type="cond" truecount="2" falsecount="0"/>
          <line num="163" count="1" type="stmt"/>
          <line num="166" count="6" type="stmt"/>
          <line num="167" count="6" type="stmt"/>
          <line num="179" count="72" type="stmt"/>
          <line num="180" count="72" type="stmt"/>
          <line num="192" count="136" type="stmt"/>
          <line num="204" count="9" type="cond" truecount="2" falsecount="0"/>
          <line num="205" count="1" type="stmt"/>
          <line num="208" count="8" type="stmt"/>
          <line num="209" count="8" type="stmt"/>
          <line num="221" count="72" type="stmt"/>
          <line num="222" count="72" type="stmt"/>
          <line num="234" count="94" type="stmt"/>
          <line num="256" count="2" type="stmt"/>
          <line num="258" count="2" type="cond" truecount="2" falsecount="2"/>
          <line num="260" count="2" type="stmt"/>
          <line num="261" count="2" type="stmt"/>
          <line num="264" count="2" type="stmt"/>
          <line num="265" count="9" type="stmt"/>
          <line num="266" count="14" type="cond" truecount="14" falsecount="5"/>
          <line num="268" count="2" type="stmt"/>
          <line num="269" count="2" type="stmt"/>
          <line num="273" count="2" type="cond" truecount="4" falsecount="0"/>
          <line num="274" count="1" type="stmt"/>
          <line num="275" count="1" type="stmt"/>
          <line num="278" count="1" type="stmt"/>
          <line num="281" count="1" type="stmt"/>
          <line num="283" count="1" type="cond" truecount="1" falsecount="1"/>
          <line num="284" count="0" type="stmt"/>
          <line num="285" count="0" type="stmt"/>
          <line num="288" count="1" type="cond" truecount="1" falsecount="1"/>
          <line num="289" count="0" type="stmt"/>
          <line num="290" count="0" type="stmt"/>
          <line num="293" count="1" type="stmt"/>
          <line num="294" count="1" type="stmt"/>
          <line num="297" count="1" type="stmt"/>
          <line num="299" count="1" type="cond" truecount="1" falsecount="1"/>
          <line num="300" count="1" type="stmt"/>
          <line num="301" count="1" type="stmt"/>
          <line num="304" count="0" type="stmt"/>
          <line num="305" count="0" type="stmt"/>
          <line num="308" count="0" type="stmt"/>
          <line num="309" count="0" type="stmt"/>
          <line num="312" count="0" type="stmt"/>
          <line num="315" count="1" type="cond" truecount="1" falsecount="1"/>
          <line num="316" count="1" type="stmt"/>
          <line num="317" count="1" type="stmt"/>
          <line num="320" count="0" type="stmt"/>
          <line num="323" count="1" type="stmt"/>
          <line num="335" count="1" type="stmt"/>
          <line num="336" count="1" type="stmt"/>
          <line num="337" count="1" type="stmt"/>
          <line num="340" count="1" type="stmt"/>
          <line num="342" count="1" type="stmt"/>
          <line num="343" count="1" type="stmt"/>
          <line num="346" count="1" type="stmt"/>
          <line num="347" count="1" type="stmt"/>
          <line num="350" count="0" type="stmt"/>
          <line num="351" count="0" type="stmt"/>
          <line num="353" count="0" type="stmt"/>
          <line num="356" count="1" type="stmt"/>
          <line num="358" count="1" type="cond" truecount="1" falsecount="1"/>
          <line num="359" count="0" type="stmt"/>
          <line num="360" count="0" type="stmt"/>
          <line num="363" count="1" type="cond" truecount="2" falsecount="0"/>
          <line num="364" count="1" type="stmt"/>
          <line num="378" count="1" type="stmt"/>
          <line num="382" count="1" type="cond" truecount="1" falsecount="1"/>
          <line num="383" count="0" type="stmt"/>
          <line num="386" count="1" type="stmt"/>
          <line num="387" count="1" type="stmt"/>
          <line num="390" count="1" type="stmt"/>
          <line num="392" count="1" type="stmt"/>
          <line num="394" count="1" type="cond" truecount="1" falsecount="1"/>
          <line num="395" count="0" type="stmt"/>
          <line num="396" count="0" type="stmt"/>
          <line num="401" count="1" type="stmt"/>
          <line num="402" count="1" type="stmt"/>
          <line num="403" count="1" type="stmt"/>
          <line num="404" count="1" type="stmt"/>
          <line num="416" count="1" type="stmt"/>
          <line num="417" count="1" type="stmt"/>
          <line num="418" count="1" type="stmt"/>
          <line num="421" count="1" type="stmt"/>
          <line num="422" count="1" type="stmt"/>
          <line num="426" count="1" type="stmt"/>
          <line num="429" count="1" type="stmt"/>
          <line num="430" count="1" type="stmt"/>
          <line num="433" count="0" type="stmt"/>
          <line num="434" count="0" type="stmt"/>
          <line num="435" count="0" type="stmt"/>
          <line num="438" count="1" type="stmt"/>
          <line num="442" count="2" type="stmt"/>
          <line num="448" count="2" type="stmt"/>
          <line num="449" count="2" type="stmt"/>
          <line num="453" count="2" type="stmt"/>
          <line num="458" count="0" type="stmt"/>
          <line num="460" count="0" type="cond" truecount="0" falsecount="4"/>
          <line num="462" count="0" type="stmt"/>
          <line num="463" count="0" type="stmt"/>
          <line num="466" count="0" type="stmt"/>
          <line num="467" count="0" type="stmt"/>
          <line num="468" count="0" type="cond" truecount="0" falsecount="18"/>
          <line num="470" count="0" type="cond" truecount="0" falsecount="2"/>
          <line num="471" count="0" type="stmt"/>
          <line num="472" count="0" type="stmt"/>
          <line num="475" count="0" type="stmt"/>
          <line num="476" count="0" type="stmt"/>
          <line num="477" count="0" type="stmt"/>
          <line num="480" count="0" type="stmt"/>
          <line num="482" count="0" type="cond" truecount="0" falsecount="2"/>
          <line num="483" count="0" type="stmt"/>
          <line num="484" count="0" type="stmt"/>
          <line num="487" count="0" type="cond" truecount="0" falsecount="2"/>
          <line num="488" count="0" type="stmt"/>
          <line num="489" count="0" type="stmt"/>
          <line num="492" count="0" type="stmt"/>
          <line num="493" count="0" type="stmt"/>
          <line num="496" count="0" type="stmt"/>
          <line num="498" count="0" type="cond" truecount="0" falsecount="2"/>
          <line num="499" count="0" type="stmt"/>
          <line num="500" count="0" type="stmt"/>
          <line num="503" count="0" type="stmt"/>
          <line num="504" count="0" type="stmt"/>
          <line num="507" count="0" type="stmt"/>
          <line num="508" count="0" type="stmt"/>
          <line num="511" count="0" type="stmt"/>
          <line num="514" count="0" type="cond" truecount="0" falsecount="2"/>
          <line num="515" count="0" type="stmt"/>
          <line num="516" count="0" type="stmt"/>
          <line num="519" count="0" type="stmt"/>
          <line num="522" count="0" type="stmt"/>
          <line num="533" count="0" type="stmt"/>
          <line num="534" count="0" type="stmt"/>
          <line num="535" count="0" type="stmt"/>
          <line num="538" count="0" type="stmt"/>
          <line num="540" count="0" type="stmt"/>
          <line num="543" count="0" type="stmt"/>
          <line num="544" count="0" type="stmt"/>
          <line num="547" count="0" type="stmt"/>
          <line num="548" count="0" type="stmt"/>
          <line num="550" count="0" type="stmt"/>
          <line num="553" count="0" type="stmt"/>
          <line num="555" count="0" type="cond" truecount="0" falsecount="2"/>
          <line num="556" count="0" type="stmt"/>
          <line num="557" count="0" type="stmt"/>
          <line num="560" count="0" type="cond" truecount="0" falsecount="2"/>
          <line num="561" count="0" type="stmt"/>
          <line num="574" count="0" type="stmt"/>
          <line num="577" count="0" type="cond" truecount="0" falsecount="2"/>
          <line num="578" count="0" type="stmt"/>
          <line num="581" count="0" type="stmt"/>
          <line num="582" count="0" type="stmt"/>
          <line num="585" count="0" type="stmt"/>
          <line num="586" count="0" type="stmt"/>
          <line num="588" count="0" type="stmt"/>
          <line num="589" count="0" type="stmt"/>
          <line num="590" count="0" type="stmt"/>
          <line num="593" count="0" type="stmt"/>
          <line num="594" count="0" type="stmt"/>
          <line num="597" count="0" type="stmt"/>
          <line num="598" count="0" type="stmt"/>
          <line num="600" count="0" type="cond" truecount="0" falsecount="2"/>
          <line num="601" count="0" type="stmt"/>
          <line num="602" count="0" type="stmt"/>
          <line num="605" count="0" type="stmt"/>
          <line num="617" count="0" type="stmt"/>
          <line num="618" count="0" type="stmt"/>
          <line num="619" count="0" type="stmt"/>
          <line num="622" count="0" type="stmt"/>
          <line num="625" count="0" type="stmt"/>
          <line num="629" count="0" type="stmt"/>
          <line num="635" count="0" type="stmt"/>
          <line num="636" count="0" type="stmt"/>
          <line num="640" count="0" type="stmt"/>
          <line num="645" count="32" type="stmt"/>
          <line num="647" count="32" type="cond" truecount="2" falsecount="2"/>
          <line num="649" count="32" type="stmt"/>
          <line num="650" count="32" type="stmt"/>
          <line num="653" count="32" type="stmt"/>
          <line num="654" count="160" type="stmt"/>
          <line num="655" count="320" type="cond" truecount="12" falsecount="5"/>
          <line num="657" count="32" type="cond" truecount="2" falsecount="2"/>
          <line num="658" count="32" type="stmt"/>
          <line num="659" count="32" type="stmt"/>
          <line num="662" count="0" type="stmt"/>
          <line num="665" count="32" type="stmt"/>
          <line num="667" count="32" type="cond" truecount="1" falsecount="1"/>
          <line num="668" count="0" type="stmt"/>
          <line num="669" count="0" type="stmt"/>
          <line num="672" count="32" type="cond" truecount="1" falsecount="1"/>
          <line num="673" count="0" type="stmt"/>
          <line num="674" count="0" type="stmt"/>
          <line num="677" count="32" type="stmt"/>
          <line num="678" count="32" type="stmt"/>
          <line num="681" count="32" type="stmt"/>
          <line num="683" count="32" type="cond" truecount="1" falsecount="1"/>
          <line num="684" count="32" type="stmt"/>
          <line num="685" count="32" type="stmt"/>
          <line num="688" count="0" type="stmt"/>
          <line num="689" count="0" type="stmt"/>
          <line num="692" count="0" type="stmt"/>
          <line num="693" count="0" type="stmt"/>
          <line num="696" count="0" type="stmt"/>
          <line num="699" count="32" type="cond" truecount="1" falsecount="1"/>
          <line num="700" count="32" type="stmt"/>
          <line num="701" count="32" type="stmt"/>
          <line num="704" count="0" type="stmt"/>
          <line num="707" count="32" type="stmt"/>
          <line num="719" count="32" type="stmt"/>
          <line num="720" count="32" type="stmt"/>
          <line num="721" count="32" type="stmt"/>
          <line num="724" count="32" type="stmt"/>
          <line num="725" count="32" type="stmt"/>
          <line num="727" count="32" type="cond" truecount="1" falsecount="1"/>
          <line num="730" count="32" type="stmt"/>
          <line num="731" count="32" type="stmt"/>
          <line num="734" count="0" type="stmt"/>
          <line num="735" count="0" type="stmt"/>
          <line num="737" count="0" type="stmt"/>
          <line num="740" count="32" type="stmt"/>
          <line num="742" count="32" type="cond" truecount="1" falsecount="1"/>
          <line num="743" count="0" type="stmt"/>
          <line num="744" count="0" type="stmt"/>
          <line num="747" count="32" type="stmt"/>
          <line num="761" count="32" type="stmt"/>
          <line num="762" count="32" type="stmt"/>
          <line num="763" count="32" type="stmt"/>
          <line num="766" count="32" type="stmt"/>
          <line num="767" count="32" type="stmt"/>
          <line num="769" count="32" type="cond" truecount="1" falsecount="1"/>
          <line num="772" count="32" type="stmt"/>
          <line num="773" count="32" type="stmt"/>
          <line num="776" count="0" type="stmt"/>
          <line num="777" count="0" type="stmt"/>
          <line num="778" count="0" type="stmt"/>
          <line num="781" count="32" type="stmt"/>
          <line num="785" count="32" type="stmt"/>
          <line num="791" count="32" type="stmt"/>
          <line num="792" count="32" type="stmt"/>
          <line num="796" count="32" type="stmt"/>
          <line num="801" count="10" type="stmt"/>
          <line num="803" count="10" type="cond" truecount="3" falsecount="1"/>
          <line num="805" count="10" type="stmt"/>
          <line num="806" count="10" type="stmt"/>
          <line num="808" count="10" type="stmt"/>
          <line num="809" count="43" type="stmt"/>
          <line num="810" count="76" type="cond" truecount="11" falsecount="2"/>
          <line num="812" count="10" type="stmt"/>
          <line num="814" count="10" type="cond" truecount="1" falsecount="1"/>
          <line num="815" count="10" type="stmt"/>
          <line num="816" count="10" type="stmt"/>
          <line num="819" count="0" type="stmt"/>
          <line num="820" count="0" type="stmt"/>
          <line num="821" count="0" type="stmt"/>
          <line num="824" count="10" type="stmt"/>
          <line num="827" count="10" type="cond" truecount="2" falsecount="0"/>
          <line num="828" count="7" type="stmt"/>
          <line num="829" count="7" type="stmt"/>
          <line num="832" count="10" type="cond" truecount="2" falsecount="0"/>
          <line num="833" count="2" type="stmt"/>
          <line num="834" count="2" type="stmt"/>
          <line num="837" count="8" type="stmt"/>
          <line num="849" count="8" type="stmt"/>
          <line num="850" count="8" type="stmt"/>
          <line num="851" count="8" type="stmt"/>
          <line num="854" count="8" type="stmt"/>
          <line num="856" count="8" type="stmt"/>
          <line num="858" count="8" type="cond" truecount="1" falsecount="1"/>
          <line num="859" count="0" type="stmt"/>
          <line num="860" count="0" type="stmt"/>
          <line num="863" count="8" type="stmt"/>
          <line num="864" count="8" type="stmt"/>
          <line num="867" count="8" type="cond" truecount="2" falsecount="0"/>
          <line num="868" count="3" type="stmt"/>
          <line num="869" count="3" type="stmt"/>
          <line num="872" count="5" type="stmt"/>
          <line num="873" count="5" type="stmt"/>
          <line num="874" count="5" type="stmt"/>
          <line num="875" count="5" type="stmt"/>
          <line num="878" count="5" type="stmt"/>
          <line num="880" count="5" type="stmt"/>
          <line num="881" count="6" type="stmt"/>
          <line num="883" count="5" type="stmt"/>
          <line num="884" count="6" type="stmt"/>
          <line num="889" count="8" type="cond" truecount="2" falsecount="0"/>
          <line num="890" count="8" type="stmt"/>
          <line num="891" count="8" type="stmt"/>
          <line num="894" count="2" type="cond" truecount="1" falsecount="1"/>
          <line num="895" count="0" type="stmt"/>
          <line num="896" count="0" type="stmt"/>
          <line num="899" count="2" type="stmt"/>
          <line num="900" count="2" type="stmt"/>
          <line num="901" count="3" type="stmt"/>
          <line num="915" count="3" type="stmt"/>
          <line num="916" count="3" type="stmt"/>
          <line num="920" count="2" type="stmt"/>
          <line num="923" count="2" type="stmt"/>
          <line num="924" count="3" type="stmt"/>
          <line num="926" count="2" type="cond" truecount="2" falsecount="0"/>
          <line num="929" count="10" type="stmt"/>
          <line num="930" count="10" type="stmt"/>
          <line num="933" count="0" type="stmt"/>
          <line num="934" count="0" type="stmt"/>
          <line num="935" count="0" type="stmt"/>
          <line num="938" count="10" type="stmt"/>
          <line num="942" count="10" type="stmt"/>
          <line num="948" count="10" type="stmt"/>
          <line num="949" count="10" type="stmt"/>
          <line num="953" count="10" type="stmt"/>
          <line num="958" count="1" type="stmt"/>
          <line num="960" count="1" type="cond" truecount="3" falsecount="1"/>
          <line num="962" count="1" type="stmt"/>
          <line num="963" count="1" type="stmt"/>
          <line num="965" count="1" type="stmt"/>
          <line num="966" count="4" type="stmt"/>
          <line num="967" count="8" type="cond" truecount="8" falsecount="5"/>
          <line num="969" count="1" type="stmt"/>
          <line num="971" count="1" type="cond" truecount="1" falsecount="1"/>
          <line num="972" count="1" type="stmt"/>
          <line num="973" count="1" type="stmt"/>
          <line num="976" count="0" type="stmt"/>
          <line num="977" count="0" type="stmt"/>
          <line num="978" count="0" type="stmt"/>
          <line num="981" count="1" type="stmt"/>
          <line num="982" count="1" type="stmt"/>
          <line num="985" count="1" type="cond" truecount="1" falsecount="1"/>
          <line num="986" count="1" type="stmt"/>
          <line num="987" count="1" type="stmt"/>
          <line num="990" count="1" type="cond" truecount="1" falsecount="1"/>
          <line num="991" count="0" type="stmt"/>
          <line num="992" count="0" type="stmt"/>
          <line num="995" count="1" type="stmt"/>
          <line num="1007" count="1" type="stmt"/>
          <line num="1008" count="1" type="stmt"/>
          <line num="1009" count="1" type="stmt"/>
          <line num="1012" count="1" type="stmt"/>
          <line num="1014" count="1" type="stmt"/>
          <line num="1016" count="1" type="cond" truecount="1" falsecount="1"/>
          <line num="1017" count="0" type="stmt"/>
          <line num="1018" count="0" type="stmt"/>
          <line num="1021" count="1" type="stmt"/>
          <line num="1022" count="1" type="stmt"/>
          <line num="1025" count="1" type="cond" truecount="1" falsecount="1"/>
          <line num="1026" count="1" type="stmt"/>
          <line num="1027" count="1" type="stmt"/>
          <line num="1030" count="0" type="stmt"/>
          <line num="1031" count="0" type="stmt"/>
          <line num="1032" count="0" type="stmt"/>
          <line num="1033" count="0" type="stmt"/>
          <line num="1036" count="0" type="stmt"/>
          <line num="1038" count="0" type="stmt"/>
          <line num="1039" count="0" type="stmt"/>
          <line num="1041" count="0" type="stmt"/>
          <line num="1042" count="0" type="stmt"/>
          <line num="1047" count="1" type="cond" truecount="1" falsecount="1"/>
          <line num="1048" count="1" type="stmt"/>
          <line num="1049" count="1" type="stmt"/>
          <line num="1052" count="0" type="cond" truecount="0" falsecount="2"/>
          <line num="1053" count="0" type="stmt"/>
          <line num="1054" count="0" type="stmt"/>
          <line num="1057" count="0" type="stmt"/>
          <line num="1058" count="0" type="stmt"/>
          <line num="1059" count="0" type="stmt"/>
          <line num="1060" count="0" type="stmt"/>
          <line num="1074" count="0" type="stmt"/>
          <line num="1075" count="0" type="stmt"/>
          <line num="1079" count="0" type="stmt"/>
          <line num="1081" count="0" type="stmt"/>
          <line num="1082" count="0" type="stmt"/>
          <line num="1084" count="0" type="cond" truecount="0" falsecount="2"/>
          <line num="1087" count="1" type="stmt"/>
          <line num="1088" count="1" type="stmt"/>
          <line num="1091" count="0" type="stmt"/>
          <line num="1092" count="0" type="stmt"/>
          <line num="1093" count="0" type="stmt"/>
          <line num="1096" count="1" type="stmt"/>
          <line num="1100" count="1" type="stmt"/>
          <line num="1106" count="1" type="stmt"/>
          <line num="1107" count="1" type="stmt"/>
          <line num="1111" count="1" type="stmt"/>
          <line num="1116" count="3" type="cond" truecount="2" falsecount="0"/>
          <line num="1117" count="1" type="stmt"/>
          <line num="1120" count="2" type="stmt"/>
          <line num="1125" count="0" type="stmt"/>
          <line num="1127" count="0" type="cond" truecount="0" falsecount="4"/>
          <line num="1129" count="0" type="stmt"/>
          <line num="1130" count="0" type="stmt"/>
          <line num="1133" count="0" type="stmt"/>
          <line num="1134" count="0" type="stmt"/>
          <line num="1135" count="0" type="cond" truecount="0" falsecount="14"/>
          <line num="1137" count="0" type="stmt"/>
          <line num="1139" count="0" type="cond" truecount="0" falsecount="4"/>
          <line num="1140" count="0" type="stmt"/>
          <line num="1141" count="0" type="stmt"/>
          <line num="1144" count="0" type="stmt"/>
          <line num="1147" count="0" type="cond" truecount="0" falsecount="2"/>
          <line num="1148" count="0" type="stmt"/>
          <line num="1149" count="0" type="stmt"/>
          <line num="1152" count="0" type="stmt"/>
          <line num="1164" count="0" type="stmt"/>
          <line num="1165" count="0" type="stmt"/>
          <line num="1166" count="0" type="stmt"/>
          <line num="1169" count="0" type="stmt"/>
          <line num="1170" count="0" type="stmt"/>
          <line num="1172" count="0" type="cond" truecount="0" falsecount="2"/>
          <line num="1173" count="0" type="stmt"/>
          <line num="1174" count="0" type="stmt"/>
          <line num="1178" count="0" type="stmt"/>
          <line num="1179" count="0" type="stmt"/>
          <line num="1180" count="0" type="stmt"/>
          <line num="1182" count="0" type="stmt"/>
          <line num="1183" count="0" type="stmt"/>
          <line num="1184" count="0" type="stmt"/>
          <line num="1189" count="0" type="stmt"/>
          <line num="1190" count="0" type="stmt"/>
          <line num="1192" count="0" type="stmt"/>
          <line num="1193" count="0" type="stmt"/>
          <line num="1196" count="0" type="cond" truecount="0" falsecount="2"/>
          <line num="1197" count="0" type="stmt"/>
          <line num="1198" count="0" type="stmt"/>
          <line num="1201" count="0" type="stmt"/>
          <line num="1202" count="0" type="stmt"/>
          <line num="1203" count="0" type="stmt"/>
          <line num="1204" count="0" type="stmt"/>
          <line num="1207" count="0" type="stmt"/>
          <line num="1209" count="0" type="stmt"/>
          <line num="1210" count="0" type="stmt"/>
          <line num="1212" count="0" type="stmt"/>
          <line num="1213" count="0" type="stmt"/>
          <line num="1218" count="0" type="stmt"/>
          <line num="1219" count="0" type="stmt"/>
          <line num="1220" count="0" type="stmt"/>
          <line num="1223" count="0" type="cond" truecount="0" falsecount="2"/>
          <line num="1224" count="0" type="stmt"/>
          <line num="1225" count="0" type="stmt"/>
          <line num="1228" count="0" type="stmt"/>
          <line num="1242" count="0" type="stmt"/>
          <line num="1243" count="0" type="stmt"/>
          <line num="1244" count="0" type="stmt"/>
          <line num="1247" count="0" type="stmt"/>
          <line num="1249" count="0" type="stmt"/>
          <line num="1252" count="0" type="stmt"/>
          <line num="1253" count="0" type="stmt"/>
          <line num="1256" count="0" type="stmt"/>
          <line num="1257" count="0" type="stmt"/>
          <line num="1258" count="0" type="stmt"/>
          <line num="1261" count="0" type="stmt"/>
          <line num="1265" count="0" type="stmt"/>
          <line num="1271" count="0" type="stmt"/>
          <line num="1272" count="0" type="stmt"/>
          <line num="1276" count="0" type="stmt"/>
          <line num="1281" count="2" type="stmt"/>
          <line num="1283" count="2" type="cond" truecount="2" falsecount="2"/>
          <line num="1285" count="2" type="stmt"/>
          <line num="1286" count="2" type="stmt"/>
          <line num="1289" count="2" type="stmt"/>
          <line num="1290" count="8" type="stmt"/>
          <line num="1291" count="18" type="cond" truecount="10" falsecount="4"/>
          <line num="1293" count="2" type="stmt"/>
          <line num="1295" count="2" type="cond" truecount="1" falsecount="1"/>
          <line num="1296" count="2" type="stmt"/>
          <line num="1297" count="2" type="stmt"/>
          <line num="1300" count="0" type="stmt"/>
          <line num="1301" count="0" type="stmt"/>
          <line num="1302" count="0" type="stmt"/>
          <line num="1305" count="2" type="cond" truecount="1" falsecount="1"/>
          <line num="1306" count="0" type="stmt"/>
          <line num="1307" count="0" type="stmt"/>
          <line num="1310" count="2" type="stmt"/>
          <line num="1322" count="2" type="stmt"/>
          <line num="1323" count="2" type="stmt"/>
          <line num="1324" count="2" type="stmt"/>
          <line num="1327" count="2" type="stmt"/>
          <line num="1328" count="2" type="stmt"/>
          <line num="1330" count="2" type="cond" truecount="1" falsecount="1"/>
          <line num="1331" count="0" type="stmt"/>
          <line num="1332" count="0" type="stmt"/>
          <line num="1335" count="2" type="stmt"/>
          <line num="1337" count="2" type="cond" truecount="2" falsecount="0"/>
          <line num="1338" count="1" type="stmt"/>
          <line num="1339" count="1" type="stmt"/>
          <line num="1342" count="1" type="stmt"/>
          <line num="1344" count="1" type="stmt"/>
          <line num="1345" count="1" type="stmt"/>
          <line num="1346" count="1" type="stmt"/>
          <line num="1349" count="1" type="stmt"/>
          <line num="1350" count="1" type="stmt"/>
          <line num="1353" count="1" type="stmt"/>
          <line num="1354" count="1" type="stmt"/>
          <line num="1357" count="2" type="cond" truecount="1" falsecount="1"/>
          <line num="1358" count="2" type="stmt"/>
          <line num="1359" count="2" type="stmt"/>
          <line num="1362" count="0" type="stmt"/>
          <line num="1363" count="0" type="stmt"/>
          <line num="1364" count="0" type="stmt"/>
          <line num="1367" count="0" type="stmt"/>
          <line num="1369" count="0" type="stmt"/>
          <line num="1370" count="0" type="stmt"/>
          <line num="1372" count="0" type="stmt"/>
          <line num="1373" count="0" type="stmt"/>
          <line num="1378" count="2" type="stmt"/>
          <line num="1379" count="2" type="stmt"/>
          <line num="1380" count="2" type="stmt"/>
          <line num="1383" count="0" type="cond" truecount="0" falsecount="2"/>
          <line num="1384" count="0" type="stmt"/>
          <line num="1396" count="0" type="stmt"/>
          <line num="1397" count="0" type="stmt"/>
          <line num="1399" count="0" type="stmt"/>
          <line num="1403" count="2" type="stmt"/>
          <line num="1404" count="2" type="stmt"/>
          <line num="1407" count="0" type="stmt"/>
          <line num="1408" count="0" type="stmt"/>
          <line num="1409" count="0" type="stmt"/>
          <line num="1412" count="2" type="stmt"/>
          <line num="1416" count="2" type="stmt"/>
          <line num="1422" count="2" type="stmt"/>
          <line num="1423" count="2" type="stmt"/>
          <line num="1427" count="2" type="stmt"/>
          <line num="1432" count="32" type="stmt"/>
          <line num="1434" count="32" type="cond" truecount="2" falsecount="2"/>
          <line num="1436" count="32" type="stmt"/>
          <line num="1437" count="32" type="stmt"/>
          <line num="1440" count="32" type="stmt"/>
          <line num="1441" count="128" type="stmt"/>
          <line num="1442" count="224" type="cond" truecount="9" falsecount="2"/>
          <line num="1444" count="32" type="cond" truecount="2" falsecount="2"/>
          <line num="1445" count="32" type="stmt"/>
          <line num="1446" count="32" type="stmt"/>
          <line num="1449" count="0" type="stmt"/>
          <line num="1452" count="32" type="stmt"/>
          <line num="1454" count="32" type="cond" truecount="1" falsecount="1"/>
          <line num="1455" count="0" type="stmt"/>
          <line num="1456" count="0" type="stmt"/>
          <line num="1459" count="32" type="stmt"/>
          <line num="1471" count="32" type="stmt"/>
          <line num="1472" count="32" type="stmt"/>
          <line num="1473" count="32" type="stmt"/>
          <line num="1476" count="32" type="stmt"/>
          <line num="1477" count="32" type="stmt"/>
          <line num="1479" count="32" type="cond" truecount="2" falsecount="0"/>
          <line num="1480" count="26" type="stmt"/>
          <line num="1481" count="26" type="stmt"/>
          <line num="1484" count="6" type="stmt"/>
          <line num="1485" count="6" type="stmt"/>
          <line num="1486" count="6" type="stmt"/>
          <line num="1489" count="6" type="stmt"/>
          <line num="1490" count="6" type="stmt"/>
          <line num="1493" count="26" type="cond" truecount="1" falsecount="1"/>
          <line num="1494" count="0" type="stmt"/>
          <line num="1495" count="0" type="stmt"/>
          <line num="1498" count="26" type="stmt"/>
          <line num="1499" count="26" type="stmt"/>
          <line num="1500" count="26" type="stmt"/>
          <line num="1504" count="32" type="stmt"/>
          <line num="1507" count="32" type="stmt"/>
          <line num="1508" count="32" type="stmt"/>
          <line num="1511" count="0" type="stmt"/>
          <line num="1512" count="0" type="stmt"/>
          <line num="1513" count="0" type="stmt"/>
          <line num="1516" count="32" type="stmt"/>
          <line num="1520" count="32" type="stmt"/>
          <line num="1526" count="32" type="stmt"/>
          <line num="1527" count="32" type="stmt"/>
          <line num="1531" count="32" type="stmt"/>
          <line num="1557" count="1" type="stmt"/>
          <line num="1558" count="5" type="cond" truecount="3" falsecount="1"/>
          <line num="1559" count="5" type="cond" truecount="3" falsecount="1"/>
          <line num="1560" count="5" type="stmt"/>
          <line num="1561" count="10" type="stmt"/>
          <line num="1562" count="10" type="cond" truecount="2" falsecount="2"/>
          <line num="1564" count="5" type="cond" truecount="1" falsecount="1"/>
          <line num="1565" count="0" type="stmt"/>
          <line num="1566" count="0" type="stmt"/>
          <line num="1569" count="5" type="cond" truecount="1" falsecount="1"/>
          <line num="1570" count="0" type="stmt"/>
          <line num="1573" count="5" type="stmt"/>
          <line num="1574" count="5" type="stmt"/>
          <line num="1577" count="0" type="stmt"/>
          <line num="1581" count="5" type="stmt"/>
          <line num="1588" count="5" type="stmt"/>
          <line num="1591" count="1" type="stmt"/>
          <line num="1617" count="1" type="stmt"/>
          <line num="1618" count="0" type="cond" truecount="0" falsecount="4"/>
          <line num="1620" count="0" type="stmt"/>
          <line num="1621" count="0" type="stmt"/>
          <line num="1622" count="0" type="cond" truecount="0" falsecount="6"/>
          <line num="1624" count="0" type="cond" truecount="0" falsecount="2"/>
          <line num="1625" count="0" type="stmt"/>
          <line num="1626" count="0" type="stmt"/>
          <line num="1629" count="0" type="stmt"/>
          <line num="1630" count="0" type="stmt"/>
          <line num="1633" count="0" type="stmt"/>
          <line num="1635" count="0" type="cond" truecount="0" falsecount="2"/>
          <line num="1636" count="0" type="stmt"/>
          <line num="1637" count="0" type="stmt"/>
          <line num="1640" count="0" type="stmt"/>
          <line num="1643" count="0" type="stmt"/>
          <line num="1646" count="0" type="stmt"/>
          <line num="1650" count="0" type="stmt"/>
          <line num="1657" count="0" type="stmt"/>
          <line num="1660" count="1" type="stmt"/>
          <line num="1687" count="1" type="stmt"/>
          <line num="1688" count="0" type="cond" truecount="0" falsecount="4"/>
          <line num="1690" count="0" type="stmt"/>
          <line num="1691" count="0" type="stmt"/>
          <line num="1692" count="0" type="cond" truecount="0" falsecount="6"/>
          <line num="1694" count="0" type="cond" truecount="0" falsecount="2"/>
          <line num="1695" count="0" type="stmt"/>
          <line num="1696" count="0" type="stmt"/>
          <line num="1699" count="0" type="stmt"/>
          <line num="1700" count="0" type="stmt"/>
          <line num="1703" count="0" type="stmt"/>
          <line num="1704" count="0" type="stmt"/>
          <line num="1705" count="0" type="stmt"/>
          <line num="1708" count="0" type="stmt"/>
          <line num="1709" count="0" type="stmt"/>
          <line num="1715" count="0" type="stmt"/>
          <line num="1719" count="0" type="stmt"/>
          <line num="1726" count="0" type="stmt"/>
          <line num="1729" count="1" type="stmt"/>
          <line num="1757" count="1" type="stmt"/>
          <line num="1758" count="34" type="cond" truecount="2" falsecount="2"/>
          <line num="1759" count="34" type="cond" truecount="2" falsecount="2"/>
          <line num="1760" count="34" type="stmt"/>
          <line num="1761" count="68" type="stmt"/>
          <line num="1762" count="68" type="cond" truecount="2" falsecount="2"/>
          <line num="1764" count="34" type="cond" truecount="1" falsecount="1"/>
          <line num="1765" count="0" type="stmt"/>
          <line num="1766" count="0" type="stmt"/>
          <line num="1769" count="34" type="cond" truecount="1" falsecount="1"/>
          <line num="1770" count="0" type="stmt"/>
          <line num="1773" count="34" type="stmt"/>
          <line num="1774" count="34" type="stmt"/>
          <line num="1777" count="0" type="stmt"/>
          <line num="1781" count="34" type="stmt"/>
          <line num="1788" count="34" type="stmt"/>
          <line num="1791" count="1" type="stmt"/>
          <line num="1809" count="1" type="stmt"/>
          <line num="1810" count="1" type="cond" truecount="2" falsecount="2"/>
          <line num="1812" count="1" type="stmt"/>
          <line num="1813" count="3" type="stmt"/>
          <line num="1814" count="3" type="cond" truecount="3" falsecount="2"/>
          <line num="1816" count="1" type="cond" truecount="1" falsecount="1"/>
          <line num="1817" count="0" type="stmt"/>
          <line num="1818" count="0" type="stmt"/>
          <line num="1821" count="1" type="stmt"/>
          <line num="1833" count="1" type="stmt"/>
          <line num="1834" count="1" type="stmt"/>
          <line num="1835" count="1" type="stmt"/>
          <line num="1838" count="1" type="stmt"/>
          <line num="1839" count="1" type="stmt"/>
          <line num="1842" count="0" type="stmt"/>
          <line num="1846" count="1" type="stmt"/>
          <line num="1853" count="1" type="stmt"/>
          <line num="1856" count="1" type="stmt"/>
          <line num="1870" count="161" type="stmt"/>
          <line num="1872" count="161" type="cond" truecount="1" falsecount="1"/>
          <line num="1873" count="161" type="stmt"/>
          <line num="1876" count="161" type="cond" truecount="2" falsecount="0"/>
          <line num="1877" count="160" type="stmt"/>
          <line num="1880" count="161" type="stmt"/>
          <line num="1885" count="4" type="cond" truecount="4" falsecount="0"/>
          <line num="1887" count="4" type="stmt"/>
          <line num="1889" count="4" type="cond" truecount="4" falsecount="0"/>
          <line num="1891" count="1" type="stmt"/>
          <line num="1892" count="1" type="stmt"/>
          <line num="1893" count="1" type="stmt"/>
          <line num="1895" count="1" type="stmt"/>
          <line num="1896" count="1" type="stmt"/>
          <line num="1897" count="1" type="stmt"/>
          <line num="1900" count="2" type="stmt"/>
          <line num="1901" count="2" type="stmt"/>
          <line num="1905" count="4" type="stmt"/>
          <line num="1910" count="0" type="stmt"/>
          <line num="1920" count="1" type="stmt"/>
          <line num="1921" count="65" type="cond" truecount="3" falsecount="1"/>
          <line num="1923" count="65" type="stmt"/>
          <line num="1924" count="195" type="stmt"/>
          <line num="1925" count="195" type="cond" truecount="3" falsecount="1"/>
          <line num="1927" count="65" type="cond" truecount="1" falsecount="1"/>
          <line num="1928" count="65" type="stmt"/>
          <line num="1929" count="65" type="stmt"/>
          <line num="1940" count="65" type="stmt"/>
          <line num="1941" count="65" type="stmt"/>
          <line num="1942" count="65" type="stmt"/>
          <line num="1945" count="65" type="stmt"/>
          <line num="1946" count="65" type="stmt"/>
          <line num="1950" count="65" type="stmt"/>
          <line num="1957" count="65" type="stmt"/>
          <line num="1960" count="1" type="stmt"/>
          <line num="1964" count="1" type="stmt"/>
          <line num="1967" count="1" type="stmt"/>
        </file>
        <file name="endpoint.js" path="/Users/Thomas/Documents/Kinvey/Development/SDKs/JavaScript/Core/SDK/src/endpoint.js">
          <metrics statements="44" coveredstatements="42" conditionals="32" coveredconditionals="24" methods="17" coveredmethods="14"/>
          <line num="3" count="1" type="stmt"/>
          <line num="7" count="1" type="cond" truecount="5" falsecount="3"/>
          <line num="9" count="1" type="stmt"/>
          <line num="11" count="1" type="stmt"/>
          <line num="13" count="1" type="stmt"/>
          <line num="15" count="1" type="stmt"/>
          <line num="17" count="1" type="stmt"/>
          <line num="19" count="1" type="stmt"/>
          <line num="21" count="1" type="stmt"/>
          <line num="23" count="1" type="stmt"/>
          <line num="25" count="1" type="stmt"/>
          <line num="27" count="1" type="stmt"/>
          <line num="29" count="1" type="stmt"/>
          <line num="31" count="4" type="cond" truecount="4" falsecount="0"/>
          <line num="33" count="6" type="cond" truecount="2" falsecount="0"/>
          <line num="35" count="0" type="cond" truecount="0" falsecount="2"/>
          <line num="37" count="1" type="cond" truecount="2" falsecount="0"/>
          <line num="43" count="1" type="stmt"/>
          <line num="45" count="0" type="stmt"/>
          <line num="48" count="1" type="stmt"/>
          <line num="71" count="1" type="stmt"/>
          <line num="72" count="4" type="cond" truecount="2" falsecount="2"/>
          <line num="74" count="4" type="stmt"/>
          <line num="75" count="10" type="stmt"/>
          <line num="76" count="15" type="cond" truecount="5" falsecount="1"/>
          <line num="78" count="4" type="stmt"/>
          <line num="82" count="4" type="cond" truecount="2" falsecount="0"/>
          <line num="83" count="3" type="stmt"/>
          <line num="84" count="3" type="stmt"/>
          <line num="87" count="1" type="stmt"/>
          <line num="90" count="3" type="cond" truecount="2" falsecount="0"/>
          <line num="91" count="2" type="stmt"/>
          <line num="92" count="2" type="stmt"/>
          <line num="95" count="1" type="stmt"/>
          <line num="98" count="2" type="stmt"/>
          <line num="111" count="2" type="stmt"/>
          <line num="112" count="2" type="stmt"/>
          <line num="115" count="2" type="stmt"/>
          <line num="116" count="2" type="stmt"/>
          <line num="120" count="4" type="stmt"/>
          <line num="127" count="4" type="stmt"/>
          <line num="130" count="1" type="stmt"/>
          <line num="134" count="1" type="stmt"/>
          <line num="137" count="1" type="stmt"/>
        </file>
        <file name="errors.js" path="/Users/Thomas/Documents/Kinvey/Development/SDKs/JavaScript/Core/SDK/src/errors.js">
          <metrics statements="138" coveredstatements="86" conditionals="103" coveredconditionals="40" methods="40" coveredmethods="27"/>
          <line num="3" count="1" type="stmt"/>
          <line num="6" count="1" type="stmt"/>
          <line num="8" count="1" type="stmt"/>
          <line num="10" count="1" type="stmt"/>
          <line num="12" count="1" type="cond" truecount="3" falsecount="1"/>
          <line num="14" count="59" type="cond" truecount="1" falsecount="1"/>
          <line num="16" count="59" type="cond" truecount="4" falsecount="3"/>
          <line num="18" count="18" type="cond" truecount="6" falsecount="4"/>
          <line num="20" count="1" type="stmt"/>
          <line num="21" count="1" type="stmt"/>
          <line num="24" count="43" type="cond" truecount="4" falsecount="0"/>
          <line num="25" count="43" type="cond" truecount="4" falsecount="0"/>
          <line num="26" count="43" type="cond" truecount="4" falsecount="0"/>
          <line num="28" count="43" type="stmt"/>
          <line num="30" count="43" type="stmt"/>
          <line num="32" count="43" type="stmt"/>
          <line num="33" count="43" type="stmt"/>
          <line num="34" count="43" type="stmt"/>
          <line num="37" count="1" type="stmt"/>
          <line num="40" count="1" type="stmt"/>
          <line num="41" count="1" type="stmt"/>
          <line num="44" count="4" type="cond" truecount="4" falsecount="0"/>
          <line num="45" count="4" type="stmt"/>
          <line num="47" count="4" type="stmt"/>
          <line num="49" count="4" type="stmt"/>
          <line num="52" count="1" type="stmt"/>
          <line num="55" count="1" type="stmt"/>
          <line num="56" count="1" type="stmt"/>
          <line num="59" count="0" type="cond" truecount="0" falsecount="4"/>
          <line num="60" count="0" type="stmt"/>
          <line num="62" count="0" type="stmt"/>
          <line num="64" count="0" type="stmt"/>
          <line num="67" count="1" type="stmt"/>
          <line num="70" count="1" type="stmt"/>
          <line num="71" count="1" type="stmt"/>
          <line num="74" count="0" type="cond" truecount="0" falsecount="4"/>
          <line num="75" count="0" type="stmt"/>
          <line num="77" count="0" type="stmt"/>
          <line num="79" count="0" type="stmt"/>
          <line num="82" count="1" type="stmt"/>
          <line num="85" count="1" type="stmt"/>
          <line num="86" count="1" type="stmt"/>
          <line num="89" count="0" type="cond" truecount="0" falsecount="4"/>
          <line num="90" count="0" type="stmt"/>
          <line num="92" count="0" type="stmt"/>
          <line num="94" count="0" type="stmt"/>
          <line num="97" count="1" type="stmt"/>
          <line num="100" count="1" type="stmt"/>
          <line num="101" count="1" type="stmt"/>
          <line num="104" count="0" type="cond" truecount="0" falsecount="4"/>
          <line num="105" count="0" type="stmt"/>
          <line num="107" count="0" type="stmt"/>
          <line num="109" count="0" type="stmt"/>
          <line num="112" count="1" type="stmt"/>
          <line num="115" count="1" type="stmt"/>
          <line num="116" count="1" type="stmt"/>
          <line num="119" count="0" type="cond" truecount="0" falsecount="4"/>
          <line num="120" count="0" type="stmt"/>
          <line num="122" count="0" type="stmt"/>
          <line num="124" count="0" type="stmt"/>
          <line num="127" count="1" type="stmt"/>
          <line num="130" count="1" type="stmt"/>
          <line num="131" count="1" type="stmt"/>
          <line num="134" count="0" type="cond" truecount="0" falsecount="4"/>
          <line num="135" count="0" type="stmt"/>
          <line num="137" count="0" type="stmt"/>
          <line num="139" count="0" type="stmt"/>
          <line num="142" count="1" type="stmt"/>
          <line num="145" count="1" type="stmt"/>
          <line num="146" count="1" type="stmt"/>
          <line num="149" count="0" type="cond" truecount="0" falsecount="4"/>
          <line num="150" count="0" type="stmt"/>
          <line num="152" count="0" type="stmt"/>
          <line num="154" count="0" type="stmt"/>
          <line num="157" count="1" type="stmt"/>
          <line num="160" count="1" type="stmt"/>
          <line num="161" count="1" type="stmt"/>
          <line num="164" count="0" type="cond" truecount="0" falsecount="4"/>
          <line num="165" count="0" type="stmt"/>
          <line num="167" count="0" type="stmt"/>
          <line num="169" count="0" type="stmt"/>
          <line num="172" count="1" type="stmt"/>
          <line num="175" count="1" type="stmt"/>
          <line num="176" count="1" type="stmt"/>
          <line num="179" count="0" type="cond" truecount="0" falsecount="4"/>
          <line num="180" count="0" type="stmt"/>
          <line num="182" count="0" type="stmt"/>
          <line num="184" count="0" type="stmt"/>
          <line num="187" count="1" type="stmt"/>
          <line num="190" count="1" type="stmt"/>
          <line num="191" count="1" type="stmt"/>
          <line num="194" count="0" type="cond" truecount="0" falsecount="4"/>
          <line num="195" count="0" type="stmt"/>
          <line num="197" count="0" type="stmt"/>
          <line num="199" count="0" type="stmt"/>
          <line num="202" count="1" type="stmt"/>
          <line num="205" count="1" type="stmt"/>
          <line num="206" count="1" type="stmt"/>
          <line num="209" count="0" type="cond" truecount="0" falsecount="4"/>
          <line num="210" count="0" type="stmt"/>
          <line num="212" count="0" type="stmt"/>
          <line num="214" count="0" type="stmt"/>
          <line num="217" count="1" type="stmt"/>
          <line num="220" count="1" type="stmt"/>
          <line num="221" count="1" type="stmt"/>
          <line num="224" count="2" type="cond" truecount="3" falsecount="1"/>
          <line num="225" count="2" type="stmt"/>
          <line num="227" count="2" type="stmt"/>
          <line num="229" count="2" type="stmt"/>
          <line num="232" count="1" type="stmt"/>
          <line num="235" count="1" type="stmt"/>
          <line num="236" count="1" type="stmt"/>
          <line num="239" count="2" type="cond" truecount="3" falsecount="1"/>
          <line num="240" count="2" type="stmt"/>
          <line num="242" count="2" type="stmt"/>
          <line num="244" count="2" type="stmt"/>
          <line num="247" count="1" type="stmt"/>
          <line num="250" count="1" type="stmt"/>
          <line num="251" count="1" type="stmt"/>
          <line num="254" count="0" type="cond" truecount="0" falsecount="4"/>
          <line num="255" count="0" type="stmt"/>
          <line num="257" count="0" type="stmt"/>
          <line num="259" count="0" type="stmt"/>
          <line num="262" count="1" type="stmt"/>
          <line num="265" count="1" type="stmt"/>
          <line num="266" count="1" type="stmt"/>
          <line num="269" count="0" type="cond" truecount="0" falsecount="4"/>
          <line num="270" count="0" type="stmt"/>
          <line num="272" count="0" type="stmt"/>
          <line num="274" count="0" type="stmt"/>
          <line num="277" count="1" type="stmt"/>
          <line num="280" count="1" type="stmt"/>
          <line num="281" count="1" type="stmt"/>
          <line num="284" count="8" type="cond" truecount="4" falsecount="0"/>
          <line num="285" count="8" type="stmt"/>
          <line num="287" count="8" type="stmt"/>
          <line num="289" count="8" type="stmt"/>
          <line num="292" count="1" type="stmt"/>
        </file>
        <file name="filestore.js" path="/Users/Thomas/Documents/Kinvey/Development/SDKs/JavaScript/Core/SDK/src/filestore.js">
          <metrics statements="128" coveredstatements="29" conditionals="116" coveredconditionals="19" methods="40" coveredmethods="11"/>
          <line num="3" count="1" type="stmt"/>
          <line num="6" count="1" type="stmt"/>
          <line num="8" count="11" type="cond" truecount="6" falsecount="2"/>
          <line num="10" count="1" type="cond" truecount="0" falsecount="10"/>
          <line num="12" count="1" type="stmt"/>
          <line num="14" count="1" type="stmt"/>
          <line num="16" count="1" type="stmt"/>
          <line num="18" count="1" type="stmt"/>
          <line num="20" count="1" type="stmt"/>
          <line num="22" count="1" type="stmt"/>
          <line num="24" count="1" type="stmt"/>
          <line num="26" count="1" type="stmt"/>
          <line num="28" count="2" type="cond" truecount="3" falsecount="1"/>
          <line num="30" count="4" type="cond" truecount="0" falsecount="2"/>
          <line num="32" count="0" type="cond" truecount="0" falsecount="2"/>
          <line num="34" count="0" type="cond" truecount="0" falsecount="7"/>
          <line num="36" count="1" type="cond" truecount="6" falsecount="4"/>
          <line num="39" count="1" type="cond" truecount="2" falsecount="0"/>
          <line num="43" count="1" type="cond" truecount="2" falsecount="0"/>
          <line num="49" count="1" type="stmt"/>
          <line num="50" count="1" type="stmt"/>
          <line num="53" count="0" type="stmt"/>
          <line num="55" count="0" type="stmt"/>
          <line num="57" count="0" type="stmt"/>
          <line num="58" count="0" type="stmt"/>
          <line num="68" count="1" type="stmt"/>
          <line num="130" count="1" type="stmt"/>
          <line num="131" count="0" type="stmt"/>
          <line num="133" count="0" type="cond" truecount="0" falsecount="4"/>
          <line num="135" count="0" type="stmt"/>
          <line num="136" count="0" type="stmt"/>
          <line num="137" count="0" type="cond" truecount="0" falsecount="5"/>
          <line num="139" count="0" type="cond" truecount="0" falsecount="2"/>
          <line num="140" count="0" type="stmt"/>
          <line num="141" count="0" type="stmt"/>
          <line num="143" count="0" type="stmt"/>
          <line num="144" count="0" type="stmt"/>
          <line num="145" count="0" type="stmt"/>
          <line num="148" count="0" type="stmt"/>
          <line num="150" count="0" type="cond" truecount="0" falsecount="2"/>
          <line num="151" count="0" type="stmt"/>
          <line num="152" count="0" type="stmt"/>
          <line num="155" count="0" type="stmt"/>
          <line num="156" count="0" type="stmt"/>
          <line num="160" count="0" type="stmt"/>
          <line num="164" count="0" type="stmt"/>
          <line num="171" count="0" type="stmt"/>
          <line num="174" count="1" type="stmt"/>
          <line num="179" count="0" type="stmt"/>
          <line num="211" count="1" type="stmt"/>
          <line num="212" count="0" type="cond" truecount="0" falsecount="4"/>
          <line num="214" count="0" type="stmt"/>
          <line num="215" count="0" type="stmt"/>
          <line num="216" count="0" type="cond" truecount="0" falsecount="5"/>
          <line num="218" count="0" type="cond" truecount="0" falsecount="2"/>
          <line num="219" count="0" type="stmt"/>
          <line num="220" count="0" type="stmt"/>
          <line num="222" count="0" type="stmt"/>
          <line num="223" count="0" type="stmt"/>
          <line num="224" count="0" type="stmt"/>
          <line num="227" count="0" type="stmt"/>
          <line num="229" count="0" type="cond" truecount="0" falsecount="2"/>
          <line num="230" count="0" type="stmt"/>
          <line num="231" count="0" type="stmt"/>
          <line num="234" count="0" type="stmt"/>
          <line num="237" count="0" type="stmt"/>
          <line num="241" count="0" type="stmt"/>
          <line num="248" count="0" type="stmt"/>
          <line num="251" count="1" type="stmt"/>
          <line num="256" count="1" type="stmt"/>
          <line num="257" count="0" type="cond" truecount="0" falsecount="4"/>
          <line num="259" count="0" type="stmt"/>
          <line num="260" count="0" type="stmt"/>
          <line num="261" count="0" type="cond" truecount="0" falsecount="4"/>
          <line num="263" count="0" type="stmt"/>
          <line num="269" count="0" type="cond" truecount="0" falsecount="2"/>
          <line num="270" count="0" type="stmt"/>
          <line num="271" count="0" type="stmt"/>
          <line num="272" count="0" type="stmt"/>
          <line num="273" count="0" type="stmt"/>
          <line num="276" count="0" type="stmt"/>
          <line num="277" count="0" type="stmt"/>
          <line num="281" count="0" type="stmt"/>
          <line num="288" count="0" type="stmt"/>
          <line num="291" count="1" type="stmt"/>
          <line num="321" count="0" type="cond" truecount="0" falsecount="4"/>
          <line num="323" count="0" type="stmt"/>
          <line num="324" count="0" type="stmt"/>
          <line num="329" count="1" type="stmt"/>
          <line num="330" count="0" type="cond" truecount="0" falsecount="4"/>
          <line num="331" count="0" type="cond" truecount="0" falsecount="4"/>
          <line num="333" count="0" type="stmt"/>
          <line num="334" count="0" type="stmt"/>
          <line num="335" count="0" type="cond" truecount="0" falsecount="5"/>
          <line num="337" count="0" type="cond" truecount="0" falsecount="3"/>
          <line num="338" count="0" type="cond" truecount="0" falsecount="3"/>
          <line num="339" count="0" type="cond" truecount="0" falsecount="4"/>
          <line num="341" count="0" type="cond" truecount="0" falsecount="2"/>
          <line num="342" count="0" type="stmt"/>
          <line num="345" count="0" type="stmt"/>
          <line num="363" count="0" type="cond" truecount="0" falsecount="2"/>
          <line num="364" count="0" type="stmt"/>
          <line num="365" count="0" type="stmt"/>
          <line num="373" count="0" type="stmt"/>
          <line num="374" count="0" type="stmt"/>
          <line num="377" count="0" type="stmt"/>
          <line num="378" count="0" type="stmt"/>
          <line num="379" count="0" type="stmt"/>
          <line num="380" count="0" type="cond" truecount="0" falsecount="2"/>
          <line num="382" count="0" type="stmt"/>
          <line num="383" count="0" type="stmt"/>
          <line num="386" count="0" type="stmt"/>
          <line num="387" count="0" type="stmt"/>
          <line num="388" count="0" type="stmt"/>
          <line num="391" count="0" type="stmt"/>
          <line num="397" count="0" type="stmt"/>
          <line num="398" count="0" type="stmt"/>
          <line num="399" count="0" type="stmt"/>
          <line num="400" count="0" type="stmt"/>
          <line num="404" count="0" type="stmt"/>
          <line num="405" count="0" type="stmt"/>
          <line num="409" count="0" type="stmt"/>
          <line num="416" count="0" type="stmt"/>
          <line num="419" count="1" type="stmt"/>
          <line num="424" count="0" type="stmt"/>
          <line num="429" count="0" type="stmt"/>
          <line num="434" count="0" type="stmt"/>
          <line num="438" count="1" type="stmt"/>
        </file>
        <file name="kinvey.js" path="/Users/Thomas/Documents/Kinvey/Development/SDKs/JavaScript/Core/SDK/src/kinvey.js">
          <metrics statements="68" coveredstatements="60" conditionals="36" coveredconditionals="23" methods="20" coveredmethods="15"/>
          <line num="3" count="1" type="stmt"/>
          <line num="7" count="4" type="cond" truecount="6" falsecount="2"/>
          <line num="9" count="1" type="stmt"/>
          <line num="11" count="1" type="stmt"/>
          <line num="13" count="1" type="stmt"/>
          <line num="15" count="1" type="stmt"/>
          <line num="17" count="1" type="stmt"/>
          <line num="19" count="1" type="stmt"/>
          <line num="21" count="1" type="stmt"/>
          <line num="23" count="1" type="stmt"/>
          <line num="25" count="1" type="stmt"/>
          <line num="27" count="1" type="stmt"/>
          <line num="29" count="1" type="stmt"/>
          <line num="31" count="1" type="stmt"/>
          <line num="33" count="1" type="stmt"/>
          <line num="35" count="1" type="stmt"/>
          <line num="37" count="1" type="stmt"/>
          <line num="39" count="1" type="stmt"/>
          <line num="41" count="1" type="stmt"/>
          <line num="43" count="1" type="stmt"/>
          <line num="45" count="1" type="stmt"/>
          <line num="47" count="1" type="stmt"/>
          <line num="49" count="4" type="cond" truecount="4" falsecount="0"/>
          <line num="51" count="4" type="cond" truecount="2" falsecount="0"/>
          <line num="53" count="0" type="cond" truecount="0" falsecount="2"/>
          <line num="55" count="1" type="cond" truecount="2" falsecount="0"/>
          <line num="56" count="1" type="stmt"/>
          <line num="58" count="1" type="stmt"/>
          <line num="60" count="0" type="stmt"/>
          <line num="63" count="1" type="stmt"/>
          <line num="89" count="3" type="cond" truecount="2" falsecount="2"/>
          <line num="90" count="0" type="stmt"/>
          <line num="94" count="3" type="cond" truecount="2" falsecount="2"/>
          <line num="95" count="0" type="stmt"/>
          <line num="99" count="3" type="stmt"/>
          <line num="102" count="3" type="stmt"/>
          <line num="103" count="3" type="stmt"/>
          <line num="104" count="3" type="stmt"/>
          <line num="105" count="3" type="stmt"/>
          <line num="106" count="3" type="stmt"/>
          <line num="107" count="3" type="stmt"/>
          <line num="108" count="3" type="stmt"/>
          <line num="109" count="3" type="stmt"/>
          <line num="110" count="3" type="stmt"/>
          <line num="111" count="3" type="stmt"/>
          <line num="112" count="3" type="stmt"/>
          <line num="113" count="3" type="stmt"/>
          <line num="114" count="3" type="stmt"/>
          <line num="117" count="3" type="stmt"/>
          <line num="129" count="1" type="stmt"/>
          <line num="130" count="2" type="cond" truecount="2" falsecount="2"/>
          <line num="132" count="2" type="stmt"/>
          <line num="133" count="6" type="stmt"/>
          <line num="134" count="6" type="cond" truecount="3" falsecount="1"/>
          <line num="136" count="2" type="stmt"/>
          <line num="145" count="2" type="stmt"/>
          <line num="146" count="2" type="stmt"/>
          <line num="149" count="2" type="stmt"/>
          <line num="150" count="2" type="stmt"/>
          <line num="154" count="2" type="stmt"/>
          <line num="161" count="2" type="stmt"/>
          <line num="164" count="1" type="stmt"/>
          <line num="169" count="0" type="cond" truecount="0" falsecount="2"/>
          <line num="170" count="0" type="stmt"/>
          <line num="173" count="0" type="stmt"/>
          <line num="178" count="0" type="stmt"/>
          <line num="182" count="1" type="stmt"/>
          <line num="185" count="1" type="stmt"/>
        </file>
        <file name="log.js" path="/Users/Thomas/Documents/Kinvey/Development/SDKs/JavaScript/Core/SDK/src/log.js">
          <metrics statements="12" coveredstatements="9" conditionals="4" coveredconditionals="3" methods="3" coveredmethods="1"/>
          <line num="3" count="1" type="stmt"/>
          <line num="6" count="1" type="stmt"/>
          <line num="8" count="1" type="stmt"/>
          <line num="10" count="1" type="stmt"/>
          <line num="12" count="1" type="cond" truecount="3" falsecount="1"/>
          <line num="14" count="1" type="stmt"/>
          <line num="16" count="1" type="stmt"/>
          <line num="17" count="0" type="stmt"/>
          <line num="19" count="0" type="stmt"/>
          <line num="20" count="0" type="stmt"/>
          <line num="24" count="1" type="stmt"/>
          <line num="25" count="1" type="stmt"/>
        </file>
        <file name="metadata.js" path="/Users/Thomas/Documents/Kinvey/Development/SDKs/JavaScript/Core/SDK/src/metadata.js">
          <metrics statements="31" coveredstatements="20" conditionals="28" coveredconditionals="18" methods="15" coveredmethods="9"/>
          <line num="3" count="1" type="stmt"/>
          <line num="6" count="1" type="stmt"/>
          <line num="8" count="7" type="cond" truecount="6" falsecount="2"/>
          <line num="10" count="1" type="stmt"/>
          <line num="12" count="1" type="stmt"/>
          <line num="14" count="1" type="stmt"/>
          <line num="16" count="1" type="stmt"/>
          <line num="18" count="1" type="stmt"/>
          <line num="20" count="2" type="cond" truecount="3" falsecount="1"/>
[...]
          <line num="609" count="639" type="stmt"/>
          <line num="611" count="639" type="cond" truecount="1" falsecount="1"/>
          <line num="612" count="639" type="stmt"/>
          <line num="615" count="639" type="cond" truecount="2" falsecount="0"/>
          <line num="616" count="4" type="stmt"/>
          <line num="617" count="4" type="stmt"/>
          <line num="619" count="4" type="cond" truecount="1" falsecount="1"/>
          <line num="620" count="0" type="stmt"/>
          <line num="623" count="4" type="stmt"/>
          <line num="626" count="639" type="cond" truecount="1" falsecount="1"/>
          <line num="627" count="0" type="stmt"/>
          <line num="630" count="639" type="cond" truecount="1" falsecount="1"/>
          <line num="631" count="639" type="stmt"/>
          <line num="633" count="639" type="cond" truecount="5" falsecount="2"/>
          <line num="635" count="4" type="stmt"/>
          <line num="636" count="4" type="stmt"/>
          <line num="638" count="130" type="stmt"/>
          <line num="639" count="130" type="stmt"/>
          <line num="641" count="0" type="stmt"/>
          <line num="642" count="0" type="stmt"/>
          <line num="644" count="0" type="stmt"/>
          <line num="645" count="0" type="stmt"/>
          <line num="647" count="273" type="stmt"/>
          <line num="648" count="273" type="stmt"/>
          <line num="650" count="130" type="stmt"/>
          <line num="651" count="130" type="stmt"/>
          <line num="653" count="102" type="stmt"/>
          <line num="654" count="102" type="stmt"/>
          <line num="656" count="0" type="stmt"/>
          <line num="657" count="0" type="stmt"/>
          <line num="659" count="0" type="stmt"/>
          <line num="664" count="639" type="cond" truecount="2" falsecount="0"/>
          <line num="665" count="366" type="stmt"/>
          <line num="667" count="366" type="cond" truecount="2" falsecount="0"/>
          <line num="668" count="132" type="stmt"/>
          <line num="671" count="366" type="stmt"/>
          <line num="675" count="639" type="stmt"/>
          <line num="678" count="906" type="stmt"/>
          <line num="683" count="178" type="stmt"/>
          <line num="684" count="178" type="cond" truecount="1" falsecount="1"/>
          <line num="686" count="178" type="cond" truecount="1" falsecount="1"/>
          <line num="687" count="178" type="stmt"/>
          <line num="690" count="0" type="stmt"/>
          <line num="693" count="458" type="stmt"/>
          <line num="694" count="458" type="stmt"/>
          <line num="695" count="458" type="stmt"/>
          <line num="697" count="458" type="cond" truecount="1" falsecount="1"/>
          <line num="699" count="458" type="stmt"/>
          <line num="700" count="458" type="stmt"/>
          <line num="701" count="458" type="stmt"/>
          <line num="703" count="458" type="cond" truecount="1" falsecount="1"/>
          <line num="704" count="458" type="cond" truecount="2" falsecount="0"/>
          <line num="705" count="458" type="cond" truecount="2" falsecount="0"/>
          <line num="710" count="453" type="stmt"/>
          <line num="713" count="453" type="cond" truecount="1" falsecount="1"/>
          <line num="718" count="0" type="stmt"/>
          <line num="721" count="453" type="stmt"/>
          <line num="726" count="0" type="stmt"/>
          <line num="729" count="453" type="stmt"/>
          <line num="734" count="643" type="stmt"/>
          <line num="737" count="453" type="stmt"/>
          <line num="742" count="639" type="stmt"/>
          <line num="745" count="453" type="cond" truecount="1" falsecount="1"/>
          <line num="746" count="453" type="cond" truecount="1" falsecount="1"/>
          <line num="747" count="0" type="stmt"/>
          <line num="750" count="453" type="stmt"/>
          <line num="753" count="453" type="stmt"/>
          <line num="765" count="1278" type="stmt"/>
          <line num="777" count="453" type="stmt"/>
          <line num="778" count="453" type="stmt"/>
          <line num="779" count="453" type="stmt"/>
          <line num="780" count="453" type="stmt"/>
          <line num="781" count="453" type="stmt"/>
          <line num="783" count="453" type="cond" truecount="1" falsecount="1"/>
          <line num="784" count="453" type="stmt"/>
          <line num="787" count="453" type="cond" truecount="1" falsecount="1"/>
          <line num="788" count="453" type="stmt"/>
          <line num="791" count="453" type="cond" truecount="1" falsecount="1"/>
          <line num="792" count="453" type="stmt"/>
          <line num="795" count="453" type="stmt"/>
          <line num="799" count="1" type="stmt"/>
          <line num="807" count="1" type="stmt"/>
          <line num="809" count="453" type="cond" truecount="3" falsecount="1"/>
          <line num="811" count="453" type="stmt"/>
          <line num="813" count="453" type="stmt"/>
          <line num="814" count="453" type="stmt"/>
          <line num="817" count="1" type="stmt"/>
          <line num="820" count="453" type="stmt"/>
          <line num="825" count="1" type="stmt"/>
          <line num="826" count="453" type="stmt"/>
          <line num="827" count="453" type="stmt"/>
          <line num="828" count="906" type="cond" truecount="4" falsecount="0"/>
          <line num="830" count="453" type="cond" truecount="1" falsecount="1"/>
          <line num="831" count="453" type="stmt"/>
          <line num="832" count="453" type="stmt"/>
          <line num="835" count="0" type="stmt"/>
          <line num="840" count="453" type="stmt"/>
          <line num="844" count="453" type="stmt"/>
          <line num="851" count="453" type="stmt"/>
          <line num="854" count="1" type="stmt"/>
          <line num="859" count="0" type="stmt"/>
          <line num="867" count="0" type="stmt"/>
          <line num="872" count="2579" type="stmt"/>
          <line num="875" count="453" type="cond" truecount="3" falsecount="1"/>
          <line num="876" count="0" type="stmt"/>
          <line num="879" count="453" type="stmt"/>
          <line num="884" count="453" type="stmt"/>
          <line num="887" count="5" type="stmt"/>
          <line num="892" count="186" type="stmt"/>
          <line num="895" count="0" type="stmt"/>
          <line num="900" count="178" type="stmt"/>
          <line num="903" count="5" type="stmt"/>
          <line num="908" count="639" type="stmt"/>
          <line num="911" count="13" type="stmt"/>
          <line num="916" count="178" type="stmt"/>
          <line num="919" count="0" type="stmt"/>
          <line num="923" count="1" type="stmt"/>
          <line num="931" count="1" type="stmt"/>
          <line num="932" count="1" type="stmt"/>
          <line num="935" count="453" type="stmt"/>
          <line num="937" count="453" type="stmt"/>
          <line num="939" count="453" type="stmt"/>
          <line num="940" count="453" type="stmt"/>
          <line num="943" count="1" type="stmt"/>
          <line num="946" count="0" type="stmt"/>
          <line num="947" count="0" type="stmt"/>
          <line num="948" count="0" type="stmt"/>
          <line num="953" count="2579" type="stmt"/>
          <line num="956" count="453" type="cond" truecount="4" falsecount="0"/>
          <line num="957" count="274" type="stmt"/>
          <line num="960" count="453" type="stmt"/>
          <line num="965" count="275" type="stmt"/>
          <line num="968" count="0" type="stmt"/>
          <line num="973" count="275" type="stmt"/>
          <line num="978" count="275" type="stmt"/>
          <line num="983" count="275" type="stmt"/>
          <line num="987" count="1" type="stmt"/>
        </file>
        <file name="response.js" path="/Users/Thomas/Documents/Kinvey/Development/SDKs/JavaScript/Core/SDK/src/requests/response.js">
          <metrics statements="100" coveredstatements="77" conditionals="113" coveredconditionals="69" methods="34" coveredmethods="28"/>
          <line num="3" count="1" type="stmt"/>
          <line num="6" count="1" type="stmt"/>
          <line num="8" count="453" type="cond" truecount="4" falsecount="6"/>
          <line num="10" count="1220" type="cond" truecount="4" falsecount="6"/>
          <line num="12" count="10" type="cond" truecount="6" falsecount="2"/>
          <line num="14" count="1" type="stmt"/>
          <line num="16" count="1" type="stmt"/>
          <line num="18" count="1" type="stmt"/>
          <line num="20" count="1" type="stmt"/>
          <line num="22" count="1" type="stmt"/>
          <line num="24" count="1" type="stmt"/>
          <line num="26" count="2" type="cond" truecount="3" falsecount="1"/>
          <line num="28" count="906" type="cond" truecount="3" falsecount="4"/>
          <line num="30" count="2" type="cond" truecount="6" falsecount="4"/>
          <line num="32" count="1812" type="cond" truecount="1" falsecount="1"/>
          <line num="38" count="1" type="stmt"/>
          <line num="47" count="1" type="stmt"/>
          <line num="48" count="1" type="stmt"/>
          <line num="50" count="1" type="stmt"/>
          <line num="52" count="453" type="cond" truecount="3" falsecount="1"/>
          <line num="54" count="453" type="stmt"/>
          <line num="56" count="453" type="stmt"/>
          <line num="62" count="453" type="stmt"/>
          <line num="63" count="453" type="stmt"/>
          <line num="64" count="453" type="stmt"/>
          <line num="67" count="1" type="stmt"/>
          <line num="70" count="0" type="stmt"/>
          <line num="73" count="453" type="cond" truecount="1" falsecount="1"/>
          <line num="74" count="453" type="stmt"/>
          <line num="77" count="453" type="stmt"/>
          <line num="82" count="309" type="stmt"/>
          <line num="85" count="453" type="stmt"/>
          <line num="89" count="1" type="stmt"/>
          <line num="92" count="1" type="stmt"/>
          <line num="93" count="1" type="stmt"/>
          <line num="96" count="453" type="stmt"/>
          <line num="98" count="453" type="stmt"/>
          <line num="101" count="1" type="stmt"/>
          <line num="109" count="1" type="stmt"/>
          <line num="111" count="453" type="cond" truecount="3" falsecount="1"/>
          <line num="113" count="453" type="stmt"/>
          <line num="115" count="453" type="stmt"/>
          <line num="118" count="1" type="stmt"/>
          <line num="121" count="454" type="cond" truecount="3" falsecount="0"/>
          <line num="126" count="1220" type="stmt"/>
          <line num="129" count="453" type="cond" truecount="3" falsecount="1"/>
          <line num="130" count="0" type="stmt"/>
          <line num="133" count="453" type="stmt"/>
          <line num="138" count="911" type="stmt"/>
          <line num="141" count="0" type="stmt"/>
          <line num="146" count="0" type="stmt"/>
          <line num="149" count="0" type="stmt"/>
          <line num="154" count="309" type="stmt"/>
          <line num="157" count="0" type="stmt"/>
          <line num="162" count="0" type="cond" truecount="0" falsecount="2"/>
          <line num="163" count="0" type="stmt"/>
          <line num="166" count="0" type="stmt"/>
          <line num="170" count="1" type="stmt"/>
          <line num="173" count="1" type="stmt"/>
          <line num="174" count="1" type="stmt"/>
          <line num="177" count="453" type="stmt"/>
          <line num="179" count="453" type="stmt"/>
          <line num="182" count="1" type="stmt"/>
          <line num="185" count="1220" type="stmt"/>
          <line num="188" count="453" type="cond" truecount="3" falsecount="1"/>
          <line num="189" count="0" type="stmt"/>
          <line num="192" count="453" type="stmt"/>
          <line num="197" count="1" type="cond" truecount="1" falsecount="1"/>
          <line num="198" count="0" type="stmt"/>
          <line num="201" count="1" type="cond" truecount="2" falsecount="0"/>
          <line num="202" count="1" type="cond" truecount="2" falsecount="0"/>
          <line num="203" count="1" type="cond" truecount="2" falsecount="0"/>
          <line num="204" count="1" type="stmt"/>
          <line num="205" count="1" type="stmt"/>
          <line num="207" count="1" type="cond" truecount="1" falsecount="1"/>
          <line num="208" count="0" type="stmt"/>
          <line num="209" count="1" type="cond" truecount="1" falsecount="1"/>
          <line num="210" count="0" type="stmt"/>
          <line num="211" count="1" type="cond" truecount="1" falsecount="1"/>
          <line num="212" count="0" type="stmt"/>
          <line num="213" count="1" type="cond" truecount="1" falsecount="1"/>
          <line num="214" count="0" type="stmt"/>
          <line num="215" count="1" type="cond" truecount="1" falsecount="1"/>
          <line num="216" count="0" type="stmt"/>
          <line num="217" count="1" type="cond" truecount="1" falsecount="1"/>
          <line num="218" count="0" type="stmt"/>
          <line num="219" count="1" type="cond" truecount="1" falsecount="1"/>
          <line num="220" count="0" type="stmt"/>
          <line num="221" count="1" type="cond" truecount="1" falsecount="1"/>
          <line num="222" count="0" type="stmt"/>
          <line num="223" count="1" type="cond" truecount="1" falsecount="1"/>
          <line num="224" count="0" type="stmt"/>
          <line num="225" count="1" type="cond" truecount="1" falsecount="1"/>
          <line num="226" count="0" type="stmt"/>
          <line num="227" count="1" type="cond" truecount="8" falsecount="1"/>
          <line num="228" count="0" type="stmt"/>
          <line num="229" count="1" type="cond" truecount="1" falsecount="1"/>
          <line num="230" count="0" type="stmt"/>
          <line num="233" count="1" type="stmt"/>
          <line num="237" count="1" type="stmt"/>
        </file>
      </package>
      <package name="src.utils">
        <metrics statements="82" coveredstatements="64" conditionals="71" coveredconditionals="45" methods="26" coveredmethods="20"/>
        <file name="object.js" path="/Users/Thomas/Documents/Kinvey/Development/SDKs/JavaScript/Core/SDK/src/utils/object.js">
          <metrics statements="28" coveredstatements="19" conditionals="20" coveredconditionals="13" methods="7" coveredmethods="3"/>
          <line num="3" count="1" type="stmt"/>
          <line num="6" count="1" type="stmt"/>
          <line num="7" count="1" type="stmt"/>
          <line num="8" count="1" type="stmt"/>
          <line num="10" count="1" type="stmt"/>
          <line num="12" count="1" type="stmt"/>
          <line num="14" count="1" type="stmt"/>
          <line num="16" count="1" type="stmt"/>
          <line num="18" count="2" type="cond" truecount="3" falsecount="1"/>
          <line num="24" count="8" type="cond" truecount="2" falsecount="0"/>
          <line num="25" count="2" type="cond" truecount="2" falsecount="0"/>
          <line num="26" count="2" type="stmt"/>
          <line num="29" count="6" type="stmt"/>
          <line num="30" count="6" type="stmt"/>
          <line num="31" count="6" type="cond" truecount="2" falsecount="0"/>
          <line num="32" count="9" type="stmt"/>
          <line num="33" count="9" type="stmt"/>
          <line num="36" count="6" type="cond" truecount="2" falsecount="0"/>
          <line num="43" count="5" type="cond" truecount="2" falsecount="0"/>
          <line num="50" count="0" type="stmt"/>
          <line num="51" count="0" type="stmt"/>
          <line num="53" count="0" type="cond" truecount="0" falsecount="4"/>
          <line num="55" count="0" type="stmt"/>
          <line num="56" count="0" type="cond" truecount="0" falsecount="2"/>
          <line num="57" count="0" type="stmt"/>
          <line num="58" count="0" type="stmt"/>
          <line num="59" count="0" type="stmt"/>
          <line num="62" count="0" type="stmt"/>
        </file>
        <file name="observable.js" path="/Users/Thomas/Documents/Kinvey/Development/SDKs/JavaScript/Core/SDK/src/utils/observable.js">
          <metrics statements="16" coveredstatements="16" conditionals="27" coveredconditionals="15" methods="10" coveredmethods="10"/>
          <line num="3" count="1" type="stmt"/>
          <line num="6" count="1" type="stmt"/>
          <line num="8" count="2" type="cond" truecount="5" falsecount="3"/>
          <line num="10" count="1" type="stmt"/>
          <line num="12" count="1" type="stmt"/>
          <line num="14" count="79" type="cond" truecount="1" falsecount="1"/>
          <line num="16" count="79" type="cond" truecount="3" falsecount="4"/>
          <line num="18" count="1" type="cond" truecount="6" falsecount="4"/>
          <line num="20" count="1" type="stmt"/>
          <line num="21" count="1" type="stmt"/>
          <line num="24" count="79" type="stmt"/>
          <line num="26" count="79" type="stmt"/>
          <line num="29" count="1" type="stmt"/>
          <line num="32" count="45" type="stmt"/>
          <line num="37" count="79" type="stmt"/>
          <line num="41" count="1" type="stmt"/>
        </file>
        <file name="storage.js" path="/Users/Thomas/Documents/Kinvey/Development/SDKs/JavaScript/Core/SDK/src/utils/storage.js">
          <metrics statements="31" coveredstatements="22" conditionals="16" coveredconditionals="12" methods="7" coveredmethods="5"/>
          <line num="3" count="1" type="stmt"/>
          <line num="6" count="1" type="stmt"/>
          <line num="7" count="1" type="stmt"/>
          <line num="8" count="1" type="stmt"/>
          <line num="9" count="1" type="stmt"/>
          <line num="10" count="1" type="stmt"/>
          <line num="11" count="1" type="stmt"/>
          <line num="13" count="1" type="stmt"/>
          <line num="15" count="1" type="stmt"/>
          <line num="17" count="1" type="cond" truecount="3" falsecount="1"/>
          <line num="19" count="1" type="cond" truecount="2" falsecount="0"/>
          <line num="20" count="1" type="cond" truecount="2" falsecount="0"/>
          <line num="21" count="1" type="cond" truecount="2" falsecount="0"/>
          <line num="25" count="655" type="stmt"/>
          <line num="30" count="130" type="cond" truecount="2" falsecount="0"/>
          <line num="31" count="65" type="stmt"/>
          <line num="32" count="65" type="stmt"/>
          <line num="34" count="0" type="stmt"/>
          <line num="38" count="65" type="stmt"/>
          <line num="43" count="0" type="stmt"/>
          <line num="48" count="0" type="cond" truecount="0" falsecount="2"/>
          <line num="49" count="0" type="stmt"/>
          <line num="50" count="0" type="stmt"/>
          <line num="52" count="0" type="stmt"/>
          <line num="56" count="0" type="stmt"/>
          <line num="61" count="22" type="stmt"/>
          <line num="66" count="22" type="cond" truecount="1" falsecount="1"/>
          <line num="67" count="22" type="stmt"/>
          <line num="68" count="22" type="stmt"/>
          <line num="70" count="0" type="stmt"/>
          <line num="74" count="0" type="stmt"/>
        </file>
        <file name="string.js" path="/Users/Thomas/Documents/Kinvey/Development/SDKs/JavaScript/Core/SDK/src/utils/string.js">
          <metrics statements="7" coveredstatements="7" conditionals="8" coveredconditionals="5" methods="2" coveredmethods="2"/>
          <line num="3" count="1" type="stmt"/>
          <line num="6" count="1" type="stmt"/>
          <line num="8" count="1" type="stmt"/>
          <line num="10" count="1" type="stmt"/>
          <line num="12" count="1" type="cond" truecount="3" falsecount="1"/>
          <line num="15" count="224" type="cond" truecount="2" falsecount="2"/>
          <line num="17" count="224" type="stmt"/>
        </file>
      </package>
    </metrics>
  </project>
</coverage>
