TN:
SF:/Users/Thomas/Documents/Kinvey/Development/SDKs/JavaScript/Core/SDK/src/acl.js
FN:14,Acl
FNF:1
FNH:1
FNDA:2,Acl
DA:1,1
DA:2,1
DA:3,1
DA:4,1
DA:14,4
DA:15,2
DA:16,0
DA:25,2
DA:29,0
DA:33,0
DA:37,0
DA:41,0
DA:45,0
DA:49,0
DA:53,0
DA:57,0
DA:59,0
DA:60,0
DA:63,0
DA:64,0
DA:68,0
DA:69,0
DA:71,0
DA:72,0
DA:75,0
DA:76,0
DA:77,0
DA:81,0
DA:83,0
DA:84,0
DA:87,0
DA:88,0
DA:92,0
DA:93,0
DA:95,0
DA:96,0
DA:99,0
DA:100,0
DA:101,0
DA:105,0
DA:109,0
DA:113,0
DA:114,0
DA:116,0
DA:117,0
DA:120,0
DA:121,0
DA:125,0
DA:126,0
DA:127,0
DA:129,0
DA:130,0
DA:133,0
DA:134,0
DA:135,0
DA:139,0
DA:140,0
DA:142,0
DA:143,0
DA:146,0
DA:147,0
DA:151,0
DA:152,0
DA:153,0
DA:155,0
DA:156,0
DA:159,0
DA:160,0
DA:161,0
DA:165,0
LF:70
LH:7
BRDA:4,1,0,1
BRDA:4,1,1,1
BRDA:14,2,0,0
BRDA:14,2,1,2
BRDA:14,3,0,2
BRDA:14,3,1,2
BRDA:15,4,0,0
BRDA:15,4,1,2
BRDA:57,5,0,0
BRDA:57,5,1,0
BRDA:59,6,0,0
BRDA:59,6,1,0
BRDA:68,7,0,0
BRDA:68,7,1,0
BRDA:69,8,0,0
BRDA:69,8,1,0
BRDA:71,9,0,0
BRDA:71,9,1,0
BRDA:81,10,0,0
BRDA:81,10,1,0
BRDA:83,11,0,0
BRDA:83,11,1,0
BRDA:92,12,0,0
BRDA:92,12,1,0
BRDA:93,13,0,0
BRDA:93,13,1,0
BRDA:95,14,0,0
BRDA:95,14,1,0
BRDA:105,15,0,0
BRDA:105,15,1,0
BRDA:109,16,0,0
BRDA:109,16,1,0
BRDA:113,17,0,0
BRDA:113,17,1,0
BRDA:116,18,0,0
BRDA:116,18,1,0
BRDA:125,19,0,0
BRDA:125,19,1,0
BRDA:126,20,0,0
BRDA:126,20,1,0
BRDA:129,21,0,0
BRDA:129,21,1,0
BRDA:139,22,0,0
BRDA:139,22,1,0
BRDA:142,23,0,0
BRDA:142,23,1,0
BRDA:151,24,0,0
BRDA:151,24,1,0
BRDA:152,25,0,0
BRDA:152,25,1,0
BRDA:155,26,0,0
BRDA:155,26,1,0
BRDA:33,27,0,0
BRDA:33,27,1,0
BRDA:37,28,0,0
BRDA:37,28,1,0
BRDA:41,29,0,0
BRDA:41,29,1,0
BRDA:45,30,0,0
BRDA:45,30,1,0
BRDA:49,31,0,0
BRDA:49,31,1,0
BRDA:53,32,0,0
BRDA:53,32,1,0
BRF:64
BRH:6
end_of_record
TN:
SF:/Users/Thomas/Documents/Kinvey/Development/SDKs/JavaScript/Core/SDK/src/aggregation.js
FN:11,Aggregation
FN:16,(anonymous_8)
FN:81,(anonymous_11)
FN:85,(anonymous_12)
FN:94,(anonymous_13)
FN:103,(anonymous_14)
FN:130,(anonymous_23)
FN:142,(anonymous_25)
FN:153,(anonymous_27)
FN:164,(anonymous_29)
FN:175,(anonymous_31)
FNF:11
FNH:0
FNDA:0,Aggregation
FNDA:0,(anonymous_8)
FNDA:0,(anonymous_11)
FNDA:0,(anonymous_12)
FNDA:0,(anonymous_13)
FNDA:0,(anonymous_14)
FNDA:0,(anonymous_23)
FNDA:0,(anonymous_25)
FNDA:0,(anonymous_27)
FNDA:0,(anonymous_29)
FNDA:0,(anonymous_31)
DA:1,1
DA:2,1
DA:3,1
DA:4,1
DA:5,1
DA:6,1
DA:7,1
DA:8,1
DA:11,0
DA:12,0
DA:19,0
DA:20,0
DA:21,0
DA:22,0
DA:26,0
DA:30,0
DA:31,0
DA:34,0
DA:38,0
DA:42,0
DA:43,0
DA:46,0
DA:50,0
DA:54,0
DA:55,0
DA:58,0
DA:59,0
DA:62,0
DA:66,0
DA:67,0
DA:70,0
DA:71,0
DA:72,0
DA:73,0
DA:74,0
DA:77,0
DA:78,0
DA:81,0
DA:82,0
DA:83,0
DA:85,0
DA:86,0
DA:89,0
DA:90,0
DA:91,0
DA:92,0
DA:94,0
DA:95,0
DA:99,0
DA:102,0
DA:103,0
DA:104,0
DA:107,0
DA:111,0
DA:119,0
DA:122,0
DA:123,0
DA:125,0
DA:126,0
DA:129,0
DA:130,0
DA:131,0
DA:132,0
DA:134,0
DA:137,0
DA:138,0
DA:140,0
DA:141,0
DA:142,0
DA:143,0
DA:145,0
DA:148,0
DA:149,0
DA:151,0
DA:152,0
DA:153,0
DA:154,0
DA:156,0
DA:159,0
DA:160,0
DA:162,0
DA:163,0
DA:164,0
DA:165,0
DA:167,0
DA:170,0
DA:171,0
DA:173,0
DA:174,0
DA:175,0
DA:176,0
DA:177,0
DA:179,0
LF:93
LH:8
BRDA:70,1,0,0
BRDA:70,1,1,0
BRDA:70,2,0,0
BRDA:70,2,1,0
BRDA:77,3,0,0
BRDA:77,3,1,0
BRDA:90,4,0,0
BRDA:90,4,1,0
BRDA:115,5,0,0
BRDA:115,5,1,0
BRDA:116,6,0,0
BRDA:116,6,1,0
BRDA:30,7,0,0
BRDA:30,7,1,0
BRDA:42,8,0,0
BRDA:42,8,1,0
BRDA:42,9,0,0
BRDA:42,9,1,0
BRDA:54,10,0,0
BRDA:54,10,1,0
BRDA:58,11,0,0
BRDA:58,11,1,0
BRDA:122,12,0,0
BRDA:122,12,1,0
BRDA:122,13,0,0
BRDA:122,13,1,0
BRDA:125,14,0,0
BRDA:125,14,1,0
BRDA:137,15,0,0
BRDA:137,15,1,0
BRDA:137,16,0,0
BRDA:137,16,1,0
BRDA:148,17,0,0
BRDA:148,17,1,0
BRDA:148,18,0,0
BRDA:148,18,1,0
BRDA:159,19,0,0
BRDA:159,19,1,0
BRDA:159,20,0,0
BRDA:159,20,1,0
BRDA:170,21,0,0
BRDA:170,21,1,0
BRDA:170,22,0,0
BRDA:170,22,1,0
BRF:44
BRH:0
end_of_record
TN:
SF:/Users/Thomas/Documents/Kinvey/Development/SDKs/JavaScript/Core/SDK/src/client.js
FN:34,Client
FNF:1
FNH:1
FNDA:4,Client
DA:1,1
DA:2,1
DA:3,1
DA:4,1
DA:5,1
DA:6,1
DA:34,8
DA:35,4
DA:40,4
DA:41,0
DA:42,0
DA:43,0
DA:49,4
DA:54,4
DA:59,4
DA:64,4
DA:69,4
DA:74,4
DA:79,4
DA:83,180
DA:90,655
DA:94,0
DA:98,454
DA:102,4
DA:103,4
DA:106,4
DA:115,1
DA:125,1
DA:152,3
DA:153,3
DA:154,3
DA:165,963
DA:166,0
DA:170,963
LF:34
LH:29
BRDA:34,1,0,0
BRDA:34,1,1,4
BRDA:34,2,0,4
BRDA:34,2,1,4
BRDA:36,3,0,4
BRDA:36,3,1,4
BRDA:37,4,0,4
BRDA:37,4,1,4
BRDA:40,5,0,0
BRDA:40,5,1,4
BRDA:40,6,0,4
BRDA:40,6,1,0
BRDA:59,7,0,4
BRDA:59,7,1,0
BRDA:102,8,0,4
BRDA:102,8,1,0
BRDA:165,9,0,0
BRDA:165,9,1,963
BRF:18
BRH:12
end_of_record
TN:
SF:/Users/Thomas/Documents/Kinvey/Development/SDKs/JavaScript/Core/SDK/src/datastore.js
FN:43,DataStore
FN:184,(anonymous_21)
FN:184,_callee
FN:298,(anonymous_26)
FN:298,_callee2
FN:397,(anonymous_31)
FN:397,_callee3
FN:474,(anonymous_36)
FN:474,_callee4
FN:510,(anonymous_39)
FN:511,(anonymous_40)
FN:517,(anonymous_41)
FN:536,(anonymous_42)
FN:551,(anonymous_45)
FN:551,_callee5
FN:588,(anonymous_48)
FN:589,(anonymous_49)
FN:595,(anonymous_50)
FN:614,(anonymous_51)
FN:637,(anonymous_55)
FN:637,_callee6
FN:660,(anonymous_58)
FN:669,(anonymous_59)
FN:676,(anonymous_60)
FN:677,(anonymous_61)
FN:712,(anonymous_64)
FN:712,_callee7
FN:747,(anonymous_67)
FN:748,(anonymous_68)
FN:781,(anonymous_71)
FN:781,_callee8
FNF:31
FNH:17
FNDA:68,DataStore
FNDA:4,(anonymous_21)
FNDA:11,_callee
FNDA:0,(anonymous_26)
FNDA:0,_callee2
FNDA:64,(anonymous_31)
FNDA:192,_callee3
FNDA:20,(anonymous_36)
FNDA:53,_callee4
FNDA:6,(anonymous_39)
FNDA:6,(anonymous_40)
FNDA:3,(anonymous_41)
FNDA:3,(anonymous_42)
FNDA:2,(anonymous_45)
FNDA:5,_callee5
FNDA:0,(anonymous_48)
FNDA:0,(anonymous_49)
FNDA:0,(anonymous_50)
FNDA:0,(anonymous_51)
FNDA:0,(anonymous_55)
FNDA:0,_callee6
FNDA:0,(anonymous_58)
FNDA:0,(anonymous_59)
FNDA:0,(anonymous_60)
FNDA:0,(anonymous_61)
FNDA:4,(anonymous_64)
FNDA:10,_callee7
FNDA:0,(anonymous_67)
FNDA:0,(anonymous_68)
FNDA:64,(anonymous_71)
FNDA:160,_callee8
DA:3,1
DA:4,1
DA:5,1
DA:6,1
DA:7,1
DA:8,1
DA:9,1
DA:10,1
DA:11,1
DA:12,1
DA:13,1
DA:14,1
DA:15,1
DA:16,1
DA:17,1
DA:18,1
DA:19,1
DA:20,1
DA:21,1
DA:22,1
DA:23,1
DA:24,1
DA:25,1
DA:26,1
DA:31,1
DA:36,1
DA:43,68
DA:44,68
DA:45,1
DA:51,67
DA:56,67
DA:61,67
DA:67,67
DA:72,67
DA:73,67
DA:77,67
DA:78,67
DA:87,161
DA:89,161
DA:90,161
DA:93,161
DA:94,160
DA:97,161
DA:106,7
DA:107,1
DA:111,6
DA:112,6
DA:121,72
DA:122,72
DA:131,136
DA:140,9
DA:141,1
DA:145,8
DA:146,8
DA:155,72
DA:156,72
DA:165,94
DA:183,4
DA:184,59
DA:185,2
DA:186,2
DA:197,1
DA:202,0
DA:213,1
DA:225,1
DA:226,1
DA:227,1
DA:228,1
DA:231,0
DA:237,1
DA:238,1
DA:252,1
DA:255,1
DA:256,0
DA:259,1
DA:260,1
DA:265,1
DA:266,1
DA:267,1
DA:268,1
DA:280,1
DA:285,1
DA:294,2
DA:297,0
DA:298,0
DA:300,0
DA:305,0
DA:310,0
DA:321,0
DA:332,0
DA:333,0
DA:334,0
DA:337,0
DA:343,0
DA:344,0
DA:357,0
DA:359,0
DA:360,0
DA:363,0
DA:364,0
DA:365,0
DA:370,0
DA:382,0
DA:393,0
DA:396,64
DA:397,1344
DA:405,32
DA:410,0
DA:421,32
DA:433,32
DA:434,32
DA:435,32
DA:436,32
DA:439,0
DA:444,32
DA:458,32
DA:459,32
DA:460,32
DA:461,32
DA:470,32
DA:473,20
DA:474,309
DA:477,0
DA:479,10
DA:481,10
DA:482,7
DA:483,7
DA:487,8
DA:499,8
DA:500,8
DA:501,8
DA:507,5
DA:508,5
DA:509,5
DA:510,6
DA:511,6
DA:515,8
DA:517,2
DA:518,3
DA:532,3
DA:533,3
DA:536,3
DA:537,2
DA:547,10
DA:550,2
DA:551,32
DA:554,0
DA:556,1
DA:557,1
DA:559,1
DA:560,1
DA:561,1
DA:565,1
DA:577,1
DA:578,1
DA:579,1
DA:585,0
DA:586,0
DA:587,0
DA:588,0
DA:589,0
DA:593,1
DA:595,0
DA:596,0
DA:597,0
DA:611,0
DA:612,0
DA:614,0
DA:615,0
DA:625,1
DA:629,3
DA:630,1
DA:633,2
DA:636,0
DA:637,0
DA:642,0
DA:654,0
DA:655,0
DA:656,0
DA:660,0
DA:661,0
DA:662,0
DA:664,0
DA:668,0
DA:669,0
DA:673,0
DA:674,0
DA:675,0
DA:676,0
DA:677,0
DA:681,0
DA:683,0
DA:697,0
DA:698,0
DA:699,0
DA:708,0
DA:711,4
DA:712,72
DA:715,0
DA:717,2
DA:729,2
DA:730,2
DA:731,2
DA:734,2
DA:737,1
DA:738,1
DA:745,0
DA:746,0
DA:747,0
DA:748,0
DA:752,2
DA:753,0
DA:754,0
DA:766,0
DA:767,0
DA:768,0
DA:777,2
DA:780,64
DA:781,922
DA:789,32
DA:801,32
DA:802,32
DA:803,32
DA:806,6
DA:809,26
DA:813,32
DA:822,32
DA:846,5
DA:847,0
DA:850,5
DA:947,34
DA:948,0
DA:951,34
DA:998,4
DA:999,4
DA:1001,4
DA:1003,1
DA:1004,1
DA:1005,1
DA:1007,1
DA:1008,1
DA:1009,1
DA:1012,2
DA:1013,2
DA:1017,4
DA:1021,0
LF:246
LH:170
BRDA:23,1,0,1
BRDA:23,1,1,1
BRDA:24,2,0,1
BRDA:24,2,1,1
BRDA:44,3,0,1
BRDA:44,3,1,67
BRDA:44,4,0,68
BRDA:44,4,1,49
BRDA:106,5,0,1
BRDA:106,5,1,6
BRDA:140,6,0,1
BRDA:140,6,1,8
BRDA:183,7,0,2
BRDA:183,7,1,0
BRDA:183,8,0,2
BRDA:183,8,1,0
BRDA:184,9,0,2
BRDA:184,9,1,1
BRDA:184,9,2,1
BRDA:184,9,3,0
BRDA:184,9,4,0
BRDA:184,9,5,1
BRDA:184,9,6,1
BRDA:184,9,7,1
BRDA:184,9,8,1
BRDA:184,9,9,0
BRDA:184,9,10,1
BRDA:184,9,11,1
BRDA:184,9,12,1
BRDA:184,9,13,1
BRDA:184,9,14,1
BRDA:184,9,15,0
BRDA:184,9,16,1
BRDA:184,9,17,0
BRDA:184,9,18,2
BRDA:184,10,0,1
BRDA:184,10,1,1
BRDA:189,11,0,2
BRDA:189,11,1,1
BRDA:184,12,0,0
BRDA:184,12,1,1
BRDA:184,13,0,0
BRDA:184,13,1,1
BRDA:184,14,0,1
BRDA:184,14,1,0
BRDA:184,15,0,1
BRDA:184,15,1,0
BRDA:184,16,0,0
BRDA:184,16,1,1
BRDA:237,17,0,1
BRDA:237,17,1,1
BRDA:255,18,0,0
BRDA:255,18,1,1
BRDA:184,19,0,0
BRDA:184,19,1,1
BRDA:297,20,0,0
BRDA:297,20,1,0
BRDA:297,21,0,0
BRDA:297,21,1,0
BRDA:298,22,0,0
BRDA:298,22,1,0
BRDA:298,22,2,0
BRDA:298,22,3,0
BRDA:298,22,4,0
BRDA:298,22,5,0
BRDA:298,22,6,0
BRDA:298,22,7,0
BRDA:298,22,8,0
BRDA:298,22,9,0
BRDA:298,22,10,0
BRDA:298,22,11,0
BRDA:298,22,12,0
BRDA:298,22,13,0
BRDA:298,22,14,0
BRDA:298,22,15,0
BRDA:298,22,16,0
BRDA:298,22,17,0
BRDA:298,23,0,0
BRDA:298,23,1,0
BRDA:298,24,0,0
BRDA:298,24,1,0
BRDA:298,25,0,0
BRDA:298,25,1,0
BRDA:298,26,0,0
BRDA:298,26,1,0
BRDA:298,27,0,0
BRDA:298,27,1,0
BRDA:298,28,0,0
BRDA:298,28,1,0
BRDA:343,29,0,0
BRDA:343,29,1,0
BRDA:359,30,0,0
BRDA:359,30,1,0
BRDA:298,31,0,0
BRDA:298,31,1,0
BRDA:396,32,0,32
BRDA:396,32,1,0
BRDA:396,33,0,32
BRDA:396,33,1,0
BRDA:397,34,0,32
BRDA:397,34,1,32
BRDA:397,34,2,32
BRDA:397,34,3,0
BRDA:397,34,4,0
BRDA:397,34,5,32
BRDA:397,34,6,32
BRDA:397,34,7,32
BRDA:397,34,8,32
BRDA:397,34,9,0
BRDA:397,34,10,32
BRDA:397,34,11,32
BRDA:397,34,12,32
BRDA:397,34,13,0
BRDA:397,34,14,32
BRDA:397,34,15,0
BRDA:397,34,16,32
BRDA:397,35,0,32
BRDA:397,35,1,0
BRDA:398,36,0,32
BRDA:398,36,1,0
BRDA:397,37,0,0
BRDA:397,37,1,32
BRDA:397,38,0,0
BRDA:397,38,1,32
BRDA:397,39,0,32
BRDA:397,39,1,0
BRDA:397,40,0,32
BRDA:397,40,1,0
BRDA:436,41,0,32
BRDA:436,41,1,0
BRDA:397,42,0,0
BRDA:397,42,1,32
BRDA:461,43,0,32
BRDA:461,43,1,0
BRDA:473,44,0,10
BRDA:473,44,1,0
BRDA:473,45,0,10
BRDA:473,45,1,2
BRDA:474,46,0,10
BRDA:474,46,1,10
BRDA:474,46,2,8
BRDA:474,46,3,8
BRDA:474,46,4,5
BRDA:474,46,5,8
BRDA:474,46,6,2
BRDA:474,46,7,2
BRDA:474,46,8,10
BRDA:474,46,9,0
BRDA:474,46,10,10
BRDA:474,46,11,0
BRDA:474,46,12,10
BRDA:474,47,0,10
BRDA:474,47,1,0
BRDA:481,48,0,7
BRDA:481,48,1,3
BRDA:474,49,0,2
BRDA:474,49,1,8
BRDA:474,50,0,0
BRDA:474,50,1,8
BRDA:474,51,0,3
BRDA:474,51,1,5
BRDA:515,52,0,6
BRDA:515,52,1,2
BRDA:474,53,0,0
BRDA:474,53,1,2
BRDA:537,54,0,1
BRDA:537,54,1,1
BRDA:550,55,0,1
BRDA:550,55,1,0
BRDA:550,56,0,1
BRDA:550,56,1,1
BRDA:551,57,0,1
BRDA:551,57,1,1
BRDA:551,57,2,1
BRDA:551,57,3,1
BRDA:551,57,4,0
BRDA:551,57,5,1
BRDA:551,57,6,0
BRDA:551,57,7,0
BRDA:551,57,8,1
BRDA:551,57,9,0
BRDA:551,57,10,1
BRDA:551,57,11,0
BRDA:551,57,12,1
BRDA:551,58,0,1
BRDA:551,58,1,0
BRDA:559,59,0,1
BRDA:559,59,1,0
BRDA:551,60,0,0
BRDA:551,60,1,1
BRDA:570,61,0,1
BRDA:570,61,1,0
BRDA:551,62,0,0
BRDA:551,62,1,1
BRDA:551,63,0,1
BRDA:551,63,1,0
BRDA:593,64,0,1
BRDA:593,64,1,0
BRDA:551,65,0,0
BRDA:551,65,1,0
BRDA:603,66,0,0
BRDA:603,66,1,0
BRDA:615,67,0,0
BRDA:615,67,1,0
BRDA:629,68,0,1
BRDA:629,68,1,2
BRDA:636,69,0,0
BRDA:636,69,1,0
BRDA:636,70,0,0
BRDA:636,70,1,0
BRDA:637,71,0,0
BRDA:637,71,1,0
BRDA:637,71,2,0
BRDA:637,71,3,0
BRDA:637,71,4,0
BRDA:637,71,5,0
BRDA:637,71,6,0
BRDA:637,71,7,0
BRDA:637,71,8,0
BRDA:637,71,9,0
BRDA:637,71,10,0
BRDA:637,71,11,0
BRDA:637,71,12,0
BRDA:637,71,13,0
BRDA:637,72,0,0
BRDA:637,72,1,0
BRDA:639,73,0,0
BRDA:639,73,1,0
BRDA:637,74,0,0
BRDA:637,74,1,0
BRDA:637,75,0,0
BRDA:637,75,1,0
BRDA:637,76,0,0
BRDA:637,76,1,0
BRDA:637,77,0,0
BRDA:637,77,1,0
BRDA:711,78,0,2
BRDA:711,78,1,0
BRDA:711,79,0,2
BRDA:711,79,1,0
BRDA:712,80,0,2
BRDA:712,80,1,2
BRDA:712,80,2,2
BRDA:712,80,3,1
BRDA:712,80,4,1
BRDA:712,80,5,2
BRDA:712,80,6,0
BRDA:712,80,7,2
BRDA:712,80,8,0
BRDA:712,80,9,2
BRDA:712,80,10,0
BRDA:712,80,11,2
BRDA:712,80,12,0
BRDA:712,80,13,2
BRDA:712,81,0,2
BRDA:712,81,1,0
BRDA:712,82,0,0
BRDA:712,82,1,2
BRDA:712,83,0,0
BRDA:712,83,1,2
BRDA:712,84,0,1
BRDA:712,84,1,1
BRDA:712,85,0,2
BRDA:712,85,1,0
BRDA:753,86,0,0
BRDA:753,86,1,0
BRDA:780,87,0,32
BRDA:780,87,1,0
BRDA:780,88,0,32
BRDA:780,88,1,0
BRDA:781,89,0,32
BRDA:781,89,1,32
BRDA:781,89,2,32
BRDA:781,89,3,6
BRDA:781,89,4,26
BRDA:781,89,5,32
BRDA:781,89,6,32
BRDA:781,89,7,0
BRDA:781,89,8,32
BRDA:781,89,9,0
BRDA:781,89,10,32
BRDA:781,90,0,32
BRDA:781,90,1,0
BRDA:783,91,0,32
BRDA:783,91,1,0
BRDA:781,92,0,0
BRDA:781,92,1,32
BRDA:781,93,0,26
BRDA:781,93,1,6
BRDA:781,94,0,0
BRDA:781,94,1,26
BRDA:846,95,0,0
BRDA:846,95,1,5
BRDA:947,96,0,0
BRDA:947,96,1,34
BRDA:89,97,0,161
BRDA:89,97,1,0
BRDA:93,98,0,160
BRDA:93,98,1,1
BRDA:998,99,0,2
BRDA:998,99,1,2
BRDA:998,100,0,4
BRDA:998,100,1,2
BRDA:1002,101,0,1
BRDA:1002,101,1,1
BRDA:1002,101,2,2
BRDA:1002,101,3,2
BRDA:1028,102,0,65
BRF:308
BRH:160
end_of_record
TN:
SF:/Users/Thomas/Documents/Kinvey/Development/SDKs/JavaScript/Core/SDK/src/endpoint.js
FNF:0
FNH:0
DA:1,1
DA:2,1
DA:3,1
DA:4,1
DA:5,1
DA:6,1
DA:7,1
DA:8,1
DA:34,4
LF:9
LH:9
BRDA:8,1,0,1
BRDA:8,1,1,1
BRF:2
BRH:2
end_of_record
TN:
SF:/Users/Thomas/Documents/Kinvey/Development/SDKs/JavaScript/Core/SDK/src/errors.js
FN:4,KinveyError
FN:12,ActiveUserError
FN:18,FeatureUnavailableError
FN:24,IncompleteRequestBodyError
FN:30,InsufficientCredentialsError
FN:37,InvalidCredentialsError
FN:43,InvalidIdentifierError
FN:49,InvalidQuerySyntaxError
FN:55,JSONParseError
FN:61,MissingQueryError
FN:67,MissingRequestHeaderError
FN:73,MissingRequestParameterError
FN:79,NoNetworkConnectionError
FN:85,NoActiveUserError
FN:91,NotFoundError
FN:97,NoResponseError
FN:103,ParameterValueOutOfRangeError
FN:109,SyncError
FNF:18
FNH:5
FNDA:43,KinveyError
FNDA:4,ActiveUserError
FNDA:0,FeatureUnavailableError
FNDA:0,IncompleteRequestBodyError
FNDA:0,InsufficientCredentialsError
FNDA:0,InvalidCredentialsError
FNDA:0,InvalidIdentifierError
FNDA:0,InvalidQuerySyntaxError
FNDA:0,JSONParseError
FNDA:0,MissingQueryError
FNDA:0,MissingRequestHeaderError
FNDA:0,MissingRequestParameterError
FNDA:0,NoNetworkConnectionError
FNDA:2,NoActiveUserError
FNDA:2,NotFoundError
FNDA:0,NoResponseError
FNDA:0,ParameterValueOutOfRangeError
FNDA:8,SyncError
DA:1,1
DA:4,258
DA:6,43
DA:7,43
DA:12,16
DA:18,0
DA:24,0
DA:31,0
DA:37,0
DA:43,0
DA:49,0
DA:55,0
DA:61,0
DA:67,0
DA:73,0
DA:79,0
DA:85,8
DA:91,8
DA:97,0
DA:103,0
DA:109,32
LF:21
LH:8
BRDA:4,1,0,10
BRDA:4,1,1,33
BRDA:4,2,0,43
BRDA:4,2,1,34
BRDA:4,3,0,39
BRDA:4,3,1,4
BRDA:4,4,0,43
BRDA:4,4,1,21
BRDA:4,5,0,42
BRDA:4,5,1,1
BRDA:4,6,0,43
BRDA:4,6,1,1
BRDA:12,7,0,2
BRDA:12,7,1,2
BRDA:12,8,0,4
BRDA:12,8,1,2
BRDA:18,9,0,0
BRDA:18,9,1,0
BRDA:18,10,0,0
BRDA:18,10,1,0
BRDA:24,11,0,0
BRDA:24,11,1,0
BRDA:24,12,0,0
BRDA:24,12,1,0
BRDA:30,13,0,0
BRDA:30,13,1,0
BRDA:31,14,0,0
BRDA:31,14,1,0
BRDA:37,15,0,0
BRDA:37,15,1,0
BRDA:37,16,0,0
BRDA:37,16,1,0
BRDA:43,17,0,0
BRDA:43,17,1,0
BRDA:43,18,0,0
BRDA:43,18,1,0
BRDA:49,19,0,0
BRDA:49,19,1,0
BRDA:49,20,0,0
BRDA:49,20,1,0
BRDA:55,21,0,0
BRDA:55,21,1,0
BRDA:55,22,0,0
BRDA:55,22,1,0
BRDA:61,23,0,0
BRDA:61,23,1,0
BRDA:61,24,0,0
BRDA:61,24,1,0
BRDA:67,25,0,0
BRDA:67,25,1,0
BRDA:67,26,0,0
BRDA:67,26,1,0
BRDA:73,27,0,0
BRDA:73,27,1,0
BRDA:73,28,0,0
BRDA:73,28,1,0
BRDA:79,29,0,0
BRDA:79,29,1,0
BRDA:79,30,0,0
BRDA:79,30,1,0
BRDA:85,31,0,0
BRDA:85,31,1,2
BRDA:85,32,0,2
BRDA:85,32,1,2
BRDA:91,33,0,0
BRDA:91,33,1,2
BRDA:91,34,0,2
BRDA:91,34,1,2
BRDA:97,35,0,0
BRDA:97,35,1,0
BRDA:97,36,0,0
BRDA:97,36,1,0
BRDA:103,37,0,0
BRDA:103,37,1,0
BRDA:103,38,0,0
BRDA:103,38,1,0
BRDA:109,39,0,4
BRDA:109,39,1,4
BRDA:109,40,0,8
BRDA:109,40,1,4
BRF:80
BRH:26
end_of_record
TN:
SF:/Users/Thomas/Documents/Kinvey/Development/SDKs/JavaScript/Core/SDK/src/filestore.js
FN:18,FileStore
FN:92,(anonymous_22)
FNF:2
FNH:0
FNDA:0,FileStore
FNDA:0,(anonymous_22)
DA:2,1
DA:3,1
DA:4,1
DA:5,1
DA:6,1
DA:7,1
DA:8,1
DA:12,1
DA:18,0
DA:20,0
DA:49,0
DA:84,0
DA:85,0
DA:86,0
DA:92,0
DA:99,0
DA:128,0
DA:129,0
DA:130,0
DA:148,0
DA:149,0
DA:150,0
DA:178,0
DA:179,0
DA:180,0
DA:184,0
DA:185,0
DA:186,0
DA:188,0
DA:189,0
DA:209,0
DA:210,0
DA:211,0
DA:223,0
DA:224,0
DA:227,0
DA:228,0
DA:229,0
DA:237,0
DA:238,0
DA:241,0
DA:246,0
DA:250,0
LF:43
LH:8
BRDA:8,1,0,1
BRDA:8,1,1,1
BRDA:12,2,0,1
BRDA:12,2,1,1
BRDA:84,3,0,0
BRDA:84,3,1,0
BRDA:128,4,0,0
BRDA:128,4,1,0
BRDA:148,5,0,0
BRDA:148,5,1,0
BRDA:178,6,0,0
BRDA:178,6,1,0
BRDA:178,7,0,0
BRDA:178,7,1,0
BRDA:184,8,0,0
BRDA:184,8,1,0
BRDA:184,8,2,0
BRDA:185,9,0,0
BRDA:185,9,1,0
BRDA:185,9,2,0
BRDA:186,10,0,0
BRDA:186,10,1,0
BRDA:186,10,2,0
BRDA:186,10,3,0
BRDA:188,11,0,0
BRDA:188,11,1,0
BRDA:209,12,0,0
BRDA:209,12,1,0
BRDA:222,13,0,0
BRF:29
BRH:4
end_of_record
TN:
SF:/Users/Thomas/Documents/Kinvey/Development/SDKs/JavaScript/Core/SDK/src/kinvey.js
FNF:0
FNH:0
DA:1,1
DA:2,1
DA:3,1
DA:4,1
DA:5,1
DA:6,1
DA:7,1
DA:8,1
DA:9,1
DA:10,1
DA:11,1
DA:12,1
DA:13,1
DA:14,1
DA:15,1
DA:16,1
DA:17,1
DA:18,1
DA:22,0
DA:23,0
DA:27,0
DA:31,0
DA:56,3
DA:57,0
DA:62,3
DA:63,0
DA:68,3
DA:71,3
DA:72,3
DA:73,3
DA:74,3
DA:75,3
DA:76,3
DA:77,3
DA:78,3
DA:79,3
DA:80,3
DA:81,3
DA:82,3
DA:83,3
DA:86,3
LF:41
LH:35
BRDA:17,1,0,1
BRDA:17,1,1,1
BRDA:56,2,0,0
BRDA:56,2,1,3
BRDA:56,3,0,3
BRDA:56,3,1,0
BRDA:62,4,0,0
BRDA:62,4,1,3
BRDA:62,5,0,3
BRDA:62,5,1,0
BRDA:22,6,0,0
BRDA:22,6,1,0
BRF:12
BRH:6
end_of_record
TN:
SF:/Users/Thomas/Documents/Kinvey/Development/SDKs/JavaScript/Core/SDK/src/log.js
FN:4,methodFactory
FN:7,log
FNF:2
FNH:0
FNDA:0,methodFactory
FNDA:0,log
DA:1,1
DA:2,1
DA:4,1
DA:5,0
DA:7,0
DA:8,0
DA:12,1
LF:7
LH:4
BRF:0
BRH:0
end_of_record
TN:
SF:/Users/Thomas/Documents/Kinvey/Development/SDKs/JavaScript/Core/SDK/src/metadata.js
FN:10,Metadata
FNF:1
FNH:1
FNDA:16,Metadata
DA:1,1
DA:2,1
DA:3,1
DA:4,1
DA:10,32
DA:11,16
DA:12,0
DA:21,16
DA:25,0
DA:26,0
DA:29,0
DA:33,0
DA:37,0
DA:38,0
DA:41,0
DA:45,0
DA:49,2
DA:53,0
DA:57,16
DA:61,0
LF:20
LH:9
BRDA:4,1,0,1
BRDA:4,1,1,1
BRDA:10,2,0,0
BRDA:10,2,1,16
BRDA:10,3,0,16
BRDA:10,3,1,16
BRDA:11,4,0,0
BRDA:11,4,1,16
BRDA:21,5,0,16
BRDA:21,5,1,4
BRDA:25,6,0,0
BRDA:25,6,1,0
BRDA:37,7,0,0
BRDA:37,7,1,0
BRF:14
BRH:8
end_of_record
TN:
SF:/Users/Thomas/Documents/Kinvey/Development/SDKs/JavaScript/Core/SDK/src/mic.js
FN:37,MobileIdentityConnect
FN:55,(anonymous_9)
FN:62,(anonymous_10)
FN:67,(anonymous_11)
FN:102,(anonymous_13)
FN:106,(anonymous_15)
FN:130,(anonymous_16)
FN:131,(anonymous_17)
FN:134,loadedCallback
FN:143,errorCallback
FN:149,closedCallback
FN:168,(anonymous_22)
FN:186,(anonymous_23)
FN:222,(anonymous_25)
FNF:14
FNH:1
FNDA:1,MobileIdentityConnect
FNDA:0,(anonymous_9)
FNDA:0,(anonymous_10)
FNDA:0,(anonymous_11)
FNDA:0,(anonymous_13)
FNDA:0,(anonymous_15)
FNDA:0,(anonymous_16)
FNDA:0,(anonymous_17)
FNDA:0,loadedCallback
FNDA:0,errorCallback
FNDA:0,closedCallback
FNDA:0,(anonymous_22)
FNDA:0,(anonymous_23)
FNDA:0,(anonymous_25)
DA:1,1
DA:2,1
DA:3,1
DA:4,1
DA:5,1
DA:6,1
DA:7,1
DA:8,1
DA:9,1
DA:10,1
DA:15,1
DA:19,1
DA:25,1
DA:30,1
DA:37,2
DA:38,1
DA:49,1
DA:52,0
DA:53,0
DA:56,0
DA:58,0
DA:59,0
DA:62,0
DA:65,0
DA:67,0
DA:69,0
DA:72,0
DA:73,0
DA:75,0
DA:76,0
DA:78,0
DA:79,0
DA:82,0
DA:85,0
DA:102,0
DA:105,0
DA:106,0
DA:107,0
DA:109,0
DA:110,0
DA:112,0
DA:113,0
DA:116,0
DA:119,0
DA:120,0
DA:131,0
DA:132,0
DA:135,0
DA:136,0
DA:137,0
DA:138,0
DA:139,0
DA:144,0
DA:145,0
DA:146,0
DA:150,0
DA:152,0
DA:153,0
DA:157,0
DA:158,0
DA:159,0
DA:161,0
DA:164,0
DA:167,0
DA:168,0
DA:169,0
DA:185,0
DA:187,0
DA:189,0
DA:190,0
DA:193,0
DA:197,0
DA:200,0
DA:201,0
DA:220,0
DA:222,0
DA:223,0
LF:77
LH:17
BRDA:9,1,0,1
BRDA:9,1,1,1
BRDA:10,2,0,1
BRDA:10,2,1,1
BRDA:37,3,0,0
BRDA:37,3,1,1
BRDA:37,4,0,1
BRDA:37,4,1,1
BRDA:39,5,0,1
BRDA:39,5,1,1
BRDA:40,6,0,1
BRDA:40,6,1,1
BRDA:52,7,0,0
BRDA:52,7,1,0
BRDA:52,8,0,0
BRDA:52,8,1,0
BRDA:52,9,0,0
BRDA:52,9,1,0
BRDA:52,10,0,0
BRDA:52,10,1,0
BRDA:56,11,0,0
BRDA:56,11,1,0
BRDA:59,12,0,0
BRDA:59,12,1,0
BRDA:72,13,0,0
BRDA:72,13,1,0
BRDA:72,14,0,0
BRDA:72,14,1,0
BRDA:75,15,0,0
BRDA:75,15,1,0
BRDA:78,16,0,0
BRDA:78,16,1,0
BRDA:82,17,0,0
BRDA:82,17,1,0
BRDA:105,18,0,0
BRDA:105,18,1,0
BRDA:105,19,0,0
BRDA:105,19,1,0
BRDA:109,20,0,0
BRDA:109,20,1,0
BRDA:112,21,0,0
BRDA:112,21,1,0
BRDA:116,22,0,0
BRDA:116,22,1,0
BRDA:135,23,0,0
BRDA:135,23,1,0
BRDA:152,24,0,0
BRDA:152,24,1,0
BRDA:167,25,0,0
BRDA:167,25,1,0
BRDA:167,26,0,0
BRDA:167,26,1,0
BRDA:189,27,0,0
BRDA:189,27,1,0
BRDA:200,28,0,0
BRDA:200,28,1,0
BRDA:200,29,0,0
BRDA:200,29,1,0
BRDA:49,30,0,1
BRDA:49,30,1,1
BRF:60
BRH:13
end_of_record
TN:
SF:/Users/Thomas/Documents/Kinvey/Development/SDKs/JavaScript/Core/SDK/src/query.js
FN:13,Query
FN:381,(anonymous_28)
FN:456,(anonymous_34)
FN:481,(anonymous_35)
FN:502,(anonymous_37)
FN:514,(anonymous_38)
FN:516,(anonymous_39)
FN:527,(anonymous_40)
FN:529,(anonymous_41)
FN:621,(anonymous_44)
FNF:10
FNH:3
FNDA:80,Query
FNDA:0,(anonymous_28)
FNDA:0,(anonymous_34)
FNDA:0,(anonymous_35)
FNDA:14,(anonymous_37)
FNDA:0,(anonymous_38)
FNDA:0,(anonymous_39)
FNDA:4,(anonymous_40)
FNDA:0,(anonymous_41)
FNDA:0,(anonymous_44)
DA:1,1
DA:2,1
DA:3,1
DA:4,1
DA:5,1
DA:6,1
DA:7,1
DA:8,1
DA:9,1
DA:10,1
DA:13,80
DA:14,80
DA:27,80
DA:34,80
DA:41,80
DA:48,80
DA:55,80
DA:63,80
DA:67,14
DA:71,80
DA:73,80
DA:74,0
DA:77,80
DA:78,0
DA:80,80
DA:85,122
DA:89,80
DA:93,14
DA:97,122
DA:98,0
DA:101,122
DA:102,0
DA:104,122
DA:109,14
DA:113,122
DA:114,0
DA:117,122
DA:118,0
DA:121,122
DA:122,0
DA:124,122
DA:129,14
DA:133,122
DA:134,0
DA:137,122
DA:138,0
DA:141,122
DA:142,0
DA:144,122
DA:158,72
DA:159,72
DA:173,12
DA:174,0
DA:177,12
DA:191,0
DA:192,0
DA:195,0
DA:209,0
DA:210,0
DA:213,0
DA:217,0
DA:218,0
DA:221,0
DA:225,0
DA:226,0
DA:229,0
DA:233,0
DA:234,0
DA:237,0
DA:241,0
DA:245,0
DA:246,0
DA:249,0
DA:252,0
DA:253,0
DA:256,0
DA:257,0
DA:258,0
DA:261,0
DA:264,0
DA:265,0
DA:266,0
DA:269,0
DA:273,0
DA:274,0
DA:278,0
DA:280,0
DA:281,0
DA:284,0
DA:285,0
DA:288,0
DA:289,0
DA:292,0
DA:293,0
DA:296,0
DA:300,0
DA:302,0
DA:303,0
DA:306,0
DA:307,0
DA:310,0
DA:311,0
DA:315,0
DA:317,0
DA:318,0
DA:321,0
DA:322,0
DA:325,0
DA:326,0
DA:329,0
DA:331,0
DA:332,0
DA:335,0
DA:339,0
DA:340,0
DA:343,0
DA:344,0
DA:346,0
DA:348,0
DA:349,0
DA:352,0
DA:356,0
DA:357,0
DA:360,0
DA:361,0
DA:364,0
DA:365,0
DA:366,0
DA:367,0
DA:369,0
DA:373,0
DA:377,0
DA:378,0
DA:381,0
DA:382,0
DA:383,0
DA:386,0
DA:389,0
DA:393,0
DA:394,0
DA:397,0
DA:398,0
DA:401,0
DA:405,0
DA:406,0
DA:408,0
DA:411,0
DA:415,0
DA:416,0
DA:418,0
DA:421,0
DA:433,12
DA:434,12
DA:437,12
DA:438,12
DA:449,0
DA:450,0
DA:451,0
DA:456,0
DA:457,0
DA:458,0
DA:459,0
DA:461,0
DA:465,0
DA:471,0
DA:472,0
DA:473,0
DA:480,0
DA:481,0
DA:482,0
DA:483,0
DA:487,0
DA:491,0
DA:501,14
DA:502,42
DA:504,14
DA:505,0
DA:509,14
DA:510,14
DA:513,14
DA:514,0
DA:515,0
DA:516,0
DA:517,0
DA:518,0
DA:522,0
DA:527,14
DA:528,4
DA:529,4
DA:531,0
DA:532,0
DA:536,0
DA:537,0
DA:540,0
DA:541,0
DA:547,0
DA:549,0
DA:552,0
DA:555,4
DA:559,14
DA:560,0
DA:563,14
DA:566,0
DA:575,14
DA:576,0
DA:580,14
DA:588,14
DA:598,0
DA:600,0
DA:601,0
DA:604,0
DA:605,0
DA:608,0
DA:609,0
DA:612,0
DA:613,0
DA:616,0
DA:617,0
DA:620,0
DA:621,0
DA:622,0
DA:625,0
DA:629,0
LF:223
LH:62
BRDA:173,1,0,0
BRDA:173,1,1,12
BRDA:191,2,0,0
BRDA:191,2,1,0
BRDA:209,3,0,0
BRDA:209,3,1,0
BRDA:209,4,0,0
BRDA:209,4,1,0
BRDA:217,5,0,0
BRDA:217,5,1,0
BRDA:217,6,0,0
BRDA:217,6,1,0
BRDA:225,7,0,0
BRDA:225,7,1,0
BRDA:225,8,0,0
BRDA:225,8,1,0
BRDA:233,9,0,0
BRDA:233,9,1,0
BRDA:233,10,0,0
BRDA:233,10,1,0
BRDA:245,11,0,0
BRDA:245,11,1,0
BRDA:257,12,0,0
BRDA:257,12,1,0
BRDA:257,13,0,0
BRDA:257,13,1,0
BRDA:265,14,0,0
BRDA:265,14,1,0
BRDA:273,15,0,0
BRDA:273,15,1,0
BRDA:273,16,0,0
BRDA:273,16,1,0
BRDA:278,17,0,0
BRDA:278,17,1,0
BRDA:280,18,0,0
BRDA:280,18,1,0
BRDA:284,19,0,0
BRDA:284,19,1,0
BRDA:288,20,0,0
BRDA:288,20,1,0
BRDA:292,21,0,0
BRDA:292,21,1,0
BRDA:300,22,0,0
BRDA:300,22,1,0
BRDA:302,23,0,0
BRDA:302,23,1,0
BRDA:306,24,0,0
BRDA:306,24,1,0
BRDA:306,25,0,0
BRDA:306,25,1,0
BRDA:306,25,2,0
BRDA:310,26,0,0
BRDA:310,26,1,0
BRDA:317,27,0,0
BRDA:317,27,1,0
BRDA:317,28,0,0
BRDA:317,28,1,0
BRDA:317,28,2,0
BRDA:321,29,0,0
BRDA:321,29,1,0
BRDA:325,30,0,0
BRDA:325,30,1,0
BRDA:331,31,0,0
BRDA:331,31,1,0
BRDA:339,32,0,0
BRDA:339,32,1,0
BRDA:339,33,0,0
BRDA:339,33,1,0
BRDA:339,33,2,0
BRDA:348,34,0,0
BRDA:348,34,1,0
BRDA:356,35,0,0
BRDA:356,35,1,0
BRDA:356,36,0,0
BRDA:356,36,1,0
BRDA:356,36,2,0
BRDA:360,37,0,0
BRDA:360,37,1,0
BRDA:360,38,0,0
BRDA:360,38,1,0
BRDA:360,38,2,0
BRDA:377,39,0,0
BRDA:377,39,1,0
BRDA:377,40,0,0
BRDA:377,40,1,0
BRDA:382,41,0,0
BRDA:382,41,1,0
BRDA:382,42,0,0
BRDA:382,42,1,0
BRDA:393,43,0,0
BRDA:393,43,1,0
BRDA:397,44,0,0
BRDA:397,44,1,0
BRDA:405,45,0,0
BRDA:405,45,1,0
BRDA:415,46,0,0
BRDA:415,46,1,0
BRDA:433,47,0,12
BRDA:433,47,1,0
BRDA:457,48,0,0
BRDA:457,48,1,0
BRDA:458,49,0,0
BRDA:458,49,1,0
BRDA:471,50,0,0
BRDA:471,50,1,0
BRDA:502,51,0,14
BRDA:502,51,1,0
BRDA:504,52,0,0
BRDA:504,52,1,14
BRDA:513,53,0,0
BRDA:513,53,1,14
BRDA:513,54,0,14
BRDA:513,54,1,14
BRDA:517,55,0,0
BRDA:517,55,1,0
BRDA:536,56,0,0
BRDA:536,56,1,0
BRDA:536,57,0,0
BRDA:536,57,1,0
BRDA:540,58,0,0
BRDA:540,58,1,0
BRDA:540,59,0,0
BRDA:540,59,1,0
BRDA:547,60,0,0
BRDA:547,60,1,0
BRDA:549,61,0,0
BRDA:549,61,1,0
BRDA:559,62,0,0
BRDA:559,62,1,14
BRDA:502,63,0,14
BRDA:502,63,1,14
BRDA:575,64,0,0
BRDA:575,64,1,14
BRDA:600,65,0,0
BRDA:600,65,1,0
BRDA:604,66,0,0
BRDA:604,66,1,0
BRDA:608,67,0,0
BRDA:608,67,1,0
BRDA:612,68,0,0
BRDA:612,68,1,0
BRDA:616,69,0,0
BRDA:616,69,1,0
BRDA:622,70,0,0
BRDA:622,70,1,0
BRDA:71,71,0,80
BRDA:71,71,1,0
BRDA:73,72,0,0
BRDA:73,72,1,80
BRDA:77,73,0,0
BRDA:77,73,1,80
BRDA:97,74,0,0
BRDA:97,74,1,122
BRDA:97,75,0,122
BRDA:97,75,1,80
BRDA:101,76,0,0
BRDA:101,76,1,122
BRDA:104,77,0,122
BRDA:104,77,1,42
BRDA:113,78,0,0
BRDA:113,78,1,122
BRDA:117,79,0,0
BRDA:117,79,1,122
BRDA:117,80,0,122
BRDA:117,80,1,0
BRDA:121,81,0,0
BRDA:121,81,1,122
BRDA:133,82,0,0
BRDA:133,82,1,122
BRDA:137,83,0,0
BRDA:137,83,1,122
BRDA:141,84,0,0
BRDA:141,84,1,122
BRF:173
BRH:27
end_of_record
TN:
SF:/Users/Thomas/Documents/Kinvey/Development/SDKs/JavaScript/Core/SDK/src/sync.js
FN:19,Sync
FN:69,(anonymous_17)
FN:74,(anonymous_18)
FN:116,(anonymous_23)
FN:116,_callee2
FN:185,(anonymous_31)
FN:185,_callee4
FN:275,(anonymous_39)
FN:275,_callee6
FN:371,(anonymous_49)
FN:375,_callee12$
FN:376,(anonymous_53)
FN:376,_callee11
FN:381,(anonymous_56)
FN:403,(anonymous_57)
FN:402,(anonymous_58)
FN:407,_callee8
FN:429,(anonymous_61)
FN:485,(anonymous_63)
FN:484,(anonymous_64)
FN:486,_callee9
FN:499,(anonymous_67)
FN:523,_callee10
FN:548,(anonymous_72)
FNF:24
FNH:20
FNDA:85,Sync
FNDA:39,(anonymous_17)
FNDA:7,(anonymous_18)
FNDA:26,(anonymous_23)
FNDA:42,_callee2
FNDA:10,(anonymous_31)
FNDA:15,_callee4
FNDA:10,(anonymous_39)
FNDA:15,_callee6
FNDA:9,(anonymous_49)
FNDA:14,_callee12$
FNDA:14,(anonymous_53)
FNDA:28,_callee11
FNDA:8,(anonymous_56)
FNDA:1,(anonymous_57)
FNDA:1,(anonymous_58)
FNDA:0,_callee8
FNDA:0,(anonymous_61)
FNDA:7,(anonymous_63)
FNDA:21,(anonymous_64)
FNDA:33,_callee9
FNDA:7,(anonymous_67)
FNDA:0,_callee10
FNDA:0,(anonymous_72)
DA:1,1
DA:2,1
DA:3,1
DA:4,1
DA:5,1
DA:6,1
DA:7,1
DA:8,1
DA:9,1
DA:10,1
DA:11,1
DA:12,1
DA:13,1
DA:14,1
DA:15,1
DA:16,1
DA:19,85
DA:24,85
DA:33,120
DA:69,39
DA:73,39
DA:74,39
DA:110,12
DA:111,2
DA:112,2
DA:116,259
DA:124,14
DA:131,13
DA:132,13
DA:133,13
DA:136,13
DA:152,13
DA:179,5
DA:180,4
DA:181,4
DA:185,95
DA:193,5
DA:200,5
DA:201,5
DA:202,5
DA:205,5
DA:221,5
DA:269,5
DA:270,3
DA:271,3
DA:275,88
DA:283,5
DA:290,4
DA:291,4
DA:292,4
DA:295,4
DA:311,4
DA:370,7
DA:371,9
DA:375,49
DA:376,105
DA:377,7
DA:378,7
DA:381,7
DA:382,8
DA:383,8
DA:384,8
DA:385,8
DA:386,8
DA:388,8
DA:390,1
DA:402,2
DA:404,1
DA:405,1
DA:407,0
DA:408,0
DA:409,0
DA:417,0
DA:429,0
DA:430,0
DA:454,7
DA:456,7
DA:472,7
DA:473,5
DA:474,5
DA:475,5
DA:476,5
DA:481,5
DA:484,35
DA:485,7
DA:486,110
DA:488,7
DA:499,7
DA:504,5
DA:523,0
DA:524,0
DA:525,0
DA:536,0
DA:548,0
DA:549,0
DA:576,0
DA:584,7
DA:638,51
DA:639,51
DA:650,51
LF:100
LH:87
BRDA:13,1,0,1
BRDA:13,1,1,1
BRDA:14,2,0,1
BRDA:14,2,1,1
BRDA:15,3,0,1
BRDA:15,3,1,1
BRDA:16,4,0,1
BRDA:16,4,1,1
BRDA:110,5,0,2
BRDA:110,5,1,10
BRDA:116,6,0,14
BRDA:116,6,1,14
BRDA:116,6,2,13
BRDA:116,6,3,13
BRDA:116,6,4,0
BRDA:116,6,5,14
BRDA:116,7,0,14
BRDA:116,7,1,0
BRDA:116,8,0,13
BRDA:116,8,1,1
BRDA:131,9,0,13
BRDA:131,9,1,1
BRDA:116,10,0,13
BRDA:116,10,1,0
BRDA:167,11,0,1
BRDA:179,12,0,4
BRDA:179,12,1,1
BRDA:185,13,0,5
BRDA:185,13,1,5
BRDA:185,13,2,5
BRDA:185,13,3,5
BRDA:185,13,4,0
BRDA:185,13,5,5
BRDA:185,14,0,5
BRDA:185,14,1,0
BRDA:185,15,0,5
BRDA:185,15,1,0
BRDA:200,16,0,5
BRDA:200,16,1,0
BRDA:185,17,0,5
BRDA:185,17,1,0
BRDA:236,18,0,4
BRDA:269,19,0,3
BRDA:269,19,1,2
BRDA:275,20,0,5
BRDA:275,20,1,5
BRDA:275,20,2,4
BRDA:275,20,3,4
BRDA:275,20,4,0
BRDA:275,20,5,5
BRDA:275,21,0,5
BRDA:275,21,1,0
BRDA:275,22,0,4
BRDA:275,22,1,1
BRDA:290,23,0,4
BRDA:290,23,1,0
BRDA:275,24,0,4
BRDA:275,24,1,0
BRDA:326,25,0,2
BRDA:375,26,0,7
BRDA:375,26,1,0
BRDA:375,26,2,7
BRDA:376,27,0,7
BRDA:376,27,1,7
BRDA:376,27,2,7
BRDA:376,27,3,0
BRDA:376,27,4,7
BRDA:388,28,0,1
BRDA:388,28,1,7
BRDA:407,29,0,0
BRDA:407,29,1,0
BRDA:407,29,2,0
BRDA:407,29,3,0
BRDA:407,29,4,0
BRDA:407,29,5,0
BRDA:407,29,6,0
BRDA:408,30,0,0
BRDA:408,30,1,0
BRDA:408,31,0,0
BRDA:408,31,1,0
BRDA:407,32,0,0
BRDA:407,32,1,0
BRDA:454,33,0,7
BRDA:454,33,1,0
BRDA:454,34,0,7
BRDA:454,34,1,0
BRDA:472,35,0,5
BRDA:472,35,1,2
BRDA:486,36,0,7
BRDA:486,36,1,7
BRDA:486,36,2,7
BRDA:486,36,3,0
BRDA:486,36,4,7
BRDA:486,37,0,2
BRDA:486,37,1,5
BRDA:523,38,0,0
BRDA:523,38,1,0
BRDA:523,38,2,0
BRDA:523,38,3,0
BRDA:523,38,4,0
BRDA:523,38,5,0
BRDA:523,38,6,0
BRDA:524,39,0,0
BRDA:524,39,1,0
BRDA:523,40,0,0
BRDA:523,40,1,0
BRDA:523,41,0,0
BRDA:523,41,1,0
BRDA:376,42,0,7
BRDA:376,42,1,0
BRDA:638,43,0,18
BRDA:638,43,1,33
BRDA:638,44,0,51
BRDA:638,44,1,33
BRF:114
BRH:70
end_of_record
TN:
SF:/Users/Thomas/Documents/Kinvey/Development/SDKs/JavaScript/Core/SDK/src/user.js
FN:45,User
FN:299,(anonymous_10)
FN:341,(anonymous_13)
FN:382,(anonymous_15)
FN:383,(anonymous_16)
FN:391,(anonymous_17)
FN:392,(anonymous_18)
FN:493,(anonymous_20)
FN:519,(anonymous_21)
FN:529,(anonymous_22)
FN:569,(anonymous_24)
FN:579,(anonymous_25)
FN:581,(anonymous_26)
FN:586,(anonymous_27)
FN:606,(anonymous_29)
FN:612,(anonymous_30)
FN:664,(anonymous_32)
FN:673,(anonymous_33)
FN:688,(anonymous_34)
FN:710,(anonymous_37)
FN:734,(anonymous_39)
FN:766,(anonymous_41)
FN:785,(anonymous_43)
FN:803,(anonymous_45)
FNF:24
FNH:8
FNDA:350,User
FNDA:65,(anonymous_10)
FNDA:1,(anonymous_13)
FNDA:1,(anonymous_15)
FNDA:65,(anonymous_16)
FNDA:65,(anonymous_17)
FNDA:65,(anonymous_18)
FNDA:3,(anonymous_20)
FNDA:0,(anonymous_21)
FNDA:0,(anonymous_22)
FNDA:0,(anonymous_24)
FNDA:0,(anonymous_25)
FNDA:0,(anonymous_26)
FNDA:0,(anonymous_27)
FNDA:0,(anonymous_29)
FNDA:0,(anonymous_30)
FNDA:0,(anonymous_32)
FNDA:0,(anonymous_33)
FNDA:0,(anonymous_34)
FNDA:0,(anonymous_37)
FNDA:0,(anonymous_39)
FNDA:0,(anonymous_41)
FNDA:0,(anonymous_43)
FNDA:0,(anonymous_45)
DA:2,1
DA:3,1
DA:4,1
DA:5,1
DA:6,1
DA:7,1
DA:8,1
DA:9,1
DA:10,1
DA:11,1
DA:12,1
DA:13,1
DA:14,1
DA:15,1
DA:16,1
DA:17,1
DA:18,1
DA:19,1
DA:20,1
DA:21,1
DA:22,1
DA:23,1
DA:24,1
DA:25,1
DA:27,1
DA:45,700
DA:51,350
DA:59,350
DA:71,270
DA:83,2
DA:95,6
DA:99,0
DA:111,2
DA:115,0
DA:119,0
DA:131,2
DA:143,0
DA:144,0
DA:145,0
DA:157,2
DA:169,1
DA:173,195
DA:188,419
DA:189,419
DA:190,419
DA:192,419
DA:193,264
DA:194,264
DA:197,419
DA:214,205
DA:216,205
DA:217,133
DA:220,72
DA:224,6
DA:225,6
DA:229,0
DA:230,0
DA:250,142
DA:251,71
DA:252,64
DA:258,71
DA:259,71
DA:260,69
DA:263,71
DA:264,71
DA:268,71
DA:269,71
DA:270,1
DA:273,70
DA:274,70
DA:275,1
DA:279,69
DA:282,4
DA:286,65
DA:299,65
DA:300,65
DA:301,65
DA:302,65
DA:305,65
DA:309,0
DA:310,0
DA:311,0
DA:312,0
DA:316,2
DA:317,2
DA:339,2
DA:340,1
DA:341,1
DA:342,1
DA:343,1
DA:344,1
DA:362,132
DA:363,66
DA:365,66
DA:366,1
DA:369,65
DA:381,65
DA:382,1
DA:384,65
DA:385,65
DA:386,65
DA:389,65
DA:391,65
DA:392,65
DA:394,65
DA:407,2
DA:424,1
DA:425,1
DA:442,1
DA:443,1
DA:460,1
DA:461,1
DA:465,4
DA:466,4
DA:488,6
DA:489,3
DA:493,3
DA:494,3
DA:495,1
DA:498,2
DA:499,2
DA:502,0
DA:503,0
DA:515,0
DA:518,3
DA:520,0
DA:521,0
DA:522,0
DA:523,0
DA:524,0
DA:527,0
DA:530,0
DA:531,0
DA:534,3
DA:561,0
DA:562,0
DA:563,0
DA:564,0
DA:565,0
DA:566,0
DA:568,0
DA:570,0
DA:572,0
DA:573,0
DA:574,0
DA:577,0
DA:580,0
DA:581,0
DA:584,0
DA:587,0
DA:593,0
DA:596,0
DA:599,0
DA:600,0
DA:601,0
DA:602,0
DA:603,0
DA:604,0
DA:606,0
DA:607,0
DA:608,0
DA:611,0
DA:613,0
DA:615,0
DA:616,0
DA:619,0
DA:622,0
DA:626,0
DA:627,0
DA:631,0
DA:632,0
DA:658,0
DA:659,0
DA:663,0
DA:665,0
DA:666,0
DA:667,0
DA:668,0
DA:674,0
DA:686,0
DA:689,0
DA:691,0
DA:692,0
DA:695,0
DA:698,0
DA:702,0
DA:703,0
DA:704,0
DA:705,0
DA:708,0
DA:709,0
DA:710,0
DA:711,0
DA:713,0
DA:714,0
DA:717,0
DA:721,0
DA:722,0
DA:734,0
DA:735,0
DA:737,0
DA:738,0
DA:740,0
DA:741,0
DA:745,0
DA:746,0
DA:749,0
DA:752,0
DA:753,0
DA:766,0
DA:767,0
DA:770,0
DA:771,0
DA:785,0
DA:786,0
DA:789,0
DA:790,0
DA:803,0
DA:804,0
DA:829,0
LF:220
LH:111
BRDA:16,1,0,1
BRDA:16,1,1,1
BRDA:17,2,0,1
BRDA:17,2,1,1
BRDA:18,3,0,1
BRDA:18,3,1,1
BRDA:19,4,0,1
BRDA:19,4,1,1
BRDA:20,5,0,1
BRDA:20,5,1,1
BRDA:21,6,0,1
BRDA:21,6,1,1
BRDA:22,7,0,1
BRDA:22,7,1,1
BRDA:23,8,0,1
BRDA:23,8,1,1
BRDA:27,9,0,0
BRDA:27,9,1,1
BRDA:45,10,0,81
BRDA:45,10,1,269
BRDA:45,11,0,350
BRDA:45,11,1,269
BRDA:216,12,0,133
BRDA:216,12,1,72
BRDA:216,13,0,205
BRDA:216,13,1,134
BRDA:250,14,0,71
BRDA:250,14,1,0
BRDA:250,15,0,71
BRDA:250,15,1,5
BRDA:251,16,0,64
BRDA:251,16,1,7
BRDA:258,17,0,71
BRDA:258,17,1,0
BRDA:259,18,0,69
BRDA:259,18,1,2
BRDA:263,19,0,71
BRDA:263,19,1,0
BRDA:269,20,0,1
BRDA:269,20,1,70
BRDA:274,21,0,1
BRDA:274,21,1,69
BRDA:279,22,0,4
BRDA:279,22,1,65
BRDA:279,23,0,69
BRDA:279,23,1,66
BRDA:279,23,2,66
BRDA:279,23,3,65
BRDA:279,23,4,4
BRDA:339,24,0,1
BRDA:339,24,1,0
BRDA:339,25,0,1
BRDA:339,25,1,1
BRDA:362,26,0,66
BRDA:362,26,1,0
BRDA:362,27,0,66
BRDA:362,27,1,0
BRDA:365,28,0,1
BRDA:365,28,1,65
BRDA:385,29,0,65
BRDA:385,29,1,0
BRDA:488,30,0,3
BRDA:488,30,1,0
BRDA:488,31,0,3
BRDA:488,31,1,3
BRDA:494,32,0,1
BRDA:494,32,1,2
BRDA:498,33,0,2
BRDA:498,33,1,0
BRDA:520,34,0,0
BRDA:520,34,1,0
BRDA:522,35,0,0
BRDA:522,35,1,0
BRDA:522,35,2,0
BRDA:561,36,0,0
BRDA:561,36,1,0
BRDA:561,37,0,0
BRDA:561,37,1,0
BRDA:563,38,0,0
BRDA:563,38,1,0
BRDA:572,39,0,0
BRDA:572,39,1,0
BRDA:580,40,0,0
BRDA:580,40,1,0
BRDA:599,41,0,0
BRDA:599,41,1,0
BRDA:599,42,0,0
BRDA:599,42,1,0
BRDA:601,43,0,0
BRDA:601,43,1,0
BRDA:607,44,0,0
BRDA:607,44,1,0
BRDA:615,45,0,0
BRDA:615,45,1,0
BRDA:658,46,0,0
BRDA:658,46,1,0
BRDA:658,47,0,0
BRDA:658,47,1,0
BRDA:665,48,0,0
BRDA:665,48,1,0
BRDA:667,49,0,0
BRDA:667,49,1,0
BRDA:691,50,0,0
BRDA:691,50,1,0
BRDA:713,51,0,0
BRDA:713,51,1,0
BRDA:721,52,0,0
BRDA:721,52,1,0
BRDA:721,53,0,0
BRDA:721,53,1,0
BRDA:737,54,0,0
BRDA:737,54,1,0
BRDA:740,55,0,0
BRDA:740,55,1,0
BRDA:752,56,0,0
BRDA:752,56,1,0
BRDA:752,57,0,0
BRDA:752,57,1,0
BRDA:770,58,0,0
BRDA:770,58,1,0
BRDA:770,59,0,0
BRDA:770,59,1,0
BRDA:789,60,0,0
BRDA:789,60,1,0
BRDA:789,61,0,0
BRDA:789,61,1,0
BRDA:188,62,0,2
BRDA:188,62,1,417
BRDA:188,63,0,419
BRDA:188,63,1,417
BRDA:192,64,0,264
BRDA:192,64,1,155
BRDA:407,65,0,2
BRDA:407,65,1,0
BRDA:424,66,0,1
BRDA:424,66,1,0
BRDA:424,67,0,1
BRDA:424,67,1,0
BRDA:442,68,0,1
BRDA:442,68,1,0
BRDA:442,69,0,1
BRDA:442,69,1,0
BRDA:460,70,0,1
BRDA:460,70,1,0
BRDA:460,71,0,1
BRDA:460,71,1,0
BRF:146
BRH:72
end_of_record
TN:
SF:/Users/Thomas/Documents/Kinvey/Development/SDKs/JavaScript/Core/SDK/src/userstore.js
FN:17,UserStore
FNF:1
FNH:0
FNDA:0,UserStore
DA:2,1
DA:3,1
DA:4,1
DA:5,1
DA:6,1
DA:7,1
DA:8,1
DA:9,1
DA:10,1
DA:11,1
DA:17,0
DA:19,0
DA:48,0
DA:71,0
DA:72,0
DA:73,0
LF:16
LH:10
BRDA:8,1,0,1
BRDA:8,1,1,1
BRDA:9,2,0,1
BRDA:9,2,1,1
BRDA:10,3,0,1
BRDA:10,3,1,1
BRDA:11,4,0,1
BRDA:11,4,1,1
BRDA:72,5,0,0
BRDA:72,5,1,0
BRDA:72,6,0,0
BRDA:72,6,1,0
BRDA:98,7,0,0
BRF:13
BRH:8
end_of_record
TN:
SF:/Users/Thomas/Documents/Kinvey/Development/SDKs/JavaScript/Core/SDK/src/rack/asciiTree.js
FN:7,compose
FN:26,generate
FN:30,(anonymous_3)
FN:32,(anonymous_4)
FNF:4
FNH:0
FNDA:0,compose
FNDA:0,generate
FNDA:0,(anonymous_3)
FNDA:0,(anonymous_4)
DA:1,1
DA:2,1
DA:3,1
DA:4,1
DA:5,1
DA:8,0
DA:9,0
DA:12,0
DA:13,0
DA:15,0
DA:16,0
DA:17,0
DA:20,0
DA:26,1
DA:27,0
DA:28,0
DA:30,0
DA:31,0
DA:32,0
DA:33,0
DA:34,0
DA:38,0
LF:22
LH:6
BRDA:8,1,0,0
BRDA:8,1,1,0
BRDA:13,2,0,0
BRDA:13,2,1,0
BRDA:16,3,0,0
BRDA:16,3,1,0
BRDA:27,4,0,0
BRDA:27,4,1,0
BRDA:27,5,0,0
BRDA:27,5,1,0
BRDA:30,6,0,0
BRDA:30,6,1,0
BRF:12
BRH:0
end_of_record
TN:
SF:/Users/Thomas/Documents/Kinvey/Development/SDKs/JavaScript/Core/SDK/src/rack/middleware.js
FN:7,Middleware
FN:38,KinveyMiddleware
FNF:2
FNH:2
FNDA:460,Middleware
FNDA:460,KinveyMiddleware
DA:1,1
DA:7,920
DA:8,460
DA:19,0
DA:20,0
DA:25,0
DA:29,0
DA:30,0
DA:38,1380
LF:9
LH:4
BRDA:7,1,0,0
BRDA:7,1,1,460
BRDA:7,2,0,460
BRDA:7,2,1,460
BRDA:19,3,0,0
BRDA:19,3,1,0
BRDA:19,4,0,0
BRDA:19,4,1,0
BRDA:38,5,0,0
BRDA:38,5,1,460
BRDA:38,6,0,460
BRDA:38,6,1,460
BRF:12
BRH:6
end_of_record
TN:
SF:/Users/Thomas/Documents/Kinvey/Development/SDKs/JavaScript/Core/SDK/src/rack/rack.js
FN:16,Rack
FN:47,(anonymous_20)
FN:65,(anonymous_22)
FN:83,(anonymous_24)
FN:99,(anonymous_26)
FN:118,(anonymous_31)
FN:118,(anonymous_32)
FN:134,(anonymous_37)
FN:156,CacheRack
FN:177,NetworkRack
FNF:10
FNH:6
FNDA:455,Rack
FNDA:0,(anonymous_20)
FNDA:0,(anonymous_22)
FNDA:2,(anonymous_24)
FNDA:0,(anonymous_26)
FNDA:809,(anonymous_31)
FNDA:809,(anonymous_32)
FNDA:0,(anonymous_37)
FNDA:1,CacheRack
FNDA:1,NetworkRack
DA:1,1
DA:2,1
DA:3,1
DA:4,1
DA:5,1
DA:6,1
DA:7,1
DA:8,1
DA:9,1
DA:10,1
DA:16,1820
DA:18,455
DA:19,455
DA:22,0
DA:23,0
DA:25,0
DA:26,0
DA:29,0
DA:33,4
DA:34,4
DA:35,4
DA:36,4
DA:39,0
DA:44,0
DA:45,0
DA:46,0
DA:47,0
DA:49,0
DA:50,0
DA:51,0
DA:54,0
DA:57,0
DA:62,0
DA:63,0
DA:64,0
DA:65,0
DA:67,0
DA:68,0
DA:69,0
DA:72,0
DA:75,0
DA:80,1
DA:81,1
DA:82,1
DA:83,2
DA:85,1
DA:86,1
DA:87,1
DA:90,1
DA:93,0
DA:98,0
DA:99,0
DA:101,0
DA:102,0
DA:103,0
DA:104,0
DA:109,0
DA:118,809
DA:123,0
DA:127,0
DA:130,0
DA:131,0
DA:132,0
DA:134,0
DA:135,0
DA:138,0
DA:156,4
DA:158,1
DA:162,275
DA:164,275
DA:165,1
DA:166,1
DA:169,275
DA:177,4
DA:179,1
DA:180,1
DA:181,1
DA:185,179
DA:187,179
DA:188,1
DA:189,1
DA:192,179
LF:82
LH:42
BRDA:16,1,0,453
BRDA:16,1,1,2
BRDA:16,2,0,455
BRDA:16,2,1,2
BRDA:22,3,0,0
BRDA:22,3,1,0
BRDA:22,4,0,0
BRDA:22,4,1,0
BRDA:25,5,0,0
BRDA:25,5,1,0
BRDA:25,6,0,0
BRDA:25,6,1,0
BRDA:33,7,0,4
BRDA:33,7,1,0
BRDA:34,8,0,4
BRDA:34,8,1,0
BRDA:44,9,0,0
BRDA:44,9,1,0
BRDA:45,10,0,0
BRDA:45,10,1,0
BRDA:49,11,0,0
BRDA:49,11,1,0
BRDA:62,12,0,0
BRDA:62,12,1,0
BRDA:63,13,0,0
BRDA:63,13,1,0
BRDA:67,14,0,0
BRDA:67,14,1,0
BRDA:80,15,0,1
BRDA:80,15,1,0
BRDA:81,16,0,1
BRDA:81,16,1,0
BRDA:85,17,0,1
BRDA:85,17,1,0
BRDA:101,18,0,0
BRDA:101,18,1,0
BRDA:130,19,0,0
BRDA:130,19,1,0
BRDA:130,20,0,0
BRDA:130,20,1,0
BRDA:156,21,0,1
BRDA:156,21,1,0
BRDA:156,22,0,1
BRDA:156,22,1,0
BRDA:164,23,0,1
BRDA:164,23,1,274
BRDA:177,24,0,1
BRDA:177,24,1,0
BRDA:177,25,0,1
BRDA:177,25,1,0
BRDA:187,26,0,1
BRDA:187,26,1,178
BRF:52
BRH:17
end_of_record
TN:
SF:/Users/Thomas/Documents/Kinvey/Development/SDKs/JavaScript/Core/SDK/src/rack/middleware/cache.js
FN:42,DB
FN:47,(anonymous_17)
FN:174,_callee5
FN:186,(anonymous_38)
FN:223,(anonymous_42)
FN:224,(anonymous_43)
FN:231,(anonymous_46)
FN:245,(anonymous_48)
FN:253,CacheMiddleware
FNF:9
FNH:9
FNDA:280,DB
FNDA:1117,(anonymous_17)
FNDA:183,_callee5
FNDA:48,(anonymous_38)
FNDA:20,(anonymous_42)
FNDA:20,(anonymous_43)
FNDA:35,(anonymous_46)
FNDA:67,(anonymous_48)
FNDA:1,CacheMiddleware
DA:2,1
DA:3,1
DA:4,1
DA:5,1
DA:6,1
DA:7,1
DA:8,1
DA:9,1
DA:10,1
DA:11,1
DA:12,1
DA:13,1
DA:14,1
DA:15,1
DA:16,1
DA:17,1
DA:18,1
DA:19,1
DA:20,1
DA:21,1
DA:22,1
DA:23,1
DA:29,1
DA:35,1
DA:42,840
DA:43,280
DA:44,1
DA:47,280
DA:48,1117
DA:50,279
DA:51,0
DA:52,0
DA:55,279
DA:57,279
DA:58,0
DA:59,0
DA:62,279
DA:64,280
DA:65,280
DA:66,278
DA:69,0
DA:71,279
DA:72,0
DA:73,0
DA:76,279
DA:78,0
DA:81,837
DA:84,278
DA:85,0
DA:86,0
DA:88,0
DA:90,0
DA:96,34
DA:99,34
DA:100,34
DA:101,34
DA:103,34
DA:104,816
DA:105,816
DA:108,34
DA:109,34
DA:120,167
DA:121,0
DA:124,167
DA:125,14
DA:146,0
DA:147,0
DA:173,92
DA:174,758
DA:175,46
DA:181,45
DA:182,35
DA:183,35
DA:186,45
DA:187,48
DA:188,48
DA:190,48
DA:191,34
DA:192,34
DA:195,48
DA:196,48
DA:197,48
DA:200,45
DA:211,92
DA:212,1
DA:216,92
DA:217,42
DA:218,42
DA:219,42
DA:223,20
DA:225,20
DA:226,20
DA:230,35
DA:231,35
DA:232,35
DA:233,0
DA:236,35
DA:237,0
DA:240,35
DA:244,67
DA:245,67
DA:253,4
DA:255,1
DA:288,275
DA:294,275
DA:295,66
LF:106
LH:89
BRDA:20,1,0,1
BRDA:20,1,1,1
BRDA:21,2,0,1
BRDA:21,2,1,1
BRDA:42,3,0,3
BRDA:42,3,1,277
BRDA:42,4,0,280
BRDA:42,4,1,277
BRDA:43,5,0,1
BRDA:43,5,1,279
BRDA:49,6,0,279
BRDA:49,6,1,279
BRDA:49,6,2,280
BRDA:49,6,3,279
BRDA:49,6,4,0
BRDA:50,7,0,0
BRDA:50,7,1,279
BRDA:57,8,0,0
BRDA:57,8,1,279
BRDA:64,9,0,280
BRDA:64,9,1,0
BRDA:71,10,0,0
BRDA:71,10,1,279
BRDA:84,11,0,0
BRDA:84,11,1,278
BRDA:85,12,0,0
BRDA:85,12,1,0
BRDA:99,13,0,34
BRDA:99,13,1,0
BRDA:99,14,0,34
BRDA:99,14,1,0
BRDA:120,15,0,0
BRDA:120,15,1,167
BRDA:120,16,0,167
BRDA:120,16,1,79
BRDA:124,17,0,14
BRDA:124,17,1,153
BRDA:124,18,0,167
BRDA:124,18,1,24
BRDA:146,19,0,0
BRDA:146,19,1,0
BRDA:150,20,0,0
BRDA:173,21,0,0
BRDA:173,21,1,46
BRDA:173,22,0,46
BRDA:173,22,1,46
BRDA:174,23,0,46
BRDA:174,23,1,45
BRDA:174,23,2,45
BRDA:174,23,3,10
BRDA:174,23,4,0
BRDA:174,23,5,46
BRDA:174,24,0,45
BRDA:174,24,1,1
BRDA:181,25,0,35
BRDA:181,25,1,10
BRDA:188,26,0,48
BRDA:188,26,1,43
BRDA:190,27,0,34
BRDA:190,27,1,14
BRDA:174,28,0,10
BRDA:174,28,1,35
BRDA:202,29,0,45
BRDA:202,29,1,35
BRDA:211,30,0,1
BRDA:211,30,1,91
BRDA:211,31,0,92
BRDA:211,31,1,42
BRDA:216,32,0,42
BRDA:216,32,1,50
BRDA:232,33,0,0
BRDA:232,33,1,35
BRDA:236,34,0,0
BRDA:236,34,1,35
BRDA:253,35,0,1
BRDA:253,35,1,0
BRDA:253,36,0,1
BRDA:253,36,1,0
BRDA:276,37,0,203
BRDA:279,38,0,164
BRDA:289,39,0,30
BRDA:289,39,1,245
BRDA:294,40,0,66
BRDA:294,40,1,209
BRF:84
BRH:64
end_of_record
TN:
SF:/Users/Thomas/Documents/Kinvey/Development/SDKs/JavaScript/Core/SDK/src/rack/middleware/http.js
FN:4,HttpMiddleware
FN:9,(anonymous_11)
FN:10,(anonymous_12)
FNF:3
FNH:1
FNDA:1,HttpMiddleware
FNDA:0,(anonymous_11)
FNDA:0,(anonymous_12)
DA:1,1
DA:4,3
DA:9,0
DA:10,0
DA:11,0
DA:13,0
LF:6
LH:2
BRDA:4,1,0,1
BRDA:4,1,1,0
BRDA:4,2,0,1
BRDA:4,2,1,0
BRF:4
BRH:2
end_of_record
TN:
SF:/Users/Thomas/Documents/Kinvey/Development/SDKs/JavaScript/Core/SDK/src/rack/middleware/parse.js
FN:7,ParseMiddleware
FNF:1
FNH:1
FNDA:1,ParseMiddleware
DA:1,1
DA:7,3
DA:15,178
DA:16,112
DA:18,112
DA:19,112
DA:20,112
DA:21,112
DA:23,0
DA:26,112
LF:10
LH:9
BRDA:7,1,0,1
BRDA:7,1,1,0
BRDA:7,2,0,1
BRDA:7,2,1,0
BRDA:15,3,0,112
BRDA:15,3,1,66
BRDA:15,4,0,178
BRDA:15,4,1,178
BRDA:16,5,0,112
BRDA:16,5,1,0
BRDA:18,6,0,112
BRDA:18,6,1,0
BRDA:19,7,0,112
BRDA:19,7,1,0
BRF:14
BRH:9
end_of_record
TN:
SF:/Users/Thomas/Documents/Kinvey/Development/SDKs/JavaScript/Core/SDK/src/rack/middleware/serialize.js
FN:7,SerializeMiddleware
FNF:1
FNH:1
FNDA:1,SerializeMiddleware
DA:1,1
DA:7,3
DA:19,8
DA:24,0
DA:25,0
DA:28,0
LF:6
LH:3
BRDA:7,1,0,1
BRDA:7,1,1,0
BRDA:7,2,0,1
BRDA:7,2,1,0
BRDA:14,3,0,178
BRF:5
BRH:3
end_of_record
TN:
SF:/Users/Thomas/Documents/Kinvey/Development/SDKs/JavaScript/Core/SDK/src/rack/middleware/adapters/indexeddb.js
FN:28,IndexedDB
FN:71,(anonymous_15)
FN:91,(anonymous_16)
FN:102,(anonymous_17)
FN:109,(anonymous_18)
FN:120,wrap
FN:121,callbackFn
FN:133,(anonymous_21)
FN:144,(anonymous_22)
FN:149,(anonymous_23)
FN:158,(anonymous_27)
FN:159,(anonymous_28)
FN:159,_callee
FN:164,(anonymous_31)
FN:175,(anonymous_32)
FN:184,(anonymous_38)
FN:185,(anonymous_39)
FN:185,_callee3
FN:189,(anonymous_42)
FN:200,(anonymous_43)
FN:220,(anonymous_49)
FN:221,(anonymous_50)
FN:221,_callee5
FN:224,(anonymous_53)
FN:228,(anonymous_54)
FN:232,(anonymous_55)
FN:241,(anonymous_61)
FN:242,(anonymous_62)
FN:242,_callee7
FN:247,(anonymous_65)
FN:258,(anonymous_66)
FN:267,(anonymous_72)
FN:270,(anonymous_73)
FN:275,(anonymous_74)
FNF:34
FNH:0
FNDA:0,IndexedDB
FNDA:0,(anonymous_15)
FNDA:0,(anonymous_16)
FNDA:0,(anonymous_17)
FNDA:0,(anonymous_18)
FNDA:0,wrap
FNDA:0,callbackFn
FNDA:0,(anonymous_21)
FNDA:0,(anonymous_22)
FNDA:0,(anonymous_23)
FNDA:0,(anonymous_27)
FNDA:0,(anonymous_28)
FNDA:0,_callee
FNDA:0,(anonymous_31)
FNDA:0,(anonymous_32)
FNDA:0,(anonymous_38)
FNDA:0,(anonymous_39)
FNDA:0,_callee3
FNDA:0,(anonymous_42)
FNDA:0,(anonymous_43)
FNDA:0,(anonymous_49)
FNDA:0,(anonymous_50)
FNDA:0,_callee5
FNDA:0,(anonymous_53)
FNDA:0,(anonymous_54)
FNDA:0,(anonymous_55)
FNDA:0,(anonymous_61)
FNDA:0,(anonymous_62)
FNDA:0,_callee7
FNDA:0,(anonymous_65)
FNDA:0,(anonymous_66)
FNDA:0,(anonymous_72)
FNDA:0,(anonymous_73)
FNDA:0,(anonymous_74)
DA:1,1
DA:2,1
DA:3,1
DA:4,1
DA:5,1
DA:6,1
DA:8,1
DA:12,1
DA:18,1
DA:22,1
DA:28,0
DA:29,0
DA:30,0
DA:33,0
DA:34,0
DA:38,0
DA:39,0
DA:40,0
DA:43,0
DA:44,0
DA:46,0
DA:47,0
DA:50,0
DA:51,0
DA:52,0
DA:53,0
DA:55,0
DA:56,0
DA:59,0
DA:62,0
DA:64,0
DA:65,0
DA:70,0
DA:71,0
DA:72,0
DA:77,0
DA:78,0
DA:80,0
DA:81,0
DA:82,0
DA:83,0
DA:85,0
DA:91,0
DA:92,0
DA:93,0
DA:95,0
DA:96,0
DA:102,0
DA:103,0
DA:104,0
DA:109,0
DA:110,0
DA:111,0
DA:112,0
DA:113,0
DA:120,0
DA:121,0
DA:122,0
DA:125,0
DA:130,0
DA:131,0
DA:132,0
DA:133,0
DA:134,0
DA:138,0
DA:141,0
DA:144,0
DA:145,0
DA:149,0
DA:150,0
DA:154,0
DA:159,0
DA:160,0
DA:161,0
DA:162,0
DA:164,0
DA:165,0
DA:167,0
DA:168,0
DA:169,0
DA:172,0
DA:175,0
DA:177,0
DA:185,0
DA:186,0
DA:187,0
DA:189,0
DA:190,0
DA:192,0
DA:193,0
DA:195,0
DA:200,0
DA:201,0
DA:211,0
DA:212,0
DA:213,0
DA:221,0
DA:222,0
DA:224,0
DA:225,0
DA:228,0
DA:229,0
DA:232,0
DA:233,0
DA:242,0
DA:243,0
DA:244,0
DA:245,0
DA:247,0
DA:248,0
DA:250,0
DA:251,0
DA:253,0
DA:258,0
DA:259,0
DA:268,0
DA:270,0
DA:271,0
DA:272,0
DA:275,0
DA:276,0
DA:283,281
LF:122
LH:11
BRDA:8,1,0,0
BRDA:8,1,1,1
BRDA:12,2,0,1
BRDA:12,2,1,1
BRDA:12,2,2,1
BRDA:12,2,3,1
BRDA:12,2,4,1
BRDA:29,3,0,0
BRDA:29,3,1,0
BRDA:33,4,0,0
BRDA:33,4,1,0
BRDA:43,5,0,0
BRDA:43,5,1,0
BRDA:43,6,0,0
BRDA:43,6,1,0
BRDA:43,7,0,0
BRDA:43,7,1,0
BRDA:43,8,0,0
BRDA:43,8,1,0
BRDA:46,9,0,0
BRDA:46,9,1,0
BRDA:48,10,0,0
BRDA:48,10,1,0
BRDA:50,11,0,0
BRDA:50,11,1,0
BRDA:52,12,0,0
BRDA:52,12,1,0
BRDA:55,13,0,0
BRDA:55,13,1,0
BRDA:64,14,0,0
BRDA:64,14,1,0
BRDA:70,15,0,0
BRDA:70,15,1,0
BRDA:70,16,0,0
BRDA:70,16,1,0
BRDA:80,17,0,0
BRDA:80,17,1,0
BRDA:95,18,0,0
BRDA:95,18,1,0
BRDA:110,19,0,0
BRDA:110,19,1,0
BRDA:130,20,0,0
BRDA:130,20,1,0
BRDA:159,21,0,0
BRDA:159,21,1,0
BRDA:159,21,2,0
BRDA:167,22,0,0
BRDA:167,22,1,0
BRDA:185,23,0,0
BRDA:185,23,1,0
BRDA:185,23,2,0
BRDA:192,24,0,0
BRDA:192,24,1,0
BRDA:211,25,0,0
BRDA:211,25,1,0
BRDA:221,26,0,0
BRDA:221,26,1,0
BRDA:221,26,2,0
BRDA:229,27,0,0
BRDA:229,27,1,0
BRDA:242,28,0,0
BRDA:242,28,1,0
BRDA:242,28,2,0
BRDA:250,29,0,0
BRDA:250,29,1,0
BRF:65
BRH:6
end_of_record
TN:
SF:/Users/Thomas/Documents/Kinvey/Development/SDKs/JavaScript/Core/SDK/src/rack/middleware/adapters/localstorage.js
FN:15,LocalStorage
FN:31,(anonymous_21)
FN:54,(anonymous_26)
FN:86,(anonymous_35)
FNF:4
FNH:0
FNDA:0,LocalStorage
FNDA:0,(anonymous_21)
FNDA:0,(anonymous_26)
FNDA:0,(anonymous_35)
DA:1,1
DA:2,1
DA:3,1
DA:4,1
DA:5,1
DA:6,1
DA:7,1
DA:8,1
DA:9,1
DA:15,0
DA:16,0
DA:31,0
DA:44,0
DA:45,0
DA:46,0
DA:54,0
DA:55,0
DA:56,0
DA:58,0
DA:59,0
DA:63,0
DA:77,0
DA:78,0
DA:86,0
DA:87,0
DA:92,280
DA:93,0
DA:94,0
DA:95,0
DA:96,0
DA:97,0
DA:99,0
DA:103,280
LF:33
LH:11
BRDA:7,1,0,1
BRDA:7,1,1,1
BRDA:15,2,0,0
BRDA:15,2,1,0
BRDA:15,3,0,0
BRDA:15,3,1,0
BRDA:44,4,0,0
BRDA:44,4,1,0
BRDA:58,5,0,0
BRDA:58,5,1,0
BRDA:92,6,0,0
BRDA:92,6,1,280
BRF:12
BRH:3
end_of_record
TN:
SF:/Users/Thomas/Documents/Kinvey/Development/SDKs/JavaScript/Core/SDK/src/rack/middleware/adapters/memory.js
FN:16,Memory
FN:46,(anonymous_21)
FN:73,(anonymous_26)
FNF:3
FNH:3
FNDA:284,Memory
FNDA:8,(anonymous_21)
FNDA:56,(anonymous_26)
DA:1,1
DA:2,1
DA:3,1
DA:4,1
DA:5,1
DA:6,1
DA:7,1
DA:8,1
DA:9,1
DA:10,1
DA:16,284
DA:17,284
DA:18,2
DA:21,282
DA:22,2
DA:25,280
DA:26,280
DA:28,280
DA:29,3
DA:30,3
DA:46,8
DA:59,52
DA:60,6
DA:61,6
DA:69,52
DA:70,52
DA:73,52
DA:74,56
DA:77,52
DA:79,52
DA:85,43
DA:93,43
DA:94,43
DA:100,69
DA:105,282
LF:35
LH:35
BRDA:9,1,0,1
BRDA:9,1,1,1
BRDA:17,2,0,2
BRDA:17,2,1,282
BRDA:21,3,0,2
BRDA:21,3,1,280
BRDA:28,4,0,3
BRDA:28,4,1,277
BRDA:59,5,0,6
BRDA:59,5,1,46
BRDA:80,6,0,6
BRF:11
BRH:11
end_of_record
TN:
SF:/Users/Thomas/Documents/Kinvey/Development/SDKs/JavaScript/Core/SDK/src/rack/middleware/adapters/websql.js
FN:23,WebSQL
FN:40,(anonymous_15)
FN:42,(anonymous_16)
FN:51,(anonymous_17)
FN:54,(anonymous_18)
FN:80,(anonymous_19)
FN:91,(anonymous_20)
FN:99,(anonymous_21)
FN:130,(anonymous_33)
FN:179,(anonymous_42)
FN:180,(anonymous_43)
FNF:11
FNH:0
FNDA:0,WebSQL
FNDA:0,(anonymous_15)
FNDA:0,(anonymous_16)
FNDA:0,(anonymous_17)
FNDA:0,(anonymous_18)
FNDA:0,(anonymous_19)
FNDA:0,(anonymous_20)
FNDA:0,(anonymous_21)
FNDA:0,(anonymous_33)
FNDA:0,(anonymous_42)
FNDA:0,(anonymous_43)
DA:1,1
DA:2,1
DA:3,1
DA:4,1
DA:5,1
DA:6,1
DA:7,1
DA:8,1
DA:10,1
DA:11,1
DA:13,1
DA:14,0
DA:23,0
DA:24,0
DA:27,0
DA:28,0
DA:29,0
DA:30,0
DA:31,0
DA:33,0
DA:35,0
DA:36,0
DA:37,0
DA:40,0
DA:41,0
DA:42,0
DA:43,0
DA:44,0
DA:48,0
DA:49,0
DA:51,0
DA:52,0
DA:54,0
DA:55,0
DA:60,0
DA:61,0
DA:62,0
DA:63,0
DA:64,0
DA:65,0
DA:72,0
DA:73,0
DA:75,0
DA:76,0
DA:81,0
DA:83,0
DA:84,0
DA:88,0
DA:89,0
DA:91,0
DA:92,0
DA:93,0
DA:97,0
DA:100,0
DA:106,0
DA:130,0
DA:131,0
DA:136,0
DA:151,0
DA:179,0
DA:180,0
DA:182,0
DA:187,280
LF:63
LH:12
BRDA:7,1,0,1
BRDA:7,1,1,1
BRDA:13,2,0,0
BRDA:13,2,1,1
BRDA:15,3,0,0
BRDA:15,3,1,0
BRDA:23,4,0,0
BRDA:23,4,1,0
BRDA:23,5,0,0
BRDA:23,5,1,0
BRDA:27,6,0,0
BRDA:27,6,1,0
BRDA:27,7,0,0
BRDA:27,7,1,0
BRDA:33,8,0,0
BRDA:33,8,1,0
BRDA:35,9,0,0
BRDA:35,9,1,0
BRDA:41,10,0,0
BRDA:41,10,1,0
BRDA:42,11,0,0
BRDA:42,11,1,0
BRDA:43,12,0,0
BRDA:43,12,1,0
BRDA:43,13,0,0
BRDA:43,13,1,0
BRDA:60,14,0,0
BRDA:60,14,1,0
BRDA:64,15,0,0
BRDA:64,15,1,0
BRDA:75,16,0,0
BRDA:75,16,1,0
BRDA:76,17,0,0
BRDA:76,17,1,0
BRDA:81,18,0,0
BRDA:81,18,1,0
BRDA:83,19,0,0
BRDA:83,19,1,0
BRDA:83,20,0,0
BRDA:83,20,1,0
BRDA:92,21,0,0
BRDA:92,21,1,0
BRDA:151,22,0,0
BRDA:151,22,1,0
BRF:44
BRH:3
end_of_record
TN:
SF:/Users/Thomas/Documents/Kinvey/Development/SDKs/JavaScript/Core/SDK/src/requests/cache.js
FN:10,CacheRequest
FNF:1
FNH:1
FNDA:275,CacheRequest
DA:1,1
DA:2,1
DA:3,1
DA:4,1
DA:10,825
DA:12,275
DA:20,275
DA:30,275
DA:31,275
DA:36,275
LF:10
LH:10
BRDA:30,1,0,275
BRDA:30,1,1,0
BRF:2
BRH:1
end_of_record
TN:
SF:/Users/Thomas/Documents/Kinvey/Development/SDKs/JavaScript/Core/SDK/src/requests/deltafetch.js
FN:63,(anonymous_23)
FN:86,(anonymous_26)
FN:91,(anonymous_27)
FN:132,(anonymous_28)
FNF:4
FNH:0
FNDA:0,(anonymous_23)
FNDA:0,(anonymous_26)
FNDA:0,(anonymous_27)
FNDA:0,(anonymous_28)
DA:2,1
DA:3,1
DA:4,1
DA:5,1
DA:6,1
DA:7,1
DA:8,1
DA:9,1
DA:10,1
DA:11,1
DA:12,1
DA:13,1
DA:14,1
DA:15,1
DA:16,1
DA:17,1
DA:24,0
DA:29,0
DA:30,0
DA:34,0
DA:37,0
DA:39,0
DA:40,0
DA:46,0
DA:63,0
DA:69,0
DA:75,0
DA:86,0
DA:91,0
DA:92,0
DA:93,0
DA:95,0
DA:96,0
DA:98,0
DA:100,0
DA:103,0
DA:111,0
DA:112,0
DA:113,0
DA:115,0
DA:116,0
DA:126,0
DA:127,0
DA:128,0
DA:133,0
DA:134,0
DA:135,0
DA:136,0
DA:137,0
DA:140,0
DA:146,0
DA:148,0
DA:149,0
DA:150,0
DA:151,0
LF:55
LH:16
BRDA:15,1,0,1
BRDA:15,1,1,1
BRDA:16,2,0,1
BRDA:16,2,1,1
BRDA:72,3,0,0
BRDA:95,4,0,0
BRDA:95,4,1,0
BRDA:96,5,0,0
BRDA:96,5,1,0
BRDA:96,6,0,0
BRDA:96,6,1,0
BRDA:96,6,2,0
BRDA:114,7,0,0
BRDA:114,7,1,0
BRDA:133,8,0,0
BRDA:133,8,1,0
BRDA:148,9,0,0
BRDA:148,9,1,0
BRDA:29,10,0,0
BRDA:29,10,1,0
BRDA:38,11,0,0
BRDA:38,11,1,0
BRDA:38,11,2,0
BRDA:38,11,3,0
BRDA:38,11,4,0
BRDA:38,11,5,0
BRF:26
BRH:4
end_of_record
TN:
SF:/Users/Thomas/Documents/Kinvey/Development/SDKs/JavaScript/Core/SDK/src/requests/network.js
FN:16,NetworkRequest
FN:74,(anonymous_20)
FN:96,(anonymous_21)
FN:124,(anonymous_24)
FNF:4
FNH:1
FNDA:178,NetworkRequest
FNDA:0,(anonymous_20)
FNDA:0,(anonymous_21)
FNDA:0,(anonymous_24)
DA:1,1
DA:2,1
DA:3,1
DA:4,1
DA:5,1
DA:6,1
DA:7,1
DA:8,1
DA:9,1
DA:10,1
DA:16,534
DA:18,178
DA:19,178
DA:26,178
DA:32,178
DA:33,178
DA:47,0
DA:73,0
DA:74,0
DA:79,0
DA:80,0
DA:95,0
DA:96,0
DA:99,0
DA:100,0
DA:110,0
DA:113,0
DA:123,0
DA:124,0
DA:125,0
LF:30
LH:16
BRDA:7,1,0,1
BRDA:7,1,1,1
BRDA:8,2,0,1
BRDA:8,2,1,1
BRDA:9,3,0,1
BRDA:9,3,1,1
BRDA:10,4,0,1
BRDA:10,4,1,1
BRDA:32,5,0,178
BRDA:32,5,1,0
BRDA:46,6,0,1
BRDA:51,7,0,0
BRF:12
BRH:10
end_of_record
TN:
SF:/Users/Thomas/Documents/Kinvey/Development/SDKs/JavaScript/Core/SDK/src/requests/request.js
FN:24,byteCount
FN:66,all
FN:66,app
FN:66,basic
FN:66,master
FN:66,none
FN:66,session
FN:157,Headers
FN:217,(anonymous_30)
FN:293,(anonymous_41)
FN:314,RequestConfig
FN:437,KinveyRequestConfig
FN:671,Request
FN:758,KinveyRequest
FNF:14
FNH:13
FNDA:4,byteCount
FNDA:4,all
FNDA:132,app
FNDA:2,basic
FNDA:2,master
FNDA:273,none
FNDA:236,session
FNDA:1359,Headers
FNDA:177,(anonymous_30)
FNDA:0,(anonymous_41)
FNDA:453,RequestConfig
FNDA:453,KinveyRequestConfig
FNDA:453,Request
FNDA:453,KinveyRequest
DA:1,1
DA:2,1
DA:3,1
DA:4,1
DA:5,1
DA:6,1
DA:7,1
DA:8,1
DA:9,1
DA:10,1
DA:11,1
DA:12,1
DA:13,1
DA:14,1
DA:15,1
DA:16,1
DA:17,1
DA:18,1
DA:19,1
DA:25,4
DA:26,4
DA:27,4
DA:29,4
DA:30,60
DA:31,60
DA:34,4
DA:40,1
DA:49,1
DA:56,1
DA:63,1
DA:66,1
DA:74,4
DA:75,4
DA:77,2
DA:87,132
DA:88,0
DA:91,132
DA:104,2
DA:105,2
DA:107,2
DA:117,2
DA:118,2
DA:121,0
DA:134,273
DA:143,236
DA:145,236
DA:146,2
DA:149,234
DA:157,2718
DA:158,1359
DA:162,1739
DA:163,1739
DA:164,0
DA:167,1739
DA:168,1739
DA:170,1739
DA:171,2568
DA:173,2568
DA:174,380
DA:179,1359
DA:183,2545
DA:184,0
DA:187,2545
DA:188,0
DA:191,2545
DA:193,2545
DA:194,453
DA:196,2092
DA:199,2545
DA:203,1731
DA:206,0
DA:207,0
DA:210,1359
DA:211,1359
DA:212,0
DA:215,1359
DA:217,1359
DA:218,177
DA:219,177
DA:224,0
DA:225,0
DA:226,0
DA:229,0
DA:230,0
DA:231,0
DA:236,0
DA:240,0
DA:253,0
DA:255,0
DA:256,0
DA:259,0
DA:270,0
DA:271,0
DA:272,0
DA:273,0
DA:277,0
DA:279,0
DA:280,0
DA:285,0
DA:288,0
DA:289,0
DA:290,0
DA:293,0
DA:294,0
DA:296,0
DA:297,0
DA:299,0
DA:305,0
DA:309,0
DA:314,906
DA:315,453
DA:325,453
DA:326,453
DA:327,453
DA:328,453
DA:329,453
DA:330,453
DA:331,453
DA:335,453
DA:339,458
DA:340,0
DA:343,458
DA:344,458
DA:350,458
DA:351,458
DA:353,0
DA:358,639
DA:360,639
DA:361,453
DA:364,639
DA:365,453
DA:368,639
DA:372,906
DA:373,0
DA:376,906
DA:382,178
DA:383,0
DA:388,178
DA:392,458
DA:396,639
DA:400,466
DA:404,0
DA:408,0
DA:412,0
DA:416,906
DA:420,0
DA:424,453
DA:428,178
DA:432,453
DA:437,1812
DA:440,453
DA:452,453
DA:453,453
DA:454,453
DA:455,453
DA:456,453
DA:457,453
DA:458,453
DA:459,453
DA:460,453
DA:462,453
DA:463,453
DA:470,453
DA:471,0
DA:474,453
DA:475,0
DA:476,0
DA:479,453
DA:483,639
DA:485,639
DA:486,639
DA:489,639
DA:490,4
DA:491,4
DA:493,4
DA:494,0
DA:500,4
DA:503,639
DA:504,0
DA:507,639
DA:508,639
DA:510,639
DA:512,4
DA:513,4
DA:515,130
DA:516,130
DA:518,0
DA:519,0
DA:521,0
DA:522,0
DA:524,273
DA:525,273
DA:527,130
DA:528,130
DA:530,102
DA:531,102
DA:533,0
DA:534,0
DA:536,0
DA:541,639
DA:542,366
DA:544,366
DA:545,132
DA:548,366
DA:552,639
DA:556,906
DA:560,178
DA:561,178
DA:563,178
DA:564,178
DA:567,0
DA:570,1832
DA:571,458
DA:572,458
DA:573,458
DA:575,458
DA:576,458
DA:577,458
DA:581,453
DA:585,453
DA:589,0
DA:593,453
DA:597,0
DA:601,453
DA:605,643
DA:609,453
DA:613,639
DA:617,453
DA:618,453
DA:619,0
DA:622,453
DA:625,453
DA:634,1278
DA:645,453
DA:646,453
DA:647,453
DA:648,453
DA:649,453
DA:651,453
DA:652,453
DA:655,453
DA:656,453
DA:659,453
DA:660,453
DA:663,453
DA:671,906
DA:672,453
DA:673,453
DA:677,2579
DA:681,453
DA:682,0
DA:685,453
DA:689,453
DA:693,5
DA:697,186
DA:701,0
DA:705,178
DA:709,5
DA:713,639
DA:717,13
DA:721,178
DA:725,0
DA:729,453
DA:738,453
DA:742,0
DA:750,0
DA:758,1359
DA:760,453
DA:764,2579
DA:768,453
DA:769,274
DA:772,453
DA:776,275
DA:780,0
DA:784,275
DA:788,275
DA:792,275
DA:796,0
DA:797,0
DA:798,0
LF:280
LH:209
BRDA:16,1,0,1
BRDA:16,1,1,1
BRDA:17,2,0,1
BRDA:17,2,1,1
BRDA:18,3,0,1
BRDA:18,3,1,1
BRDA:19,4,0,1
BRDA:19,4,1,1
BRDA:27,5,0,4
BRDA:27,5,1,0
BRDA:31,6,0,48
BRDA:31,6,1,12
BRDA:87,7,0,0
BRDA:87,7,1,132
BRDA:87,8,0,132
BRDA:87,8,1,132
BRDA:117,9,0,2
BRDA:117,9,1,0
BRDA:117,10,0,2
BRDA:117,10,1,2
BRDA:145,11,0,2
BRDA:145,11,1,234
BRDA:157,12,0,906
BRDA:157,12,1,453
BRDA:157,13,0,1359
BRDA:157,13,1,453
BRDA:162,14,0,1739
BRDA:162,14,1,0
BRDA:163,15,0,0
BRDA:163,15,1,1739
BRDA:167,16,0,1739
BRDA:167,16,1,453
BRDA:173,17,0,380
BRDA:173,17,1,2188
BRDA:183,18,0,0
BRDA:183,18,1,2545
BRDA:183,19,0,2545
BRDA:183,19,1,2545
BRDA:187,20,0,0
BRDA:187,20,1,2545
BRDA:191,21,0,2545
BRDA:191,21,1,630
BRDA:193,22,0,453
BRDA:193,22,1,2092
BRDA:206,23,0,0
BRDA:206,23,1,0
BRDA:206,24,0,0
BRDA:206,24,1,0
BRDA:211,25,0,0
BRDA:211,25,1,1359
BRDA:224,26,0,0
BRDA:224,26,1,0
BRDA:225,27,0,0
BRDA:225,27,1,0
BRDA:229,28,0,0
BRDA:229,28,1,0
BRDA:255,29,0,0
BRDA:255,29,1,0
BRDA:255,30,0,0
BRDA:255,30,1,0
BRDA:279,31,0,0
BRDA:279,31,1,0
BRDA:279,32,0,0
BRDA:279,32,1,0
BRDA:289,33,0,0
BRDA:289,33,1,0
BRDA:296,34,0,0
BRDA:296,34,1,0
BRDA:314,35,0,0
BRDA:314,35,1,453
BRDA:314,36,0,453
BRDA:314,36,1,453
BRDA:339,37,0,0
BRDA:339,37,1,458
BRDA:345,38,0,107
BRDA:345,38,1,284
BRDA:345,38,2,284
BRDA:345,38,3,293
BRDA:345,38,4,458
BRDA:345,38,5,0
BRDA:360,39,0,453
BRDA:360,39,1,186
BRDA:364,40,0,453
BRDA:364,40,1,186
BRDA:372,41,0,0
BRDA:372,41,1,906
BRDA:382,42,0,0
BRDA:382,42,1,178
BRDA:416,43,0,2
BRDA:416,43,1,904
BRDA:437,44,0,0
BRDA:437,44,1,453
BRDA:437,45,0,453
BRDA:437,45,1,453
BRDA:462,46,0,453
BRDA:462,46,1,0
BRDA:470,47,0,0
BRDA:470,47,1,453
BRDA:474,48,0,0
BRDA:474,48,1,453
BRDA:485,49,0,639
BRDA:485,49,1,0
BRDA:489,50,0,4
BRDA:489,50,1,635
BRDA:493,51,0,0
BRDA:493,51,1,4
BRDA:503,52,0,0
BRDA:503,52,1,639
BRDA:507,53,0,639
BRDA:507,53,1,0
BRDA:511,54,0,4
BRDA:511,54,1,130
BRDA:511,54,2,0
BRDA:511,54,3,0
BRDA:511,54,4,273
BRDA:511,54,5,130
BRDA:511,54,6,102
BRDA:541,55,0,366
BRDA:541,55,1,273
BRDA:544,56,0,132
BRDA:544,56,1,234
BRDA:561,57,0,0
BRDA:561,57,1,178
BRDA:563,58,0,178
BRDA:563,58,1,0
BRDA:574,59,0,458
BRDA:574,59,1,0
BRDA:575,60,0,458
BRDA:575,60,1,0
BRDA:576,61,0,391
BRDA:576,61,1,67
BRDA:577,62,0,89
BRDA:577,62,1,369
BRDA:585,63,0,453
BRDA:585,63,1,0
BRDA:617,64,0,453
BRDA:617,64,1,0
BRDA:618,65,0,0
BRDA:618,65,1,453
BRDA:651,66,0,453
BRDA:651,66,1,0
BRDA:655,67,0,453
BRDA:655,67,1,0
BRDA:659,68,0,453
BRDA:659,68,1,0
BRDA:671,69,0,0
BRDA:671,69,1,453
BRDA:671,70,0,453
BRDA:671,70,1,453
BRDA:681,71,0,0
BRDA:681,71,1,453
BRDA:681,72,0,453
BRDA:681,72,1,453
BRDA:768,73,0,274
BRDA:768,73,1,179
BRDA:768,74,0,453
BRDA:768,74,1,453
BRF:157
BRH:100
end_of_record
TN:
SF:/Users/Thomas/Documents/Kinvey/Development/SDKs/JavaScript/Core/SDK/src/requests/response.js
FN:37,ResponseConfig
FN:76,Response
FNF:2
FNH:2
FNDA:453,ResponseConfig
FNDA:453,Response
DA:1,1
DA:16,1
DA:17,1
DA:18,1
DA:24,1
DA:33,1
DA:37,906
DA:38,453
DA:44,453
DA:45,453
DA:46,453
DA:50,0
DA:54,453
DA:55,453
DA:58,453
DA:62,309
DA:66,453
DA:76,906
DA:77,453
DA:81,1220
DA:85,453
DA:86,0
DA:89,453
DA:93,911
DA:97,0
DA:101,0
DA:105,0
DA:109,309
DA:113,0
DA:117,0
DA:118,0
DA:121,0
DA:125,454
DA:131,1220
DA:135,453
DA:136,0
DA:139,453
DA:143,1
DA:144,0
DA:147,1
DA:148,1
DA:149,1
DA:150,1
DA:151,1
DA:153,1
DA:154,0
DA:155,1
DA:156,0
DA:157,1
DA:158,0
DA:159,1
DA:160,0
DA:161,1
DA:162,0
DA:163,1
DA:164,0
DA:165,1
DA:166,0
DA:167,1
DA:168,0
DA:169,1
DA:170,0
DA:171,1
DA:172,0
DA:173,1
DA:180,0
DA:181,1
DA:182,0
DA:185,1
LF:69
LH:46
BRDA:37,1,0,0
BRDA:37,1,1,453
BRDA:37,2,0,453
BRDA:37,2,1,453
BRDA:54,3,0,453
BRDA:54,3,1,0
BRDA:76,4,0,0
BRDA:76,4,1,453
BRDA:76,5,0,453
BRDA:76,5,1,453
BRDA:125,6,0,454
BRDA:125,6,1,454
BRDA:125,6,2,2
BRDA:85,7,0,0
BRDA:85,7,1,453
BRDA:85,8,0,453
BRDA:85,8,1,453
BRDA:117,9,0,0
BRDA:117,9,1,0
BRDA:135,10,0,0
BRDA:135,10,1,453
BRDA:135,11,0,453
BRDA:135,11,1,453
BRDA:143,12,0,0
BRDA:143,12,1,1
BRDA:147,13,0,1
BRDA:147,13,1,1
BRDA:148,14,0,1
BRDA:148,14,1,1
BRDA:149,15,0,1
BRDA:149,15,1,1
BRDA:153,16,0,0
BRDA:153,16,1,1
BRDA:155,17,0,0
BRDA:155,17,1,1
BRDA:157,18,0,0
BRDA:157,18,1,1
BRDA:159,19,0,0
BRDA:159,19,1,1
BRDA:161,20,0,0
BRDA:161,20,1,1
BRDA:163,21,0,0
BRDA:163,21,1,1
BRDA:165,22,0,0
BRDA:165,22,1,1
BRDA:167,23,0,0
BRDA:167,23,1,1
BRDA:169,24,0,0
BRDA:169,24,1,1
BRDA:171,25,0,0
BRDA:171,25,1,1
BRDA:173,26,0,0
BRDA:173,26,1,1
BRDA:173,27,0,1
BRDA:173,27,1,1
BRDA:173,27,2,1
BRDA:173,27,3,1
BRDA:173,27,4,1
BRDA:173,27,5,1
BRDA:173,27,6,1
BRDA:181,28,0,0
BRDA:181,28,1,1
BRF:62
BRH:42
end_of_record
TN:
SF:/Users/Thomas/Documents/Kinvey/Development/SDKs/JavaScript/Core/SDK/src/utils/object.js
FN:7,nested
FN:26,isDefined
FN:33,use
FN:34,(anonymous_5)
FN:35,(anonymous_6)
FN:37,(anonymous_7)
FNF:6
FNH:2
FNDA:8,nested
FNDA:5,isDefined
FNDA:0,use
FNDA:0,(anonymous_5)
FNDA:0,(anonymous_6)
FNDA:0,(anonymous_7)
DA:1,1
DA:2,1
DA:8,8
DA:9,2
DA:10,2
DA:13,6
DA:14,6
DA:15,6
DA:16,9
DA:17,9
DA:20,6
DA:27,5
DA:34,0
DA:35,0
DA:36,0
DA:37,0
DA:38,0
LF:17
LH:12
BRDA:8,1,0,2
BRDA:8,1,1,6
BRDA:9,2,0,1
BRDA:9,2,1,1
BRDA:15,3,0,15
BRDA:15,3,1,9
BRDA:20,4,0,2
BRDA:20,4,1,4
BRDA:27,5,0,5
BRDA:27,5,1,4
BRDA:34,6,0,0
BRDA:34,6,1,0
BRDA:34,7,0,0
BRDA:34,7,1,0
BRDA:36,8,0,0
BRDA:36,8,1,0
BRF:16
BRH:10
end_of_record
TN:
SF:/Users/Thomas/Documents/Kinvey/Development/SDKs/JavaScript/Core/SDK/src/utils/observable.js
FNF:0
FNH:0
DA:1,1
DA:2,1
DA:6,45
DA:10,79
LF:4
LH:4
BRF:0
BRH:0
end_of_record
TN:
SF:/Users/Thomas/Documents/Kinvey/Development/SDKs/JavaScript/Core/SDK/src/utils/storage.js
FN:8,getActiveUser
FN:13,setActiveUser
FN:26,getActiveSocialIdentity
FN:31,setActiveSocialIdentity
FN:44,getSyncKey
FN:49,setSyncKey
FNF:6
FNH:4
FNDA:655,getActiveUser
FNDA:130,setActiveUser
FNDA:0,getActiveSocialIdentity
FNDA:0,setActiveSocialIdentity
FNDA:22,getSyncKey
FNDA:22,setSyncKey
DA:1,1
DA:2,1
DA:3,1
DA:5,1
DA:9,655
DA:14,130
DA:15,65
DA:16,65
DA:18,0
DA:22,65
DA:27,0
DA:32,0
DA:33,0
DA:34,0
DA:36,0
DA:40,0
DA:45,22
DA:50,22
DA:51,22
DA:52,22
DA:54,0
DA:58,0
LF:22
LH:13
BRDA:2,1,0,1
BRDA:2,1,1,1
BRDA:3,2,0,1
BRDA:3,2,1,1
BRDA:5,3,0,1
BRDA:5,3,1,1
BRDA:14,4,0,65
BRDA:14,4,1,65
BRDA:32,5,0,0
BRDA:32,5,1,0
BRDA:50,6,0,22
BRDA:50,6,1,0
BRF:12
BRH:9
end_of_record
TN:
SF:/Users/Thomas/Documents/Kinvey/Development/SDKs/JavaScript/Core/SDK/src/utils/string.js
FN:3,randomString
FNF:1
FNH:1
FNDA:224,randomString
DA:1,1
DA:3,224
DA:4,224
LF:3
LH:3
BRDA:3,1,0,224
BRDA:3,1,1,0
BRDA:3,2,0,224
BRDA:3,2,1,0
BRF:4
BRH:2
end_of_record
